
Showing logs for build [32mseldonio-seldon-core-pr-1163-in-b79zq-6[0m stage [32mend-to-end[0m and container [32mstep-credential-initializer-sx6gv[0m
{"level":"warn","ts":1575112077.6211386,"logger":"fallback-logger","caller":"logging/config.go:69","msg":"Fetch GitHub commit ID from kodata failed: \"ref: refs/heads/master\" is not a valid GitHub commit ID"}
{"level":"info","ts":1575112077.621743,"logger":"fallback-logger","caller":"creds-init/main.go:40","msg":"Credentials initialized."}

Showing logs for build [32mseldonio-seldon-core-pr-1163-in-b79zq-6[0m stage [32mend-to-end[0m and container [32mstep-working-dir-initializer-2rwgb[0m
{"level":"warn","ts":1575112078.6291394,"logger":"fallback-logger","caller":"logging/config.go:69","msg":"Fetch GitHub commit ID from kodata failed: open /var/run/ko/HEAD: no such file or directory"}
{"level":"info","ts":1575112078.6306822,"logger":"fallback-logger","caller":"bash/main.go:65","msg":"Successfully executed command \"mkdir -p /workspace/source\""}

Showing logs for build [32mseldonio-seldon-core-pr-1163-in-b79zq-6[0m stage [32mend-to-end[0m and container [32mstep-place-tools[0m

Showing logs for build [32mseldonio-seldon-core-pr-1163-in-b79zq-6[0m stage [32mend-to-end[0m and container [32mstep-git-source-seldonio-seldon-core-pr-1163-in-q9vq5[0m
{"level":"warn","ts":1575112085.834783,"logger":"fallback-logger","caller":"logging/config.go:69","msg":"Fetch GitHub commit ID from kodata failed: \"ref: refs/heads/master\" is not a valid GitHub commit ID"}
{"level":"info","ts":1575112088.2520783,"logger":"fallback-logger","caller":"git/git.go:102","msg":"Successfully cloned https://github.com/SeldonIO/seldon-core.git @ master in path /workspace/source"}

Showing logs for build [32mseldonio-seldon-core-pr-1163-in-b79zq-6[0m stage [32mend-to-end[0m and container [32mstep-git-merge[0m
Using SHAs from PULL_REFS=master:08c7c8517d3af4a44368501d45f6ad115981d836,1163:90a66c378fe944dddcc277cc8519c271175e8a96
DEBUG: ran git fetch --unshallow origin 90a66c378fe944dddcc277cc8519c271175e8a96: 08c7c8517d3af4a44368501d45f6ad115981d836: in 
DEBUG: ran git checkout master in 
DEBUG: ran git reset --hard 08c7c8517d3af4a44368501d45f6ad115981d836 in 
DEBUG: ran clean --force -d . in 
DEBUG: ran git merge 90a66c378fe944dddcc277cc8519c271175e8a96 in 
Merged SHA 40b082968cfc4c54656e9907cc4768734520304d with commit message 'Merge commit '90a66c378fe944dddcc277cc8519c271175e8a96'' into base branch master
Merged SHA 90a66c378fe944dddcc277cc8519c271175e8a96 with commit message 'correction to IsPrepack check' into base branch master
Merged SHA 897f76ff2355625beec121556b840d5ef1f99512 with commit message 'grant read on configmaps' into base branch master

Showing logs for build [32mseldonio-seldon-core-pr-1163-in-b79zq-6[0m stage [32mend-to-end[0m and container [32mstep-test-end-to-end[0m
Starting Docker: docker.
[SETUP] Waiting for Docker to be ready, sleeping for 1 seconds ...
kind create cluster --config kind_config.yaml
Creating cluster "kind" ...
 ‚Ä¢ Ensuring node image (kindest/node:v1.15.3) üñº  ...
 ‚úì Ensuring node image (kindest/node:v1.15.3) üñº
 ‚Ä¢ Preparing nodes üì¶üì¶  ...
 ‚úì Preparing nodes üì¶üì¶
 ‚Ä¢ Creating kubeadm config üìú  ...
 ‚úì Creating kubeadm config üìú
 ‚Ä¢ Starting control-plane üïπÔ∏è  ...
 ‚úì Starting control-plane üïπÔ∏è
 ‚Ä¢ Installing CNI üîå  ...
 ‚úì Installing CNI üîå
 ‚Ä¢ Installing StorageClass üíæ  ...
 ‚úì Installing StorageClass üíæ
 ‚Ä¢ Joining worker nodes üöú  ...
 ‚úì Joining worker nodes üöú
Cluster creation complete. You can now use the cluster with:

export KUBECONFIG="$(kind get kubeconfig-path --name="kind")"
kubectl cluster-info
Files changed in python folder:
SKIPPING PYTHON IMAGE BUILD...
Files changed in operator folder:
operator/README.md
operator/api/v1alpha2/seldondeployment_webhook.go
operator/config/rbac/role_sas.yaml
operator/controllers/seldondeployment_prepackaged_servers.go
cd ../../operator && make kind-image-install
make[1]: Entering directory '/workspace/source/operator'
go get sigs.k8s.io/controller-tools/cmd/controller-gen@v0.2.0
go: finding sigs.k8s.io v0.2.0
go: finding sigs.k8s.io/controller-tools/cmd/controller-gen v0.2.0
go: finding sigs.k8s.io/controller-tools/cmd v0.2.0
go: finding sigs.k8s.io/controller-tools v0.2.0
go: downloading sigs.k8s.io/controller-tools v0.2.0
go: extracting sigs.k8s.io/controller-tools v0.2.0
go: downloading k8s.io/api v0.0.0-20190409021203-6e4e0e4f393b
go: downloading sigs.k8s.io/yaml v1.1.0
go: downloading k8s.io/apiextensions-apiserver v0.0.0-20190409022649-727a075fdec8
go: downloading github.com/gobuffalo/flect v0.1.5
go: downloading k8s.io/apimachinery v0.0.0-20190404173353-6a84e37a896d
go: downloading golang.org/x/tools v0.0.0-20190501045030-23463209683d
go: downloading github.com/fatih/color v1.7.0
go: extracting sigs.k8s.io/yaml v1.1.0
go: downloading github.com/spf13/cobra v0.0.3
go: extracting github.com/fatih/color v1.7.0
go: downloading gopkg.in/yaml.v2 v2.2.2
go: downloading github.com/mattn/go-colorable v0.1.2
go: extracting github.com/gobuffalo/flect v0.1.5
go: downloading github.com/mattn/go-isatty v0.0.8
go: extracting github.com/mattn/go-colorable v0.1.2
go: extracting gopkg.in/yaml.v2 v2.2.2
go: extracting github.com/spf13/cobra v0.0.3
go: extracting github.com/mattn/go-isatty v0.0.8
go: downloading golang.org/x/sys v0.0.0-20190621203818-d432491b9138
go: downloading github.com/spf13/pflag v1.0.3
go: downloading github.com/inconshreveable/mousetrap v1.0.0
go: extracting github.com/inconshreveable/mousetrap v1.0.0
go: extracting k8s.io/apiextensions-apiserver v0.0.0-20190409022649-727a075fdec8
go: extracting github.com/spf13/pflag v1.0.3
go: extracting k8s.io/apimachinery v0.0.0-20190404173353-6a84e37a896d
go: downloading github.com/gogo/protobuf v1.2.1
go: extracting k8s.io/api v0.0.0-20190409021203-6e4e0e4f393b
go: downloading gopkg.in/inf.v0 v0.9.1
go: downloading k8s.io/klog v0.3.3
go: downloading github.com/google/gofuzz v1.0.0
go: downloading golang.org/x/net v0.0.0-20190620200207-3b0461eec859
go: extracting gopkg.in/inf.v0 v0.9.1
go: extracting github.com/google/gofuzz v1.0.0
go: extracting k8s.io/klog v0.3.3
go: extracting golang.org/x/tools v0.0.0-20190501045030-23463209683d
go: extracting golang.org/x/sys v0.0.0-20190621203818-d432491b9138
go: extracting golang.org/x/net v0.0.0-20190620200207-3b0461eec859
go: extracting github.com/gogo/protobuf v1.2.1
go: downloading golang.org/x/text v0.3.2
go: extracting golang.org/x/text v0.3.2
go: finding github.com/spf13/cobra v0.0.3
go: finding golang.org/x/tools v0.0.0-20190501045030-23463209683d
go: finding github.com/fatih/color v1.7.0
go: finding k8s.io/api v0.0.0-20190409021203-6e4e0e4f393b
go: finding github.com/gobuffalo/flect v0.1.5
go: finding k8s.io/apimachinery v0.0.0-20190404173353-6a84e37a896d
go: finding k8s.io/apiextensions-apiserver v0.0.0-20190409022649-727a075fdec8
go: finding github.com/mattn/go-colorable v0.1.2
go: finding sigs.k8s.io/yaml v1.1.0
go: finding github.com/spf13/pflag v1.0.3
go: finding github.com/mattn/go-isatty v0.0.8
go: finding github.com/gogo/protobuf v1.2.1
go: finding github.com/google/gofuzz v1.0.0
go: finding gopkg.in/inf.v0 v0.9.1
go: finding gopkg.in/yaml.v2 v2.2.2
go: finding golang.org/x/sys v0.0.0-20190621203818-d432491b9138
go: finding k8s.io/klog v0.3.3
go: finding golang.org/x/net v0.0.0-20190620200207-3b0461eec859
go: finding golang.org/x/text v0.3.2
/builder/home/go/bin/controller-gen object:headerFile=./hack/boilerplate.go.txt paths="./..."
go fmt ./...
go vet ./...
go: downloading github.com/google/go-cmp v0.3.1
go: downloading github.com/onsi/ginkgo v1.8.0
go: downloading github.com/gophercloud/gophercloud v0.4.0
go: downloading github.com/onsi/gomega v1.5.0
go: downloading github.com/Azure/go-autorest/autorest v0.9.2
go: downloading sigs.k8s.io/testing_frameworks v0.1.1
go: extracting sigs.k8s.io/testing_frameworks v0.1.1
go: extracting github.com/google/go-cmp v0.3.1
go: extracting github.com/onsi/gomega v1.5.0
go: extracting github.com/onsi/ginkgo v1.8.0
go: extracting github.com/Azure/go-autorest/autorest v0.9.2
go: downloading github.com/Azure/go-autorest/logger v0.1.0
go: downloading github.com/Azure/go-autorest/tracing v0.5.0
go: downloading github.com/Azure/go-autorest/autorest/adal v0.7.0
go: downloading github.com/hpcloud/tail v1.0.0
go: extracting github.com/Azure/go-autorest/tracing v0.5.0
go: extracting github.com/Azure/go-autorest/logger v0.1.0
go: extracting github.com/hpcloud/tail v1.0.0
go: downloading gopkg.in/tomb.v1 v1.0.0-20141024135613-dd632973f1e7
go: extracting github.com/Azure/go-autorest/autorest/adal v0.7.0
go: extracting gopkg.in/tomb.v1 v1.0.0-20141024135613-dd632973f1e7
go: downloading github.com/Azure/go-autorest/autorest/date v0.2.0
go: downloading github.com/dgrijalva/jwt-go v3.2.0+incompatible
go: extracting github.com/Azure/go-autorest/autorest/date v0.2.0
go: extracting github.com/dgrijalva/jwt-go v3.2.0+incompatible
go: extracting github.com/gophercloud/gophercloud v0.4.0
go: finding github.com/onsi/ginkgo v1.8.0
go: finding github.com/onsi/gomega v1.5.0
go: finding github.com/gophercloud/gophercloud v0.4.0
go: finding sigs.k8s.io/testing_frameworks v0.1.1
go: finding github.com/Azure/go-autorest/autorest v0.9.2
go: finding github.com/Azure/go-autorest/autorest/adal v0.7.0
go: finding github.com/hpcloud/tail v1.0.0
go: finding github.com/Azure/go-autorest/tracing v0.5.0
go: finding github.com/Azure/go-autorest/logger v0.1.0
go: finding gopkg.in/tomb.v1 v1.0.0-20141024135613-dd632973f1e7
go: finding github.com/Azure/go-autorest/autorest/date v0.2.0
go: finding github.com/dgrijalva/jwt-go v3.2.0+incompatible
go: finding github.com/google/go-cmp v0.3.1
/builder/home/go/bin/controller-gen "crd:trivialVersions=true" rbac:roleName=manager-role webhook paths="./..." output:crd:artifacts:config=config/crd/bases
go test ./... -coverprofile cover.out
?   	github.com/seldonio/seldon-core/operator	[no test files]
?   	github.com/seldonio/seldon-core/operator/api/v1alpha2	[no test files]
?   	github.com/seldonio/seldon-core/operator/constants	[no test files]
ok  	github.com/seldonio/seldon-core/operator/controllers	8.961s	coverage: 46.0% of statements
?   	github.com/seldonio/seldon-core/operator/controllers/resources/credentials	[no test files]
ok  	github.com/seldonio/seldon-core/operator/controllers/resources/credentials/gcs	0.010s	coverage: 100.0% of statements
ok  	github.com/seldonio/seldon-core/operator/controllers/resources/credentials/s3	0.010s	coverage: 94.6% of statements
?   	github.com/seldonio/seldon-core/operator/utils	[no test files]
docker build . -t seldonio/seldon-core-operator:0.5.2-SNAPSHOT
Sending build context to Docker daemon  882.7kB
Step 1/15 : FROM golang:1.12.5 as builder
1.12.5: Pulling from library/golang
6f2f362378c5: Pulling fs layer
494c27a8a6b8: Pulling fs layer
7596bb83081b: Pulling fs layer
372744b62d49: Pulling fs layer
0658c6765517: Pulling fs layer
dbd5b1749350: Pulling fs layer
ca642e59c356: Pulling fs layer
0658c6765517: Waiting
372744b62d49: Waiting
dbd5b1749350: Waiting
ca642e59c356: Waiting
7596bb83081b: Verifying Checksum
7596bb83081b: Download complete
494c27a8a6b8: Verifying Checksum
494c27a8a6b8: Download complete
6f2f362378c5: Download complete
372744b62d49: Verifying Checksum
372744b62d49: Download complete
0658c6765517: Verifying Checksum
0658c6765517: Download complete
ca642e59c356: Verifying Checksum
ca642e59c356: Download complete
dbd5b1749350: Verifying Checksum
dbd5b1749350: Download complete
6f2f362378c5: Pull complete
494c27a8a6b8: Pull complete
7596bb83081b: Pull complete
372744b62d49: Pull complete
0658c6765517: Pull complete
dbd5b1749350: Pull complete
ca642e59c356: Pull complete
Digest: sha256:5bc207d20bd9e97c57dc2ad013f2b02d982cc6e411d48bdc79d90bb601696650
Status: Downloaded newer image for golang:1.12.5
 ---> 1ef078f0da9e
Step 2/15 : WORKDIR /workspace
 ---> Running in e0d596d3e85e
Removing intermediate container e0d596d3e85e
 ---> 540f4a8b9c1d
Step 3/15 : COPY go.mod go.mod
 ---> 721a86466a71
Step 4/15 : COPY go.sum go.sum
 ---> 4192c66c5cb3
Step 5/15 : RUN go mod download
 ---> Running in 09caa51e7c85
[91mgo: finding github.com/googleapis/gnostic v0.3.0
[0m[91mgo: finding github.com/onsi/gomega v1.5.0
[0m[91mgo: finding github.com/onsi/ginkgo v1.8.0
[0m[91mgo: finding github.com/Azure/go-autorest/autorest/adal v0.7.0
[0m[91mgo: finding github.com/gophercloud/gophercloud v0.4.0
[0m[91mgo: finding sigs.k8s.io/controller-runtime v0.2.0
[0m[91mgo: finding k8s.io/client-go v11.0.1-0.20190409021438-1a26190bd76a+incompatible
[0m[91mgo: finding sigs.k8s.io/controller-tools v0.2.0
[0m[91mgo: finding golang.org/x/sys v0.0.0-20190621203818-d432491b9138
go: finding k8s.io/api v0.0.0-20190409021203-6e4e0e4f393b
[0m[91mgo: finding github.com/google/go-cmp v0.3.1
[0m[91mgo: finding github.com/google/gofuzz v1.0.0
[0m[91mgo: finding golang.org/x/text v0.3.0
[0m[91mgo: finding golang.org/x/sys v0.0.0-20180909124046-d0be0721c37e
[0m[91mgo: finding github.com/Azure/go-autorest/autorest/mocks v0.3.0
[0m[91mgo: finding github.com/gobuffalo/flect v0.1.5
[0m[91mgo: finding golang.org/x/crypto v0.0.0-20190308221718-c2843e01d9a2
[0m[91mgo: finding github.com/gogo/protobuf v1.2.1
[0m[91mgo: finding github.com/modern-go/reflect2 v1.0.1
[0m[91mgo: finding golang.org/x/text v0.3.2
[0m[91mgo: finding github.com/onsi/ginkgo v1.6.0
[0m[91mgo: finding github.com/pborman/uuid v0.0.0-20170612153648-e790cca94e6c
[0m[91mgo: finding github.com/matttproud/golang_protobuf_extensions v1.0.1
[0m[91mgo: finding github.com/spf13/pflag v1.0.3
[0m[91mgo: finding github.com/go-logr/logr v0.1.0
[0m[91mgo: finding github.com/dgrijalva/jwt-go v3.2.0+incompatible
[0m[91mgo: finding github.com/google/go-cmp v0.3.0
[0m[91mgo: finding k8s.io/kube-openapi v0.0.0-20180731170545-e3762e86a74c
[0m[91mgo: finding gopkg.in/tomb.v1 v1.0.0-20141024135613-dd632973f1e7
[0m[91mgo: finding go.uber.org/multierr v1.1.0
[0m[91mgo: finding github.com/Azure/go-autorest/autorest/date v0.2.0
[0m[91mgo: finding k8s.io/apimachinery v0.0.0-20190404173353-6a84e37a896d
[0m[91mgo: finding k8s.io/klog v0.2.0
[0m[91mgo: finding golang.org/x/net v0.0.0-20190501004415-9ce7a6920f09
[0m[91mgo: finding golang.org/x/tools v0.0.0-20180917221912-90fa682c2a6e
[0m[91mgo: finding sigs.k8s.io/yaml v1.1.0
[0m[91mgo: finding github.com/google/gofuzz v0.0.0-20170612174753-24818f796faf
[0m[91mgo: finding sigs.k8s.io/testing_frameworks v0.1.1
[0m[91mgo: finding k8s.io/kube-openapi v0.0.0-20190603182131-db7b694dc208
[0m[91mgo: finding golang.org/x/crypto v0.0.0-20180820150726-614d502a4dac
[0m[91mgo: finding github.com/go-logr/zapr v0.1.0
[0m[91mgo: finding github.com/hashicorp/golang-lru v0.0.0-20180201235237-0fb14efe8c47
[0m[91mgo: finding github.com/pmezard/go-difflib v0.0.0-20151028094244-d8ed2627bdf0
[0m[91mgo: finding github.com/spf13/pflag v1.0.2
[0m[91mgo: finding golang.org/x/sys v0.0.0-20190209173611-3b5209105503
[0m[91mgo: finding k8s.io/klog v0.3.3
[0m[91mgo: finding github.com/davecgh/go-spew v0.0.0-20151105211317-5215b55f46b2
[0m[91mgo: finding github.com/golang/protobuf v1.3.1
[0m[91mgo: finding golang.org/x/sys v0.0.0-20170830134202-bb24a47a89ea
[0m[91mgo: finding github.com/modern-go/concurrent v0.0.0-20180306012644-bacd9c7ef1dd
[0m[91mgo: finding github.com/hpcloud/tail v1.0.0
[0m[91mgo: finding golang.org/x/crypto v0.0.0-20190611184440-5c40567a22f8
[0m[91mgo: finding github.com/davecgh/go-spew v1.1.1
[0m[91mgo: finding go.uber.org/zap v1.9.1
[0m[91mgo: finding golang.org/x/net v0.0.0-20190404232315-eb5bcb51f2a3
[0m[91mgo: finding github.com/stretchr/testify v1.3.0
[0m[91mgo: finding gopkg.in/fsnotify.v1 v1.4.7
[0m[91mgo: finding k8s.io/utils v0.0.0-20190506122338-8fab8cb257d5
[0m[91mgo: finding golang.org/x/sys v0.0.0-20190412213103-97732733099d
[0m[91mgo: finding github.com/fsnotify/fsnotify v1.4.7
[0m[91mgo: finding github.com/PuerkitoBio/urlesc v0.0.0-20160726150825-5bd2802263f2
[0m[91mgo: finding github.com/Azure/go-autorest/autorest v0.9.2
[0m[91mgo: finding github.com/fatih/color v1.7.0
[0m[91mgo: finding github.com/golang/protobuf v0.0.0-20161109072736-4bd1920723d7
[0m[91mgo: finding github.com/kr/pretty v0.1.0
[0m[91mgo: finding github.com/googleapis/gnostic v0.0.0-20170426233943-68f4ded48ba9
[0m[91mgo: finding github.com/inconshreveable/mousetrap v1.0.0
[0m[91mgo: finding github.com/go-openapi/jsonpointer v0.0.0-20160704185906-46af16f9f7b1
[0m[91mgo: finding k8s.io/apiextensions-apiserver v0.0.0-20190409022649-727a075fdec8
[0m[91mgo: finding google.golang.org/appengine v1.1.0
[0m[91mgo: finding go.uber.org/atomic v1.3.2
[0m[91mgo: finding cloud.google.com/go v0.26.0
[0m[91mgo: finding github.com/NYTimes/gziphandler v0.0.0-20170623195520-56545f4a5d46
[0m[91mgo: finding k8s.io/klog v0.3.0
[0m[91mgo: finding github.com/modern-go/reflect2 v0.0.0-20180701023420-4b7aa43c6742
[0m[91mgo: finding gopkg.in/check.v1 v1.0.0-20180628173108-788fd7840127
[0m[91mgo: finding github.com/go-openapi/spec v0.0.0-20160808142527-6aced65f8501
[0m[91mgo: finding github.com/google/gofuzz v0.0.0-20161122191042-44d81051d367
[0m[91mgo: finding github.com/golang/groupcache v0.0.0-20180513044358-24b0969c4cb7
[0m[91mgo: finding github.com/davecgh/go-spew v1.1.0
[0m[91mgo: finding github.com/go-openapi/jsonreference v0.0.0-20160704190145-13c6e3589ad9
[0m[91mgo: finding github.com/onsi/gomega v0.0.0-20170829124025-dcabb60a477c
[0m[91mgo: finding github.com/stretchr/ob** v0.1.0
[0m[91mgo: finding golang.org/x/net v0.0.0-20170114055629-f2499483f923
[0m[91mgo: finding github.com/imdario/mergo v0.3.6
[0m[91mgo: finding golang.org/x/sys v0.0.0-20190429190828-d89cdac9e872
[0m[91mgo: finding github.com/PuerkitoBio/purell v1.0.0
[0m[91mgo: finding knative.dev/pkg v0.0.0-20190823221514-39a29cf1bf26
[0m[91mgo: finding golang.org/x/sync v0.0.0-20190423024810-112230192c58
[0m[91mgo: finding golang.org/x/net v0.0.0-20190620200207-3b0461eec859
[0m[91mgo: finding github.com/stretchr/testify v0.0.0-20151208002404-e3a8ff8ce365
[0m[91mgo: finding golang.org/x/oauth2 v0.0.0-20180821212333-d2e6202438be
[0m[91mgo: finding github.com/spf13/pflag v0.0.0-20170130214245-9ff6c6923cff
[0m[91mgo: finding github.com/evanphx/json-patch v4.5.0+incompatible
[0m[91mgo: finding github.com/mailru/easyjson v0.0.0-20160728113105-d5b7844b561a
[0m[91mgo: finding github.com/Azure/go-autorest/autorest/mocks v0.2.0
[0m[91mgo: finding github.com/ghodss/yaml v0.0.0-20150909031657-73d445a93680
[0m[91mgo: finding github.com/beorn7/perks v0.0.0-20180321164747-3a771d992973
[0m[91mgo: finding golang.org/x/net v0.0.0-20180906233101-161cd47e91fd
[0m[91mgo: finding golang.org/x/text v0.0.0-20160726164857-2910a502d2bf
[0m[91mgo: finding gopkg.in/yaml.v2 v2.2.2
[0m[91mgo: finding golang.org/x/sync v0.0.0-20180314180146-1d60e4601c6f
[0m[91mgo: finding github.com/spf13/cobra v0.0.3
[0m[91mgo: finding github.com/onsi/ginkgo v0.0.0-20170829012221-11459a886d9c
[0m[91mgo: finding k8s.io/klog v0.0.0-20181102134211-b9b56d5dfc92
[0m[91mgo: finding gopkg.in/yaml.v2 v2.2.1
[0m[91mgo: finding github.com/json-iterator/go v1.1.5
[0m[91mgo: finding golang.org/x/crypto v0.0.0-20190211182817-74369b46fc67
[0m[91mgo: finding github.com/prometheus/client_model v0.0.0-20180712105110-5c3871d89910
[0m[91mgo: finding github.com/json-iterator/go v1.1.6
[0m[91mgo: finding github.com/Azure/go-autorest/autorest v0.9.0
[0m[91mgo: finding golang.org/x/time v0.0.0-20180412165947-fbb02b2291d2
[0m[91mgo: finding github.com/prometheus/common v0.0.0-20180801064454-c7de2306084e
[0m[91mgo: finding github.com/Azure/go-autorest/autorest/adal v0.5.0
[0m[91mgo: finding github.com/pmezard/go-difflib v1.0.0
[0m[91mgo: finding github.com/prometheus/client_golang v0.9.0
[0m[91mgo: finding golang.org/x/sys v0.0.0-20190215142949-d0b11bdaac8a
[0m[91mgo: finding github.com/mattn/go-colorable v0.1.2
[0m[91mgo: finding github.com/golang/protobuf v1.2.0
[0m[91mgo: finding github.com/Azure/go-autorest/tracing v0.5.0
[0m[91mgo: finding github.com/modern-go/reflect2 v0.0.0-20180320133207-05fbef0ca5da
[0m[91mgo: finding github.com/munnerz/goautoneg v0.0.0-20120707110453-a547fc61f48d
[0m[91mgo: finding github.com/kisielk/errcheck v1.1.0
[0m[91mgo: finding github.com/kr/text v0.1.0
[0m[91mgo: finding github.com/json-iterator/go v0.0.0-20180612202835-f2b4162afba3
[0m[91mgo: finding github.com/mattn/go-isatty v0.0.8
[0m[91mgo: finding gopkg.in/inf.v0 v0.9.1
[0m[91mgo: finding gomodules.xyz/jsonpatch/v2 v2.0.1
[0m[91mgo: finding github.com/prometheus/procfs v0.0.0-20180725123919-05ee40e3a273
[0m[91mgo: finding github.com/gogo/protobuf v1.1.1
[0m[91mgo: finding github.com/Azure/go-autorest/autorest/date v0.1.0
[0m[91mgo: finding github.com/Azure/go-autorest/logger v0.1.0
[0m[91mgo: finding golang.org/x/tools v0.0.0-20181011042414-1f849cf54d09
[0m[91mgo: finding github.com/spf13/afero v1.2.2
[0m[91mgo: finding gopkg.in/check.v1 v0.0.0-20161208181325-20d25e280405
[0m[91mgo: finding github.com/kr/pty v1.1.1
[0m[91mgo: finding github.com/onsi/gomega v1.4.2
[0m[91mgo: finding github.com/go-openapi/swag v0.0.0-20160704191624-1d0bd113de87
[0m[91mgo: finding golang.org/x/tools v0.0.0-20190501045030-23463209683d
[0m[91mgo: finding golang.org/x/tools v0.0.0-20180221164845-07fd8470d635
[0m[91mgo: finding github.com/Azure/go-autorest/autorest/mocks v0.1.0
[0m[91mgo: finding golang.org/x/net v0.0.0-20190311183353-d8887717615a
[0m[91mgo: finding github.com/emicklei/go-restful v0.0.0-20170410110728-ff4f55a20633
[0m[91mgo: finding k8s.io/gengo v0.0.0-20190128074634-0689ccc1d7d6
[0m[91mgo: finding sigs.k8s.io/structured-merge-diff v0.0.0-20190525122527-15d366b2352e
[0m[91mgo: finding github.com/kisielk/gotool v1.0.0
[0m[91mgo: finding golang.org/x/sys v0.0.0-20190222072716-a9d3bda3a223
[0m[91mgo: finding github.com/googleapis/gnostic v0.2.0
[0m[91mgo: finding github.com/pkg/errors v0.8.1
[0mRemoving intermediate container 09caa51e7c85
 ---> e82179487599
Step 6/15 : COPY main.go main.go
 ---> ab09d9d32c78
Step 7/15 : COPY api/ api/
 ---> 62e00fdf80db
Step 8/15 : COPY controllers/ controllers/
 ---> e8960863b09b
Step 9/15 : COPY utils/ utils/
 ---> 7161c2bf4baa
Step 10/15 : COPY constants/ constants/
 ---> eabed3cfce26
Step 11/15 : RUN CGO_ENABLED=0 GOOS=linux GOARCH=amd64 GO111MODULE=on go build -a -o manager main.go
 ---> Running in add6455e502a
Removing intermediate container add6455e502a
 ---> d795654fabb4
Step 12/15 : FROM gcr.io/distroless/static:latest
latest: Pulling from distroless/static
9ff2acc3204b: Pulling fs layer
9ff2acc3204b: Verifying Checksum
9ff2acc3204b: Download complete
9ff2acc3204b: Pull complete
Digest: sha256:c6d5981545ce1406d33e61434c61e9452dad93ecd8397c41e89036ef977a88f4
Status: Downloaded newer image for gcr.io/distroless/static:latest
 ---> e4d2a899b1bf
Step 13/15 : WORKDIR /
 ---> Running in ddde2c33e142
Removing intermediate container ddde2c33e142
 ---> ca2a6b6458af
Step 14/15 : COPY --from=builder /workspace/manager .
 ---> 2832ccc9364e
Step 15/15 : ENTRYPOINT ["/manager"]
 ---> Running in 5d83c8786436
Removing intermediate container 5d83c8786436
 ---> ad3c9bc419a2
Successfully built ad3c9bc419a2
Successfully tagged seldonio/seldon-core-operator:0.5.2-SNAPSHOT
docker save seldonio/seldon-core-operator:0.5.2-SNAPSHOT > operator.tar
kind load image-archive operator.tar --loglevel trace
time="11:12:57" level=debug msg="Running: /usr/bin/docker [docker ps -q -a --no-trunc --filter label=io.k8s.sigs.kind.cluster --format {{.Names}}\\t{{.Label \"io.k8s.sigs.kind.cluster\"}}]"
time="11:12:57" level=debug msg="Running: /usr/bin/docker [docker ps -q -a --no-trunc --filter label=io.k8s.sigs.kind.cluster --format {{.Names}}\\t{{.Label \"io.k8s.sigs.kind.cluster\"}} --filter label=io.k8s.sigs.kind.cluster=kind]"
time="11:12:57" level=debug msg="Running: /usr/bin/docker [docker inspect -f {{index .Config.Labels \"io.k8s.sigs.kind.role\"}} kind-worker]"
time="11:12:57" level=debug msg="Running: /usr/bin/docker [docker inspect -f {{index .Config.Labels \"io.k8s.sigs.kind.role\"}} kind-control-plane]"
time="11:12:57" level=debug msg="Running: /usr/bin/docker [docker exec --privileged -i kind-control-plane ctr --namespace=k8s.io images import -]"
time="11:12:57" level=debug msg="Running: /usr/bin/docker [docker exec --privileged -i kind-worker ctr --namespace=k8s.io images import -]"
make[1]: Leaving directory '/workspace/source/operator'
Files changed in engine folder:
SKIPPING ENGINE IMAGE BUILD...
kubectl -n kube-system create sa tiller
serviceaccount/tiller created
kubectl create clusterrolebinding tiller --clusterrole cluster-***** --serviceaccount=kube-system:tiller
clusterrolebinding.rbac.authorization.k8s.io/tiller created
helm init --service-account tiller
Creating /builder/home/.helm 
Creating /builder/home/.helm/repository 
Creating /builder/home/.helm/repository/cache 
Creating /builder/home/.helm/repository/local 
Creating /builder/home/.helm/plugins 
Creating /builder/home/.helm/starters 
Creating /builder/home/.helm/cache/archive 
Creating /builder/home/.helm/repository/repositories.yaml 
Adding stable repo with URL: https://kubernetes-charts.storage.googleapis.com 
Adding local repo with URL: http://127.0.0.1:8879/charts 
$HELM_HOME has been configured at /builder/home/.helm.

Tiller (the Helm server-side component) has been installed into your Kubernetes Cluster.

Please note: by default, Tiller is deployed with an insecure 'allow unauthenticated users' policy.
To prevent this, run `helm init` with the --tiller-tls-verify flag.
For more information on securing your installation see: https://docs.helm.sh/using_helm/#securing-your-helm-installation
kubectl rollout status deploy/tiller-deploy -n kube-system
Waiting for deployment "tiller-deploy" rollout to finish: 0 of 1 updated replicas are available...
deployment "tiller-deploy" successfully rolled out
helm install stable/ambassador -f ambassador_values.yaml --name ambassador --set crds.keep=false --namespace seldon --set replicaCount=1
NAME:   ambassador
LAST DEPLOYED: Sat Nov 30 11:13:20 2019
NAMESPACE: seldon
STATUS: DEPLOYED

RESOURCES:
==> v1/Deployment
NAME        READY  UP-TO-DATE  AVAILABLE  AGE
ambassador  0/1    1           0          0s

==> v1/Pod(related)
NAME                         READY  STATUS             RESTARTS  AGE
ambassador-558bb98fff-97jzr  0/1    ContainerCreating  0         0s

==> v1/Service
NAME              TYPE       CLUSTER-IP     EXTERNAL-IP  PORT(S)       AGE
ambassador        NodePort   10.98.158.229  <none>       80:30080/TCP  0s
ambassador-*****  ClusterIP  10.99.210.104  <none>       8877/TCP      0s

==> v1/ServiceAccount
NAME        SECRETS  AGE
ambassador  1        0s

==> v1beta1/ClusterRole
NAME             AGE
ambassador       0s
ambassador-crds  0s

==> v1beta1/ClusterRoleBinding
NAME             AGE
ambassador       0s
ambassador-crds  0s


NOTES:
Congratulations! You've successfully installed Ambassador.

For help, visit our Slack at https://d6e.co/slack or view the documentation online at https://www.getambassador.io.

To get the IP address of Ambassador, run the following commands:
  export NODE_PORT=$(kubectl get --namespace seldon -o jsonpath="{.spec.ports[0].nodePort}" services ambassador)
  export NODE_IP=$(kubectl get nodes --namespace seldon -o jsonpath="{.items[0].status.addresses[0].address}")
  echo http://$NODE_IP:$NODE_PORT

kubectl rollout status deployment.apps/ambassador --namespace seldon
Waiting for deployment "ambassador" rollout to finish: 0 of 1 updated replicas are available...
deployment "ambassador" successfully rolled out
cd ../../operator && make install-cert-manager
make[1]: Entering directory '/workspace/source/operator'
kubectl create namespace cert-manager || echo "Namespace cert-manager-exists"
namespace/cert-manager created
kubectl label namespace cert-manager certmanager.k8s.io/disable-validation=true || echo "namespace cert-manager-already labelled"
namespace/cert-manager labeled
kubectl apply --validate=false -f https://github.com/jetstack/cert-manager/releases/download/v0.9.1/cert-manager.yaml
customresourcedefinition.apiextensions.k8s.io/certificates.certmanager.k8s.io created
customresourcedefinition.apiextensions.k8s.io/certificaterequests.certmanager.k8s.io created
customresourcedefinition.apiextensions.k8s.io/challenges.certmanager.k8s.io created
customresourcedefinition.apiextensions.k8s.io/clusterissuers.certmanager.k8s.io created
customresourcedefinition.apiextensions.k8s.io/issuers.certmanager.k8s.io created
customresourcedefinition.apiextensions.k8s.io/orders.certmanager.k8s.io created
Warning: kubectl apply should be used on resource created by either kubectl create --save-config or kubectl apply
namespace/cert-manager configured
serviceaccount/cert-manager-cainjector created
serviceaccount/cert-manager-webhook created
serviceaccount/cert-manager created
clusterrole.rbac.authorization.k8s.io/cert-manager-cainjector created
clusterrolebinding.rbac.authorization.k8s.io/cert-manager-cainjector created
clusterrole.rbac.authorization.k8s.io/cert-manager-leaderelection created
clusterrole.rbac.authorization.k8s.io/cert-manager-controller-issuers created
clusterrole.rbac.authorization.k8s.io/cert-manager-controller-clusterissuers created
clusterrole.rbac.authorization.k8s.io/cert-manager-controller-certificates created
clusterrole.rbac.authorization.k8s.io/cert-manager-controller-orders created
clusterrole.rbac.authorization.k8s.io/cert-manager-controller-challenges created
clusterrole.rbac.authorization.k8s.io/cert-manager-controller-ingress-shim created
clusterrolebinding.rbac.authorization.k8s.io/cert-manager-leaderelection created
clusterrolebinding.rbac.authorization.k8s.io/cert-manager-controller-issuers created
clusterrolebinding.rbac.authorization.k8s.io/cert-manager-controller-clusterissuers created
clusterrolebinding.rbac.authorization.k8s.io/cert-manager-controller-certificates created
clusterrolebinding.rbac.authorization.k8s.io/cert-manager-controller-orders created
clusterrolebinding.rbac.authorization.k8s.io/cert-manager-controller-challenges created
clusterrolebinding.rbac.authorization.k8s.io/cert-manager-controller-ingress-shim created
clusterrole.rbac.authorization.k8s.io/cert-manager-view created
clusterrole.rbac.authorization.k8s.io/cert-manager-edit created
clusterrolebinding.rbac.authorization.k8s.io/cert-manager-webhook:auth-delegator created
rolebinding.rbac.authorization.k8s.io/cert-manager-webhook:webhook-authentication-reader created
clusterrole.rbac.authorization.k8s.io/cert-manager-webhook:webhook-requester created
service/cert-manager-webhook created
deployment.apps/cert-manager-cainjector created
deployment.apps/cert-manager-webhook created
deployment.apps/cert-manager created
apiservice.apiregistration.k8s.io/v1beta1.admission.certmanager.k8s.io created
issuer.certmanager.k8s.io/cert-manager-webhook-selfsign created
certificate.certmanager.k8s.io/cert-manager-webhook-ca created
issuer.certmanager.k8s.io/cert-manager-webhook-ca created
certificate.certmanager.k8s.io/cert-manager-webhook-webhook-tls created
validatingwebhookconfiguration.admissionregistration.k8s.io/cert-manager-webhook created
kubectl rollout status deployment.apps/cert-manager -n cert-manager
Waiting for deployment "cert-manager" rollout to finish: 0 of 1 updated replicas are available...
deployment "cert-manager" successfully rolled out
kubectl rollout status deployment.apps/cert-manager-cainjector -n cert-manager
deployment "cert-manager-cainjector" successfully rolled out
kubectl rollout status deployment.apps/cert-manager-webhook -n cert-manager
Waiting for deployment "cert-manager-webhook" rollout to finish: 0 of 1 updated replicas are available...
deployment "cert-manager-webhook" successfully rolled out
make[1]: Leaving directory '/workspace/source/operator'
cd ../../operator && make install deploy
make[1]: Entering directory '/workspace/source/operator'
go get sigs.k8s.io/controller-tools/cmd/controller-gen@v0.2.0
go: finding sigs.k8s.io v0.2.0
go: finding sigs.k8s.io/controller-tools/cmd/controller-gen v0.2.0
go: finding sigs.k8s.io/controller-tools/cmd v0.2.0
/builder/home/go/bin/controller-gen "crd:trivialVersions=true" rbac:roleName=manager-role webhook paths="./..." output:crd:artifacts:config=config/crd/bases
kustomize build config/crd | kubectl apply -f -
customresourcedefinition.apiextensions.k8s.io/seldondeployments.machinelearning.seldon.io created
cd config/manager && kustomize edit set image controller=seldonio/seldon-core-operator:0.5.2-SNAPSHOT
kustomize build config/default | kubectl apply -f -
namespace/seldon-system created
customresourcedefinition.apiextensions.k8s.io/seldondeployments.machinelearning.seldon.io configured
mutatingwebhookconfiguration.admissionregistration.k8s.io/seldon-mutating-webhook-configuration created
serviceaccount/seldon-manager created
role.rbac.authorization.k8s.io/seldon-leader-election-role created
role.rbac.authorization.k8s.io/seldon-manager-cm-role created
clusterrole.rbac.authorization.k8s.io/seldon-manager-role created
clusterrole.rbac.authorization.k8s.io/seldon-manager-sas-role created
clusterrole.rbac.authorization.k8s.io/seldon-proxy-role created
rolebinding.rbac.authorization.k8s.io/seldon-leader-election-rolebinding created
rolebinding.rbac.authorization.k8s.io/seldon-manager-cm-rolebinding created
clusterrolebinding.rbac.authorization.k8s.io/seldon-manager-rolebinding created
clusterrolebinding.rbac.authorization.k8s.io/seldon-manager-sas-rolebinding created
clusterrolebinding.rbac.authorization.k8s.io/seldon-proxy-rolebinding created
configmap/seldon-config created
service/seldon-controller-manager-metrics-service created
service/seldon-webhook-service created
deployment.apps/seldon-controller-manager created
certificate.certmanager.k8s.io/seldon-serving-cert created
issuer.certmanager.k8s.io/seldon-selfsigned-issuer created
validatingwebhookconfiguration.admissionregistration.k8s.io/seldon-validating-webhook-configuration created
make[1]: Leaving directory '/workspace/source/operator'
kubectl create namespace seldon || echo "Namespace seldon already exists"
Error from server (AlreadyExists): namespaces "seldon" already exists
Namespace seldon already exists
kubectl create namespace test1 || echo "Namespace test1 already exists"
namespace/test1 created
kubectl config set-context $(kubectl config current-context) --namespace=seldon
Context "kubernetes-*****@kind" modified.
make: Entering directory '/workspace/source/python'
pip install -e . -r requirements-dev.txt
Obtaining file:///workspace/source/python
Collecting Flask<2.0.0
  Downloading https://files.pythonhosted.org/packages/9b/93/628509b8d5dc749656a9641f4caf13540e2cdec85276964ff8f43bbb1d3b/Flask-1.1.1-py2.py3-none-any.whl (94kB)
Collecting Flask-cors<4.0.0
  Downloading https://files.pythonhosted.org/packages/78/38/e68b11daa5d613e3a91e4bf3da76c94ac9ee0d9cd515af9c1ab80d36f709/Flask_Cors-3.0.8-py2.py3-none-any.whl
Collecting redis<4.0.0
  Downloading https://files.pythonhosted.org/packages/32/ae/28613a62eea0d53d3db3147f8715f90da07667e99baeedf1010eb400f8c0/redis-3.3.11-py2.py3-none-any.whl (66kB)
Collecting requests<3.0.0
  Downloading https://files.pythonhosted.org/packages/51/bd/23c926cd341ea6b7dd0b2a00aba99ae0f828be89d72b2190f27c11d4b7fb/requests-2.22.0-py2.py3-none-any.whl (57kB)
Collecting numpy<2.0.0
  Downloading https://files.pythonhosted.org/packages/d2/ab/43e678759326f728de861edbef34b8e2ad1b1490505f20e0d1f0716c3bf4/numpy-1.17.4-cp36-cp36m-manylinux1_x86_64.whl (20.0MB)
Collecting flatbuffers<2.0.0
  Downloading https://files.pythonhosted.org/packages/c9/84/adf5837f96c39990bc55afdfddf460b38b4562f50341359afa32e4a98de7/flatbuffers-1.11-py2.py3-none-any.whl
Requirement already satisfied: protobuf<4.0.0 in /usr/local/lib/python3.6/site-packages (from -r requirements.txt (line 7)) (3.10.0)
Requirement already satisfied: grpcio<2.0.0 in /usr/local/lib/python3.6/site-packages (from -r requirements.txt (line 8)) (1.24.3)
Collecting Flask-OpenTracing<1.2.0,>=1.1.0
  Downloading https://files.pythonhosted.org/packages/58/6c/6417701ba5ecc8854670c6db3207bcc3e5fbc96289a7cb18d5516d99a1c6/Flask-OpenTracing-1.1.0.tar.gz
Collecting opentracing<2.3.0,>=2.2.0
  Downloading https://files.pythonhosted.org/packages/94/9f/289424136addf621fb4c75624ef9a3a80e8575da3993a87950c57e93217e/opentracing-2.2.0.tar.gz (47kB)
Collecting jaeger-client<4.2.0,>=4.1.0
  Downloading https://files.pythonhosted.org/packages/f1/da/569a4f1bc3d0c412c7f903053f09ef62fa10949374ca90bc852b22dd3860/jaeger-client-4.1.0.tar.gz (80kB)
Collecting grpcio-opentracing<1.2.0,>=1.1.4
  Downloading https://files.pythonhosted.org/packages/db/82/2fcad380697c3dab25de76ee590bcab3eb9bbfb4add916044d7e83ec2b10/grpcio_opentracing-1.1.4-py3-none-any.whl
Collecting pyaml<20.0.0
  Downloading https://files.pythonhosted.org/packages/33/1a/936074f3492156693fc9e471269fc5747fa3b7d9d7f8a33af054f6b24066/pyaml-19.4.1-py2.py3-none-any.whl
Collecting gunicorn<20.1.0,>=19.9.0
  Downloading https://files.pythonhosted.org/packages/69/ca/926f7cd3a2014b16870086b2d0fdc84a9e49473c68a8dff8b57f7c156f43/gunicorn-20.0.4-py2.py3-none-any.whl (77kB)
Collecting minio<6.0.0,>=4.0.9
  Downloading https://files.pythonhosted.org/packages/14/46/60bff78df1b112cc50f95c5ffb2e14aaf9aa279a5219845b55c56f214383/minio-5.0.5-py2.py3-none-any.whl (62kB)
Collecting azure-storage-blob<3.0.0,>=2.0.1
  Downloading https://files.pythonhosted.org/packages/3e/84/610f379b46d7d3c2d48eadeed6a12b6d46a43100fea70534f5992d0ac996/azure_storage_blob-2.1.0-py2.py3-none-any.whl (88kB)
Requirement already satisfied: setuptools>=41.0.0 in /usr/local/lib/python3.6/site-packages (from -r requirements.txt (line 17)) (41.4.0)
Collecting pandas==0.25.3
  Downloading https://files.pythonhosted.org/packages/52/3f/f6a428599e0d4497e1595030965b5ba455fd8ade6e977e3c819973c4b41d/pandas-0.25.3-cp36-cp36m-manylinux1_x86_64.whl (10.4MB)
Collecting google-cloud-storage>=1.16.0
  Downloading https://files.pythonhosted.org/packages/87/78/7cf94b3d0961b1a3036ba351c7fdc04170baa73d20fcb41240da214c83fd/google_cloud_storage-1.23.0-py2.py3-none-any.whl (72kB)
Collecting mypy<=0.740
  Downloading https://files.pythonhosted.org/packages/12/b5/27145a54abca5595fa789055d906d445eea35c705fb99273b678ef031d0a/mypy-0.740-cp36-cp36m-manylinux1_x86_64.whl (23.2MB)
Collecting pytest<6.0.0
  Downloading https://files.pythonhosted.org/packages/da/ed/d22d7f06eb1107271694ed2171b9d52e8eea38d9757124e75ba13324ac77/pytest-5.3.1-py3-none-any.whl (233kB)
Collecting pytest-cov<3.0.0
  Downloading https://files.pythonhosted.org/packages/b9/54/3673ee8be482f81527678ac894276223b9814bb7262e4f730469bb7bf70e/pytest_cov-2.8.1-py2.py3-none-any.whl
Collecting Pillow==6.2.0
  Downloading https://files.pythonhosted.org/packages/19/66/6113477dc3206ccb1e192cffd626f2840ead02375a6cebe2436ad4c19f61/Pillow-6.2.0-cp36-cp36m-manylinux1_x86_64.whl (2.1MB)
Collecting tox<4.0.0
  Downloading https://files.pythonhosted.org/packages/cb/e1/e985796a601ad17876958a84c66209ace8e4db804e37f5cb01b6b154b62e/tox-3.14.1-py2.py3-none-any.whl (80kB)
Collecting click>=5.1
  Downloading https://files.pythonhosted.org/packages/fa/37/45185cb5abbc30d7257104c434fe0b07e5a195a6847506c074527aa599ec/Click-7.0-py2.py3-none-any.whl (81kB)
Collecting Jinja2>=2.10.1
  Downloading https://files.pythonhosted.org/packages/65/e0/eb35e762802015cab1ccee04e8a277b03f1d8e53da3ec3106882ec42558b/Jinja2-2.10.3-py2.py3-none-any.whl (125kB)
Collecting itsdangerous>=0.24
  Downloading https://files.pythonhosted.org/packages/76/ae/44b03b253d6fade317f32c24d100b3b35c2239807046a4c953c7b89fa49e/itsdangerous-1.1.0-py2.py3-none-any.whl
Collecting Werkzeug>=0.15
  Downloading https://files.pythonhosted.org/packages/ce/42/3aeda98f96e85fd26180534d36570e4d18108d62ae36f87694b476b83d6f/Werkzeug-0.16.0-py2.py3-none-any.whl (327kB)
Requirement already satisfied: Six in /usr/local/lib/python3.6/site-packages (from Flask-cors<4.0.0->-r requirements.txt (line 2)) (1.12.0)
Collecting urllib3!=1.25.0,!=1.25.1,<1.26,>=1.21.1
  Downloading https://files.pythonhosted.org/packages/b4/40/a9837291310ee1ccc242ceb6ebfd9eb21539649f193a7c8c86ba15b98539/urllib3-1.25.7-py2.py3-none-any.whl (125kB)
Collecting certifi>=2017.4.17
  Downloading https://files.pythonhosted.org/packages/b9/63/df50cac98ea0d5b006c55a399c3bf1db9da7b5a24de7890bc9cfd5dd9e99/certifi-2019.11.28-py2.py3-none-any.whl (156kB)
Collecting chardet<3.1.0,>=3.0.2
  Downloading https://files.pythonhosted.org/packages/bc/a9/01ffebfb562e4274b6487b4bb1ddec7ca55ec7510b22e4c51f14098443b8/chardet-3.0.4-py2.py3-none-any.whl (133kB)
Collecting idna<2.9,>=2.5
  Downloading https://files.pythonhosted.org/packages/14/2c/cd551d81dbe15200be1cf41cd03869a46fe7226e7450af7a6545bfc474c9/idna-2.8-py2.py3-none-any.whl (58kB)
Collecting threadloop<2,>=1
  Downloading https://files.pythonhosted.org/packages/d3/1d/8398c1645b97dc008d3c658e04beda01ede3d90943d40c8d56863cf891bd/threadloop-1.0.2.tar.gz
Collecting thrift
  Downloading https://files.pythonhosted.org/packages/97/1e/3284d19d7be99305eda145b8aa46b0c33244e4a496ec66440dac19f8274d/thrift-0.13.0.tar.gz (59kB)
Collecting tornado<6,>=4.3
  Downloading https://files.pythonhosted.org/packages/e6/78/6e7b5af12c12bdf38ca9bfe863fcaf53dc10430a312d0324e76c1e5ca426/tornado-5.1.1.tar.gz (516kB)
Requirement already satisfied: PyYAML in /usr/local/lib/python3.6/site-packages (from pyaml<20.0.0->-r requirements.txt (line 13)) (5.1.2)
Collecting pytz
  Downloading https://files.pythonhosted.org/packages/e7/f9/f0b53f88060247251bf481fa6ea62cd0d25bf1b11a87888e53ce5b7c8ad2/pytz-2019.3-py2.py3-none-any.whl (509kB)
Collecting python-dateutil
  Downloading https://files.pythonhosted.org/packages/d4/70/d60450c3dd48ef87586924207ae8907090de0b306af2bce5d134d78615cb/python_dateutil-2.8.1-py2.py3-none-any.whl (227kB)
Collecting azure-common>=1.1.5
  Downloading https://files.pythonhosted.org/packages/00/55/a703923c12cd3172d5c007beda0c1a34342a17a6a72779f8a7c269af0cd6/azure_common-1.1.23-py2.py3-none-any.whl
Collecting azure-storage-common~=2.1
  Downloading https://files.pythonhosted.org/packages/6b/a0/6794b318ce0118d1a4053bdf0149a60807407db9b710354f2b203c2f5975/azure_storage_common-2.1.0-py2.py3-none-any.whl (47kB)
Collecting google-cloud-core<2.0dev,>=1.0.3
  Downloading https://files.pythonhosted.org/packages/ee/f0/084f598629db8e6ec3627688723875cdb03637acb6d86999bb105a71df64/google_cloud_core-1.0.3-py2.py3-none-any.whl
Collecting google-resumable-media<0.6dev,>=0.5.0
  Downloading https://files.pythonhosted.org/packages/35/9e/f73325d0466ce5bdc36333f1aeb2892ead7b76e79bdb5c8b0493961fa098/google_resumable_media-0.5.0-py2.py3-none-any.whl
Collecting google-auth>=1.2.0
  Downloading https://files.pythonhosted.org/packages/7b/cb/786dc53d93494784935a62947643b48250b84a882474e714f9af5e1a1928/google_auth-1.7.1-py2.py3-none-any.whl (74kB)
Collecting typed-ast<1.5.0,>=1.4.0
  Downloading https://files.pythonhosted.org/packages/31/d3/9d1802c161626d0278bafb1ffb32f76b9d01e123881bbf9d91e8ccf28e18/typed_ast-1.4.0-cp36-cp36m-manylinux1_x86_64.whl (736kB)
Collecting typing-extensions>=3.7.4
  Downloading https://files.pythonhosted.org/packages/03/92/705fe8aca27678e01bbdd7738173b8e7df0088a2202c80352f664630d638/typing_extensions-3.7.4.1-py3-none-any.whl
Collecting mypy-extensions<0.5.0,>=0.4.0
  Downloading https://files.pythonhosted.org/packages/5c/eb/975c7c080f3223a5cdaff09612f3a5221e4ba534f7039db34c35d95fa6a5/mypy_extensions-0.4.3-py2.py3-none-any.whl
Collecting importlib-metadata>=0.12; python_version < "3.8"
  Downloading https://files.pythonhosted.org/packages/f6/d2/40b3fa882147719744e6aa50ac39cf7a22a913cbcba86a0371176c425a3b/importlib_metadata-0.23-py2.py3-none-any.whl
Collecting py>=1.5.0
  Downloading https://files.pythonhosted.org/packages/76/bc/394ad449851729244a97857ee14d7cba61ddb268dce3db538ba2f2ba1f0f/py-1.8.0-py2.py3-none-any.whl (83kB)
Collecting more-itertools>=4.0.0
  Downloading https://files.pythonhosted.org/packages/5c/1d/3df99de956abb96305956e09e6a1fa955883295e1f28808f9c97b3d5364d/more_itertools-8.0.0-py3-none-any.whl (40kB)
Collecting wcwidth
  Downloading https://files.pythonhosted.org/packages/7e/9f/526a6947247599b084ee5232e4f9190a38f398d7300d866af3ab571a5bfe/wcwidth-0.1.7-py2.py3-none-any.whl
Collecting packaging
  Downloading https://files.pythonhosted.org/packages/cf/94/9672c2d4b126e74c4496c6b3c58a8b51d6419267be9e70660ba23374c875/packaging-19.2-py2.py3-none-any.whl
Collecting attrs>=17.4.0
  Downloading https://files.pythonhosted.org/packages/a2/db/4313ab3be961f7a763066401fb77f7748373b6094076ae2bda2806988af6/attrs-19.3.0-py2.py3-none-any.whl
Collecting pluggy<1.0,>=0.12
  Downloading https://files.pythonhosted.org/packages/a0/28/85c7aa31b80d150b772fbe4a229487bc6644da9ccb7e427dd8cc60cb8a62/pluggy-0.13.1-py2.py3-none-any.whl
Collecting coverage>=4.4
  Downloading https://files.pythonhosted.org/packages/51/b1/13609068fff1c8c056f0c4601ad6985cf5c1bbfc529196ab08bd2a57dc39/coverage-4.5.4-cp36-cp36m-manylinux1_x86_64.whl (205kB)
Collecting toml>=0.9.4
  Downloading https://files.pythonhosted.org/packages/a2/12/ced7105d2de62fa7c8fb5fce92cc4ce66b57c95fb875e9318dba7f8c5db0/toml-0.10.0-py2.py3-none-any.whl
Collecting filelock<4,>=3.0.0
  Downloading https://files.pythonhosted.org/packages/93/83/71a2ee6158bb9f39a90c0dea1637f81d5eef866e188e1971a1b1ab01a35a/filelock-3.0.12-py3-none-any.whl
Collecting virtualenv>=16.0.0
  Downloading https://files.pythonhosted.org/packages/62/77/6a86ef945ad39aae34aed4cc1ae4a2f941b9870917a974ed7c5b6f137188/virtualenv-16.7.8-py2.py3-none-any.whl (3.4MB)
Collecting MarkupSafe>=0.23
  Downloading https://files.pythonhosted.org/packages/b2/5f/23e0023be6bb885d00ffbefad2942bc51a620328ee910f64abe5a8d18dd1/MarkupSafe-1.1.1-cp36-cp36m-manylinux1_x86_64.whl
Collecting cryptography
  Downloading https://files.pythonhosted.org/packages/ca/9a/7cece52c46546e214e10811b36b2da52ce1ea7fa203203a629b8dfadad53/cryptography-2.8-cp34-abi3-manylinux2010_x86_64.whl (2.3MB)
Collecting google-api-core<2.0.0dev,>=1.14.0
  Downloading https://files.pythonhosted.org/packages/29/3a/c528ef37f48d6ffba16f0f3c0426456ba21e0dd32be9c61a2ade93e07faa/google_api_core-1.14.3-py2.py3-none-any.whl (68kB)
Collecting pyasn1-modules>=0.2.1
  Downloading https://files.pythonhosted.org/packages/52/50/bb4cefca37da63a0c52218ba2cb1b1c36110d84dcbae8aa48cd67c5e95c2/pyasn1_modules-0.2.7-py2.py3-none-any.whl (131kB)
Collecting rsa<4.1,>=3.1.4
  Downloading https://files.pythonhosted.org/packages/02/e5/38518af393f7c214357079ce67a317307936896e961e35450b70fad2a9cf/rsa-4.0-py2.py3-none-any.whl
Collecting cachetools<3.2,>=2.0.0
  Downloading https://files.pythonhosted.org/packages/2f/a6/30b0a0bef12283e83e58c1d6e7b5aabc7acfc4110df81a4471655d33e704/cachetools-3.1.1-py2.py3-none-any.whl
Collecting zipp>=0.5
  Downloading https://files.pythonhosted.org/packages/74/3d/1ee25a26411ba0401b43c6376d2316a71addcc72ef8690b101b4ea56d76a/zipp-0.6.0-py2.py3-none-any.whl
Collecting pyparsing>=2.0.2
  Downloading https://files.pythonhosted.org/packages/c0/0c/fc2e007d9a992d997f04a80125b0f183da7fb554f1de701bbb70a8e7d479/pyparsing-2.4.5-py2.py3-none-any.whl (67kB)
Collecting cffi!=1.11.3,>=1.8
  Downloading https://files.pythonhosted.org/packages/49/72/0d42f94fe94afa8030350c26e9d787219f3f008ec9bf6b86c66532b29236/cffi-1.13.2-cp36-cp36m-manylinux1_x86_64.whl (397kB)
Collecting googleapis-common-protos<2.0dev,>=1.6.0
  Downloading https://files.pythonhosted.org/packages/eb/ee/e59e74ecac678a14d6abefb9054f0bbcb318a6452a30df3776f133886d7d/googleapis-common-protos-1.6.0.tar.gz
Collecting pyasn1<0.5.0,>=0.4.6
  Downloading https://files.pythonhosted.org/packages/62/1e/a94a8d635fa3ce4cfc7f506003548d0a2447ae76fd5ca53932970fe3053f/pyasn1-0.4.8-py2.py3-none-any.whl (77kB)
Collecting pycparser
  Downloading https://files.pythonhosted.org/packages/68/9e/49196946aee219aead1290e00d1e7fdeab8567783e83e1b9ab5585e6206a/pycparser-2.19.tar.gz (158kB)
Installing collected packages: click, MarkupSafe, Jinja2, itsdangerous, Werkzeug, Flask, Flask-cors, redis, urllib3, certifi, chardet, idna, requests, numpy, flatbuffers, opentracing, Flask-OpenTracing, tornado, threadloop, thrift, jaeger-client, grpcio-opentracing, pyaml, gunicorn, pytz, python-dateutil, minio, azure-common, pycparser, cffi, cryptography, azure-storage-common, azure-storage-blob, pandas, googleapis-common-protos, pyasn1, pyasn1-modules, rsa, cachetools, google-auth, google-api-core, google-cloud-core, google-resumable-media, google-cloud-storage, typed-ast, typing-extensions, mypy-extensions, mypy, more-itertools, zipp, importlib-metadata, py, wcwidth, pyparsing, packaging, attrs, pluggy, pytest, coverage, pytest-cov, Pillow, toml, filelock, virtualenv, tox, seldon-core
    Running setup.py install for opentracing: started
    Running setup.py install for opentracing: finished with status 'done'
    Running setup.py install for Flask-OpenTracing: started
    Running setup.py install for Flask-OpenTracing: finished with status 'done'
    Running setup.py install for tornado: started
    Running setup.py install for tornado: finished with status 'done'
    Running setup.py install for threadloop: started
    Running setup.py install for threadloop: finished with status 'done'
    Running setup.py install for thrift: started
    Running setup.py install for thrift: finished with status 'done'
    Running setup.py install for jaeger-client: started
    Running setup.py install for jaeger-client: finished with status 'done'
    Running setup.py install for pycparser: started
    Running setup.py install for pycparser: finished with status 'done'
    Running setup.py install for googleapis-common-protos: started
    Running setup.py install for googleapis-common-protos: finished with status 'done'
  Running setup.py develop for seldon-core
Successfully installed Flask-1.1.1 Flask-OpenTracing-1.1.0 Flask-cors-3.0.8 Jinja2-2.10.3 MarkupSafe-1.1.1 Pillow-6.2.0 Werkzeug-0.16.0 attrs-19.3.0 azure-common-1.1.23 azure-storage-blob-2.1.0 azure-storage-common-2.1.0 cachetools-3.1.1 certifi-2019.11.28 cffi-1.13.2 chardet-3.0.4 click-7.0 coverage-4.5.4 cryptography-2.8 filelock-3.0.12 flatbuffers-1.11 google-api-core-1.14.3 google-auth-1.7.1 google-cloud-core-1.0.3 google-cloud-storage-1.23.0 google-resumable-media-0.5.0 googleapis-common-protos-1.6.0 grpcio-opentracing-1.1.4 gunicorn-20.0.4 idna-2.8 importlib-metadata-0.23 itsdangerous-1.1.0 jaeger-client-4.1.0 minio-5.0.5 more-itertools-8.0.0 mypy-0.740 mypy-extensions-0.4.3 numpy-1.17.4 opentracing-2.2.0 packaging-19.2 pandas-0.25.3 pluggy-0.13.1 py-1.8.0 pyaml-19.4.1 pyasn1-0.4.8 pyasn1-modules-0.2.7 pycparser-2.19 pyparsing-2.4.5 pytest-5.3.1 pytest-cov-2.8.1 python-dateutil-2.8.1 pytz-2019.3 redis-3.3.11 requests-2.22.0 rsa-4.0 seldon-core threadloop-1.0.2 thrift-0.13.0 toml-0.10.0 tornado-5.1.1 tox-3.14.1 typed-ast-1.4.0 typing-extensions-3.7.4.1 urllib3-1.25.7 virtualenv-16.7.8 wcwidth-0.1.7 zipp-0.6.0
make: Leaving directory '/workspace/source/python'
cp ../../proto/prediction.proto ./proto
cd ../../proto/tensorflow && make create_protos
make[1]: Entering directory '/workspace/source/proto/tensorflow'
./create-protos.sh
Downloading proto files for master
make[1]: Leaving directory '/workspace/source/proto/tensorflow'
cp -vr ../../proto/tensorflow/tensorflow .
'../../proto/tensorflow/tensorflow' -> './tensorflow'
'../../proto/tensorflow/tensorflow/core' -> './tensorflow/core'
'../../proto/tensorflow/tensorflow/core/framework' -> './tensorflow/core/framework'
'../../proto/tensorflow/tensorflow/core/framework/types.proto' -> './tensorflow/core/framework/types.proto'
'../../proto/tensorflow/tensorflow/core/framework/resource_handle.proto' -> './tensorflow/core/framework/resource_handle.proto'
'../../proto/tensorflow/tensorflow/core/framework/tensor_shape.proto' -> './tensorflow/core/framework/tensor_shape.proto'
'../../proto/tensorflow/tensorflow/core/framework/tensor.proto' -> './tensorflow/core/framework/tensor.proto'
python -m grpc.tools.protoc -I. --python_out=. --grpc_python_out=. ./proto/prediction.proto
cd ../../notebooks && make build_protos
make[1]: Entering directory '/workspace/source/notebooks'
cd ../proto/tensorflow && make create_protos
make[2]: Entering directory '/workspace/source/proto/tensorflow'
make[2]: Nothing to be done for 'create_protos'.
make[2]: Leaving directory '/workspace/source/proto/tensorflow'
cp -vr ../proto/tensorflow/tensorflow .
'../proto/tensorflow/tensorflow' -> './tensorflow'
'../proto/tensorflow/tensorflow/core' -> './tensorflow/core'
'../proto/tensorflow/tensorflow/core/framework' -> './tensorflow/core/framework'
'../proto/tensorflow/tensorflow/core/framework/types.proto' -> './tensorflow/core/framework/types.proto'
'../proto/tensorflow/tensorflow/core/framework/resource_handle.proto' -> './tensorflow/core/framework/resource_handle.proto'
'../proto/tensorflow/tensorflow/core/framework/tensor_shape.proto' -> './tensorflow/core/framework/tensor_shape.proto'
'../proto/tensorflow/tensorflow/core/framework/tensor.proto' -> './tensorflow/core/framework/tensor.proto'
cp ../proto/prediction.proto ./proto
python -m grpc.tools.protoc -I. --python_out=. --grpc_python_out=. ./proto/prediction.proto
make[1]: Leaving directory '/workspace/source/notebooks'
cd ../../proto/k8s && make create_protos
make[1]: Entering directory '/workspace/source/proto/k8s'
./create-k8s-protos.sh
Downloading proto files for master
Munging proto file packages
sed -i.bak 's|import "k8s.io/apiextensions-apiserver/|//import "k8s.io/apiextensions-apiserver/|' k8s.io/api/core/v1/generated.proto
rm k8s.io/api/core/v1/generated.proto.bak
make[1]: Leaving directory '/workspace/source/proto/k8s'
pip install -r dev_requirements.txt
Obtaining file:///workspace/source/python (from -r dev_requirements.txt (line 4))
Requirement already satisfied: pytest in /usr/local/lib/python3.6/site-packages (from -r dev_requirements.txt (line 1)) (5.3.1)
Collecting retrying
  Downloading https://files.pythonhosted.org/packages/44/ef/beae4b4ef80902f22e3af073397f079c96969c69b2c7d52a57ea9ae61c9d/retrying-1.3.3.tar.gz
Requirement already satisfied: Flask<2.0.0 in /usr/local/lib/python3.6/site-packages (from seldon-core==0.5.1->-r dev_requirements.txt (line 4)) (1.1.1)
Requirement already satisfied: Flask-cors<4.0.0 in /usr/local/lib/python3.6/site-packages (from seldon-core==0.5.1->-r dev_requirements.txt (line 4)) (3.0.8)
Requirement already satisfied: redis<4.0.0 in /usr/local/lib/python3.6/site-packages (from seldon-core==0.5.1->-r dev_requirements.txt (line 4)) (3.3.11)
Requirement already satisfied: requests<3.0.0 in /usr/local/lib/python3.6/site-packages (from seldon-core==0.5.1->-r dev_requirements.txt (line 4)) (2.22.0)
Requirement already satisfied: numpy<2.0.0 in /usr/local/lib/python3.6/site-packages (from seldon-core==0.5.1->-r dev_requirements.txt (line 4)) (1.17.4)
Requirement already satisfied: flatbuffers<2.0.0 in /usr/local/lib/python3.6/site-packages (from seldon-core==0.5.1->-r dev_requirements.txt (line 4)) (1.11)
Requirement already satisfied: protobuf<4.0.0 in /usr/local/lib/python3.6/site-packages (from seldon-core==0.5.1->-r dev_requirements.txt (line 4)) (3.10.0)
Requirement already satisfied: grpcio<2.0.0 in /usr/local/lib/python3.6/site-packages (from seldon-core==0.5.1->-r dev_requirements.txt (line 4)) (1.24.3)
Requirement already satisfied: Flask-OpenTracing<1.2.0,>=1.1.0 in /usr/local/lib/python3.6/site-packages (from seldon-core==0.5.1->-r dev_requirements.txt (line 4)) (1.1.0)
Requirement already satisfied: opentracing<2.3.0,>=2.2.0 in /usr/local/lib/python3.6/site-packages (from seldon-core==0.5.1->-r dev_requirements.txt (line 4)) (2.2.0)
Requirement already satisfied: jaeger-client<4.2.0,>=4.1.0 in /usr/local/lib/python3.6/site-packages (from seldon-core==0.5.1->-r dev_requirements.txt (line 4)) (4.1.0)
Requirement already satisfied: grpcio-opentracing<1.2.0,>=1.1.4 in /usr/local/lib/python3.6/site-packages (from seldon-core==0.5.1->-r dev_requirements.txt (line 4)) (1.1.4)
Requirement already satisfied: pyaml<20.0.0 in /usr/local/lib/python3.6/site-packages (from seldon-core==0.5.1->-r dev_requirements.txt (line 4)) (19.4.1)
Requirement already satisfied: gunicorn<20.1.0,>=19.9.0 in /usr/local/lib/python3.6/site-packages (from seldon-core==0.5.1->-r dev_requirements.txt (line 4)) (20.0.4)
Requirement already satisfied: minio<6.0.0,>=4.0.9 in /usr/local/lib/python3.6/site-packages (from seldon-core==0.5.1->-r dev_requirements.txt (line 4)) (5.0.5)
Requirement already satisfied: azure-storage-blob<3.0.0,>=2.0.1 in /usr/local/lib/python3.6/site-packages (from seldon-core==0.5.1->-r dev_requirements.txt (line 4)) (2.1.0)
Requirement already satisfied: setuptools>=41.0.0 in /usr/local/lib/python3.6/site-packages (from seldon-core==0.5.1->-r dev_requirements.txt (line 4)) (41.4.0)
Requirement already satisfied: more-itertools>=4.0.0 in /usr/local/lib/python3.6/site-packages (from pytest->-r dev_requirements.txt (line 1)) (8.0.0)
Requirement already satisfied: attrs>=17.4.0 in /usr/local/lib/python3.6/site-packages (from pytest->-r dev_requirements.txt (line 1)) (19.3.0)
Requirement already satisfied: py>=1.5.0 in /usr/local/lib/python3.6/site-packages (from pytest->-r dev_requirements.txt (line 1)) (1.8.0)
Requirement already satisfied: wcwidth in /usr/local/lib/python3.6/site-packages (from pytest->-r dev_requirements.txt (line 1)) (0.1.7)
Requirement already satisfied: importlib-metadata>=0.12; python_version < "3.8" in /usr/local/lib/python3.6/site-packages (from pytest->-r dev_requirements.txt (line 1)) (0.23)
Requirement already satisfied: packaging in /usr/local/lib/python3.6/site-packages (from pytest->-r dev_requirements.txt (line 1)) (19.2)
Requirement already satisfied: pluggy<1.0,>=0.12 in /usr/local/lib/python3.6/site-packages (from pytest->-r dev_requirements.txt (line 1)) (0.13.1)
Requirement already satisfied: six>=1.7.0 in /usr/local/lib/python3.6/site-packages (from retrying->-r dev_requirements.txt (line 2)) (1.12.0)
Requirement already satisfied: click>=5.1 in /usr/local/lib/python3.6/site-packages (from Flask<2.0.0->seldon-core==0.5.1->-r dev_requirements.txt (line 4)) (7.0)
Requirement already satisfied: Werkzeug>=0.15 in /usr/local/lib/python3.6/site-packages (from Flask<2.0.0->seldon-core==0.5.1->-r dev_requirements.txt (line 4)) (0.16.0)
Requirement already satisfied: Jinja2>=2.10.1 in /usr/local/lib/python3.6/site-packages (from Flask<2.0.0->seldon-core==0.5.1->-r dev_requirements.txt (line 4)) (2.10.3)
Requirement already satisfied: itsdangerous>=0.24 in /usr/local/lib/python3.6/site-packages (from Flask<2.0.0->seldon-core==0.5.1->-r dev_requirements.txt (line 4)) (1.1.0)
Requirement already satisfied: idna<2.9,>=2.5 in /usr/local/lib/python3.6/site-packages (from requests<3.0.0->seldon-core==0.5.1->-r dev_requirements.txt (line 4)) (2.8)
Requirement already satisfied: urllib3!=1.25.0,!=1.25.1,<1.26,>=1.21.1 in /usr/local/lib/python3.6/site-packages (from requests<3.0.0->seldon-core==0.5.1->-r dev_requirements.txt (line 4)) (1.25.7)
Requirement already satisfied: certifi>=2017.4.17 in /usr/local/lib/python3.6/site-packages (from requests<3.0.0->seldon-core==0.5.1->-r dev_requirements.txt (line 4)) (2019.11.28)
Requirement already satisfied: chardet<3.1.0,>=3.0.2 in /usr/local/lib/python3.6/site-packages (from requests<3.0.0->seldon-core==0.5.1->-r dev_requirements.txt (line 4)) (3.0.4)
Requirement already satisfied: threadloop<2,>=1 in /usr/local/lib/python3.6/site-packages (from jaeger-client<4.2.0,>=4.1.0->seldon-core==0.5.1->-r dev_requirements.txt (line 4)) (1.0.2)
Requirement already satisfied: thrift in /usr/local/lib/python3.6/site-packages (from jaeger-client<4.2.0,>=4.1.0->seldon-core==0.5.1->-r dev_requirements.txt (line 4)) (0.13.0)
Requirement already satisfied: tornado<6,>=4.3 in /usr/local/lib/python3.6/site-packages (from jaeger-client<4.2.0,>=4.1.0->seldon-core==0.5.1->-r dev_requirements.txt (line 4)) (5.1.1)
Requirement already satisfied: PyYAML in /usr/local/lib/python3.6/site-packages (from pyaml<20.0.0->seldon-core==0.5.1->-r dev_requirements.txt (line 4)) (5.1.2)
Requirement already satisfied: python-dateutil in /usr/local/lib/python3.6/site-packages (from minio<6.0.0,>=4.0.9->seldon-core==0.5.1->-r dev_requirements.txt (line 4)) (2.8.1)
Requirement already satisfied: pytz in /usr/local/lib/python3.6/site-packages (from minio<6.0.0,>=4.0.9->seldon-core==0.5.1->-r dev_requirements.txt (line 4)) (2019.3)
Requirement already satisfied: azure-common>=1.1.5 in /usr/local/lib/python3.6/site-packages (from azure-storage-blob<3.0.0,>=2.0.1->seldon-core==0.5.1->-r dev_requirements.txt (line 4)) (1.1.23)
Requirement already satisfied: azure-storage-common~=2.1 in /usr/local/lib/python3.6/site-packages (from azure-storage-blob<3.0.0,>=2.0.1->seldon-core==0.5.1->-r dev_requirements.txt (line 4)) (2.1.0)
Requirement already satisfied: zipp>=0.5 in /usr/local/lib/python3.6/site-packages (from importlib-metadata>=0.12; python_version < "3.8"->pytest->-r dev_requirements.txt (line 1)) (0.6.0)
Requirement already satisfied: pyparsing>=2.0.2 in /usr/local/lib/python3.6/site-packages (from packaging->pytest->-r dev_requirements.txt (line 1)) (2.4.5)
Requirement already satisfied: MarkupSafe>=0.23 in /usr/local/lib/python3.6/site-packages (from Jinja2>=2.10.1->Flask<2.0.0->seldon-core==0.5.1->-r dev_requirements.txt (line 4)) (1.1.1)
Requirement already satisfied: cryptography in /usr/local/lib/python3.6/site-packages (from azure-storage-common~=2.1->azure-storage-blob<3.0.0,>=2.0.1->seldon-core==0.5.1->-r dev_requirements.txt (line 4)) (2.8)
Requirement already satisfied: cffi!=1.11.3,>=1.8 in /usr/local/lib/python3.6/site-packages (from cryptography->azure-storage-common~=2.1->azure-storage-blob<3.0.0,>=2.0.1->seldon-core==0.5.1->-r dev_requirements.txt (line 4)) (1.13.2)
Requirement already satisfied: pycparser in /usr/local/lib/python3.6/site-packages (from cffi!=1.11.3,>=1.8->cryptography->azure-storage-common~=2.1->azure-storage-blob<3.0.0,>=2.0.1->seldon-core==0.5.1->-r dev_requirements.txt (line 4)) (2.19)
Installing collected packages: retrying, seldon-core
    Running setup.py install for retrying: started
    Running setup.py install for retrying: finished with status 'done'
  Found existing installation: seldon-core 0.5.1
    Uninstalling seldon-core-0.5.1:
      Successfully uninstalled seldon-core-0.5.1
  Running setup.py develop for seldon-core
Successfully installed retrying-1.3.3 seldon-core
pip install pytest-xdist
Collecting pytest-xdist
  Downloading https://files.pythonhosted.org/packages/f7/80/2af1fc039f779f61c7207dc9f79a1479874e7795f869fddaf135efde1cd4/pytest_xdist-1.30.0-py2.py3-none-any.whl
Collecting execnet>=1.1
  Downloading https://files.pythonhosted.org/packages/d3/2e/c63af07fa471e0a02d05793c7a56a9f7d274a8489442a5dc4fb3b2b3c705/execnet-1.7.1-py2.py3-none-any.whl
Collecting pytest-forked
  Downloading https://files.pythonhosted.org/packages/03/1e/81235e1fcfed57a4e679d34794d60c01a1e9a29ef5b9844d797716111d80/pytest_forked-1.1.3-py2.py3-none-any.whl
Requirement already satisfied: six in /usr/local/lib/python3.6/site-packages (from pytest-xdist) (1.12.0)
Requirement already satisfied: pytest>=4.4.0 in /usr/local/lib/python3.6/site-packages (from pytest-xdist) (5.3.1)
Collecting apipkg>=1.4
  Downloading https://files.pythonhosted.org/packages/67/08/4815a09603fc800209431bec5b8bd2acf2f95abdfb558a44a42507fb94da/apipkg-1.5-py2.py3-none-any.whl
Requirement already satisfied: packaging in /usr/local/lib/python3.6/site-packages (from pytest>=4.4.0->pytest-xdist) (19.2)
Requirement already satisfied: py>=1.5.0 in /usr/local/lib/python3.6/site-packages (from pytest>=4.4.0->pytest-xdist) (1.8.0)
Requirement already satisfied: more-itertools>=4.0.0 in /usr/local/lib/python3.6/site-packages (from pytest>=4.4.0->pytest-xdist) (8.0.0)
Requirement already satisfied: wcwidth in /usr/local/lib/python3.6/site-packages (from pytest>=4.4.0->pytest-xdist) (0.1.7)
Requirement already satisfied: pluggy<1.0,>=0.12 in /usr/local/lib/python3.6/site-packages (from pytest>=4.4.0->pytest-xdist) (0.13.1)
Requirement already satisfied: importlib-metadata>=0.12; python_version < "3.8" in /usr/local/lib/python3.6/site-packages (from pytest>=4.4.0->pytest-xdist) (0.23)
Requirement already satisfied: attrs>=17.4.0 in /usr/local/lib/python3.6/site-packages (from pytest>=4.4.0->pytest-xdist) (19.3.0)
Requirement already satisfied: pyparsing>=2.0.2 in /usr/local/lib/python3.6/site-packages (from packaging->pytest>=4.4.0->pytest-xdist) (2.4.5)
Requirement already satisfied: zipp>=0.5 in /usr/local/lib/python3.6/site-packages (from importlib-metadata>=0.12; python_version < "3.8"->pytest>=4.4.0->pytest-xdist) (0.6.0)
Installing collected packages: apipkg, execnet, pytest-forked, pytest-xdist
Successfully installed apipkg-1.5 execnet-1.7.1 pytest-forked-1.1.3 pytest-xdist-1.30.0
# Run the core tests in parallel
pytest \
	--verbose \
	-s \
	-W ignore \
	--ignore test_s2i_python.py \
	-n "4"  2>&1
============================= test session starts ==============================
platform linux -- Python 3.6.0, pytest-5.3.1, py-1.8.0, pluggy-0.13.1 -- /usr/local/bin/python3.6
cachedir: .pytest_cache
rootdir: /
plugins: xdist-1.30.0, forked-1.1.3, cov-2.8.1
gw0 I / gw1 I / gw2 I / gw3 I
[gw0] linux Python 3.6.0 cwd: /workspace/source/testing/scripts
[gw1] linux Python 3.6.0 cwd: /workspace/source/testing/scripts
[gw2] linux Python 3.6.0 cwd: /workspace/source/testing/scripts
[gw3] linux Python 3.6.0 cwd: /workspace/source/testing/scripts
[gw0] Python 3.6.0 (default, Oct 23 2019, 00:09:49)  -- [GCC 6.3.0 20170516]
[gw2] Python 3.6.0 (default, Oct 23 2019, 00:09:49)  -- [GCC 6.3.0 20170516]
[gw1] Python 3.6.0 (default, Oct 23 2019, 00:09:49)  -- [GCC 6.3.0 20170516]
[gw3] Python 3.6.0 (default, Oct 23 2019, 00:09:49)  -- [GCC 6.3.0 20170516]
gw0 [19] / gw1 [19] / gw2 [19] / gw3 [19]

scheduling tests via LoadScheduling

test_helm_charts_clusterwide.py::TestClusterWide::test_single_model 
test_helm_charts_clusterwide.py::TestClusterWide::test_abtest_model 
test_bad_graphs.py::TestBadGraphs::test_duplicate_predictor_name 
test_bad_graphs.py::TestBadGraphs::test_model_name_mismatch Error from server (SeldonDeployment.machinelearing.seldon.io "namemismatch" is invalid: spec.predictors[0].graph: Invalid value: "complex-model_bad_name": Can't find container for Predictive Unit): error when creating "../resources/bad_name_mismatch.json": admission webhook "vseldondeployment.kb.io" denied the request: SeldonDeployment.machinelearing.seldon.io "namemismatch" is invalid: spec.predictors[0].graph: Invalid value: "complex-model_bad_name": Can't find container for Predictive Unit
Error from server (SeldonDeployment.machinelearing.seldon.io "dupname" is invalid: [spec.predictors[1]: Invalid value: "mymodel": Duplicate predictor name, spec: Invalid value: "dupname": Traffic must sum to 100 for multiple predictors]): error when creating "../resources/bad_duplicate_predictor_name.json": admission webhook "vseldondeployment.kb.io" denied the request: SeldonDeployment.machinelearing.seldon.io "dupname" is invalid: [spec.predictors[1]: Invalid value: "mymodel": Duplicate predictor name, spec: Invalid value: "dupname": Traffic must sum to 100 for multiple predictors]

[gw2] PASSED test_bad_graphs.py::TestBadGraphs::test_model_name_mismatch 
[gw0] PASSED test_bad_graphs.py::TestBadGraphs::test_duplicate_predictor_name 
test_prepackaged_servers.py::TestPrepack::test_sklearn 
test_helm_charts_clusterwide.py::TestClusterWide::test_mab_model Error from server (NotFound): deployments.extensions "mymodel-mymodel-7cd068f" not found
Error from server (NotFound): deployments.extensions "mymab-mymab-41de5b8" not found
Error from server (NotFound): deployments.extensions "iris-default-4903e3c" not found
--- Logging error ---
Traceback (most recent call last):
  File "/usr/local/lib/python3.6/logging/__init__.py", line 987, in emit
    msg = self.format(record)
  File "/usr/local/lib/python3.6/logging/__init__.py", line 833, in format
    return fmt.format(record)
  File "/usr/local/lib/python3.6/site-packages/_pytest/logging.py", line 70, in format
    return super().format(record)
  File "/usr/local/lib/python3.6/logging/__init__.py", line 570, in format
    record.message = record.getMessage()
  File "/usr/local/lib/python3.6/logging/__init__.py", line 333, in getMessage
    msg = msg % self.args
TypeError: not all arguments converted during string formatting
Call stack:
  File "<string>", line 1, in <module>
  File "<string>", line 8, in <module>
  File "/usr/local/lib/python3.6/site-packages/execnet/gateway_base.py", line 1554, in serve
    SlaveGateway(io=io, id=id, _startcount=2).serve()
  File "/usr/local/lib/python3.6/site-packages/execnet/gateway_base.py", line 1060, in serve
    self._execpool.integrate_as_primary_thread()
  File "/usr/local/lib/python3.6/site-packages/execnet/gateway_base.py", line 267, in integrate_as_primary_thread
    self._perform_spawn(reply)
  File "/usr/local/lib/python3.6/site-packages/execnet/gateway_base.py", line 285, in _perform_spawn
    reply.run()
  File "/usr/local/lib/python3.6/site-packages/execnet/gateway_base.py", line 220, in run
    self._result = func(*args, **kwargs)
  File "/usr/local/lib/python3.6/site-packages/execnet/gateway_base.py", line 1084, in executetask
    do_exec(co, loc)  # noqa
  File "/usr/local/lib/python3.6/site-packages/xdist/remote.py", line 258, in <module>
    config.hook.pytest_cmdline_main(config=config)
  File "/usr/local/lib/python3.6/site-packages/pluggy/hooks.py", line 286, in __call__
    return self._hookexec(self, self.get_hookimpls(), kwargs)
  File "/usr/local/lib/python3.6/site-packages/pluggy/manager.py", line 93, in _hookexec
    return self._inner_hookexec(hook, methods, kwargs)
  File "/usr/local/lib/python3.6/site-packages/pluggy/manager.py", line 87, in <lambda>
    firstresult=hook.spec.opts.get("firstresult") if hook.spec else False,
  File "/usr/local/lib/python3.6/site-packages/pluggy/callers.py", line 187, in _multicall
    res = hook_impl.function(*args)
  File "/usr/local/lib/python3.6/site-packages/_pytest/main.py", line 239, in pytest_cmdline_main
    return wrap_session(config, _main)
  File "/usr/local/lib/python3.6/site-packages/_pytest/main.py", line 196, in wrap_session
    session.exitstatus = doit(config, session) or 0
  File "/usr/local/lib/python3.6/site-packages/_pytest/main.py", line 246, in _main
    config.hook.pytest_runtestloop(session=session)
  File "/usr/local/lib/python3.6/site-packages/pluggy/hooks.py", line 286, in __call__
    return self._hookexec(self, self.get_hookimpls(), kwargs)
  File "/usr/local/lib/python3.6/site-packages/pluggy/manager.py", line 93, in _hookexec
    return self._inner_hookexec(hook, methods, kwargs)
  File "/usr/local/lib/python3.6/site-packages/pluggy/manager.py", line 87, in <lambda>
    firstresult=hook.spec.opts.get("firstresult") if hook.spec else False,
  File "/usr/local/lib/python3.6/site-packages/pluggy/callers.py", line 187, in _multicall
    res = hook_impl.function(*args)
  File "/usr/local/lib/python3.6/site-packages/xdist/remote.py", line 70, in pytest_runtestloop
    self.run_one_test(torun)
  File "/usr/local/lib/python3.6/site-packages/xdist/remote.py", line 87, in run_one_test
    self.config.hook.pytest_runtest_protocol(item=item, nextitem=nextitem)
  File "/usr/local/lib/python3.6/site-packages/pluggy/hooks.py", line 286, in __call__
    return self._hookexec(self, self.get_hookimpls(), kwargs)
  File "/usr/local/lib/python3.6/site-packages/pluggy/manager.py", line 93, in _hookexec
    return self._inner_hookexec(hook, methods, kwargs)
  File "/usr/local/lib/python3.6/site-packages/pluggy/manager.py", line 87, in <lambda>
    firstresult=hook.spec.opts.get("firstresult") if hook.spec else False,
  File "/usr/local/lib/python3.6/site-packages/pluggy/callers.py", line 187, in _multicall
    res = hook_impl.function(*args)
  File "/usr/local/lib/python3.6/site-packages/_pytest/runner.py", line 81, in pytest_runtest_protocol
    runtestprotocol(item, nextitem=nextitem)
  File "/usr/local/lib/python3.6/site-packages/_pytest/runner.py", line 96, in runtestprotocol
    reports.append(call_and_report(item, "call", log))
  File "/usr/local/lib/python3.6/site-packages/_pytest/runner.py", line 182, in call_and_report
    call = call_runtest_hook(item, when, **kwds)
  File "/usr/local/lib/python3.6/site-packages/_pytest/runner.py", line 207, in call_runtest_hook
    lambda: ihook(item=item, **kwds), when=when, reraise=reraise
  File "/usr/local/lib/python3.6/site-packages/_pytest/runner.py", line 234, in from_call
    result = func()
  File "/usr/local/lib/python3.6/site-packages/_pytest/runner.py", line 207, in <lambda>
    lambda: ihook(item=item, **kwds), when=when, reraise=reraise
  File "/usr/local/lib/python3.6/site-packages/pluggy/hooks.py", line 286, in __call__
    return self._hookexec(self, self.get_hookimpls(), kwargs)
  File "/usr/local/lib/python3.6/site-packages/pluggy/manager.py", line 93, in _hookexec
    return self._inner_hookexec(hook, methods, kwargs)
  File "/usr/local/lib/python3.6/site-packages/pluggy/manager.py", line 87, in <lambda>
    firstresult=hook.spec.opts.get("firstresult") if hook.spec else False,
  File "/usr/local/lib/python3.6/site-packages/pluggy/callers.py", line 187, in _multicall
    res = hook_impl.function(*args)
  File "/usr/local/lib/python3.6/site-packages/_pytest/runner.py", line 131, in pytest_runtest_call
    item.runtest()
  File "/usr/local/lib/python3.6/site-packages/_pytest/python.py", line 1435, in runtest
    self.ihook.pytest_pyfunc_call(pyfuncitem=self)
  File "/usr/local/lib/python3.6/site-packages/pluggy/hooks.py", line 286, in __call__
    return self._hookexec(self, self.get_hookimpls(), kwargs)
  File "/usr/local/lib/python3.6/site-packages/pluggy/manager.py", line 93, in _hookexec
    return self._inner_hookexec(hook, methods, kwargs)
  File "/usr/local/lib/python3.6/site-packages/pluggy/manager.py", line 87, in <lambda>
    firstresult=hook.spec.opts.get("firstresult") if hook.spec else False,
  File "/usr/local/lib/python3.6/site-packages/pluggy/callers.py", line 187, in _multicall
    res = hook_impl.function(*args)
  File "/usr/local/lib/python3.6/site-packages/_pytest/python.py", line 166, in pytest_pyfunc_call
    result = testfunction(**testargs)
  File "/workspace/source/testing/scripts/test_helm_charts_clusterwide.py", line 49, in test_abtest_model
    initial_rest_request("myabtest", namespace)
  File "/workspace/source/testing/scripts/seldon_e2e_utils.py", line 134, in initial_rest_request
    names=names,
  File "/workspace/source/testing/scripts/seldon_e2e_utils.py", line 107, in rest_request
    logging.warning("Bad status:", r.status_code)
  File "/usr/local/lib/python3.6/logging/__init__.py", line 1855, in warning
    root.warning(msg, *args, **kwargs)
  File "/usr/local/lib/python3.6/logging/__init__.py", line 1313, in warning
    self._log(WARNING, msg, args, **kwargs)
  File "/usr/local/lib/python3.6/logging/__init__.py", line 1437, in _log
    self.handle(record)
  File "/usr/local/lib/python3.6/logging/__init__.py", line 1447, in handle
    self.callHandlers(record)
  File "/usr/local/lib/python3.6/logging/__init__.py", line 1509, in callHandlers
    hdlr.handle(record)
  File "/usr/local/lib/python3.6/logging/__init__.py", line 858, in handle
    self.emit(record)
  File "/usr/local/lib/python3.6/site-packages/_pytest/logging.py", line 301, in emit
    logging.StreamHandler.emit(self, record)
Message: 'Bad status:'
Arguments: (404,)
--- Logging error ---
Traceback (most recent call last):
  File "/usr/local/lib/python3.6/logging/__init__.py", line 987, in emit
    msg = self.format(record)
  File "/usr/local/lib/python3.6/logging/__init__.py", line 833, in format
    return fmt.format(record)
  File "/usr/local/lib/python3.6/site-packages/_pytest/logging.py", line 70, in format
    return super().format(record)
  File "/usr/local/lib/python3.6/logging/__init__.py", line 570, in format
    record.message = record.getMessage()
  File "/usr/local/lib/python3.6/logging/__init__.py", line 333, in getMessage
    msg = msg % self.args
TypeError: not all arguments converted during string formatting
Call stack:
  File "<string>", line 1, in <module>
  File "<string>", line 8, in <module>
  File "/usr/local/lib/python3.6/site-packages/execnet/gateway_base.py", line 1554, in serve
    SlaveGateway(io=io, id=id, _startcount=2).serve()
  File "/usr/local/lib/python3.6/site-packages/execnet/gateway_base.py", line 1060, in serve
    self._execpool.integrate_as_primary_thread()
  File "/usr/local/lib/python3.6/site-packages/execnet/gateway_base.py", line 267, in integrate_as_primary_thread
    self._perform_spawn(reply)
  File "/usr/local/lib/python3.6/site-packages/execnet/gateway_base.py", line 285, in _perform_spawn
    reply.run()
  File "/usr/local/lib/python3.6/site-packages/execnet/gateway_base.py", line 220, in run
    self._result = func(*args, **kwargs)
  File "/usr/local/lib/python3.6/site-packages/execnet/gateway_base.py", line 1084, in executetask
    do_exec(co, loc)  # noqa
  File "/usr/local/lib/python3.6/site-packages/xdist/remote.py", line 258, in <module>
    config.hook.pytest_cmdline_main(config=config)
  File "/usr/local/lib/python3.6/site-packages/pluggy/hooks.py", line 286, in __call__
    return self._hookexec(self, self.get_hookimpls(), kwargs)
  File "/usr/local/lib/python3.6/site-packages/pluggy/manager.py", line 93, in _hookexec
    return self._inner_hookexec(hook, methods, kwargs)
  File "/usr/local/lib/python3.6/site-packages/pluggy/manager.py", line 87, in <lambda>
    firstresult=hook.spec.opts.get("firstresult") if hook.spec else False,
  File "/usr/local/lib/python3.6/site-packages/pluggy/callers.py", line 187, in _multicall
    res = hook_impl.function(*args)
  File "/usr/local/lib/python3.6/site-packages/_pytest/main.py", line 239, in pytest_cmdline_main
    return wrap_session(config, _main)
  File "/usr/local/lib/python3.6/site-packages/_pytest/main.py", line 196, in wrap_session
    session.exitstatus = doit(config, session) or 0
  File "/usr/local/lib/python3.6/site-packages/_pytest/main.py", line 246, in _main
    config.hook.pytest_runtestloop(session=session)
  File "/usr/local/lib/python3.6/site-packages/pluggy/hooks.py", line 286, in __call__
    return self._hookexec(self, self.get_hookimpls(), kwargs)
  File "/usr/local/lib/python3.6/site-packages/pluggy/manager.py", line 93, in _hookexec
    return self._inner_hookexec(hook, methods, kwargs)
  File "/usr/local/lib/python3.6/site-packages/pluggy/manager.py", line 87, in <lambda>
    firstresult=hook.spec.opts.get("firstresult") if hook.spec else False,
  File "/usr/local/lib/python3.6/site-packages/pluggy/callers.py", line 187, in _multicall
    res = hook_impl.function(*args)
  File "/usr/local/lib/python3.6/site-packages/xdist/remote.py", line 70, in pytest_runtestloop
    self.run_one_test(torun)
  File "/usr/local/lib/python3.6/site-packages/xdist/remote.py", line 87, in run_one_test
    self.config.hook.pytest_runtest_protocol(item=item, nextitem=nextitem)
  File "/usr/local/lib/python3.6/site-packages/pluggy/hooks.py", line 286, in __call__
    return self._hookexec(self, self.get_hookimpls(), kwargs)
  File "/usr/local/lib/python3.6/site-packages/pluggy/manager.py", line 93, in _hookexec
    return self._inner_hookexec(hook, methods, kwargs)
  File "/usr/local/lib/python3.6/site-packages/pluggy/manager.py", line 87, in <lambda>
    firstresult=hook.spec.opts.get("firstresult") if hook.spec else False,
  File "/usr/local/lib/python3.6/site-packages/pluggy/callers.py", line 187, in _multicall
    res = hook_impl.function(*args)
  File "/usr/local/lib/python3.6/site-packages/_pytest/runner.py", line 81, in pytest_runtest_protocol
    runtestprotocol(item, nextitem=nextitem)
  File "/usr/local/lib/python3.6/site-packages/_pytest/runner.py", line 96, in runtestprotocol
    reports.append(call_and_report(item, "call", log))
  File "/usr/local/lib/python3.6/site-packages/_pytest/runner.py", line 182, in call_and_report
    call = call_runtest_hook(item, when, **kwds)
  File "/usr/local/lib/python3.6/site-packages/_pytest/runner.py", line 207, in call_runtest_hook
    lambda: ihook(item=item, **kwds), when=when, reraise=reraise
  File "/usr/local/lib/python3.6/site-packages/_pytest/runner.py", line 234, in from_call
    result = func()
  File "/usr/local/lib/python3.6/site-packages/_pytest/runner.py", line 207, in <lambda>
    lambda: ihook(item=item, **kwds), when=when, reraise=reraise
  File "/usr/local/lib/python3.6/site-packages/pluggy/hooks.py", line 286, in __call__
    return self._hookexec(self, self.get_hookimpls(), kwargs)
  File "/usr/local/lib/python3.6/site-packages/pluggy/manager.py", line 93, in _hookexec
    return self._inner_hookexec(hook, methods, kwargs)
  File "/usr/local/lib/python3.6/site-packages/pluggy/manager.py", line 87, in <lambda>
    firstresult=hook.spec.opts.get("firstresult") if hook.spec else False,
  File "/usr/local/lib/python3.6/site-packages/pluggy/callers.py", line 187, in _multicall
    res = hook_impl.function(*args)
  File "/usr/local/lib/python3.6/site-packages/_pytest/runner.py", line 131, in pytest_runtest_call
    item.runtest()
  File "/usr/local/lib/python3.6/site-packages/_pytest/python.py", line 1435, in runtest
    self.ihook.pytest_pyfunc_call(pyfuncitem=self)
  File "/usr/local/lib/python3.6/site-packages/pluggy/hooks.py", line 286, in __call__
    return self._hookexec(self, self.get_hookimpls(), kwargs)
  File "/usr/local/lib/python3.6/site-packages/pluggy/manager.py", line 93, in _hookexec
    return self._inner_hookexec(hook, methods, kwargs)
  File "/usr/local/lib/python3.6/site-packages/pluggy/manager.py", line 87, in <lambda>
    firstresult=hook.spec.opts.get("firstresult") if hook.spec else False,
  File "/usr/local/lib/python3.6/site-packages/pluggy/callers.py", line 187, in _multicall
    res = hook_impl.function(*args)
  File "/usr/local/lib/python3.6/site-packages/_pytest/python.py", line 166, in pytest_pyfunc_call
    result = testfunction(**testargs)
  File "/workspace/source/testing/scripts/test_helm_charts_clusterwide.py", line 26, in test_single_model
    initial_rest_request("mymodel", namespace)
  File "/workspace/source/testing/scripts/seldon_e2e_utils.py", line 134, in initial_rest_request
    names=names,
  File "/workspace/source/testing/scripts/seldon_e2e_utils.py", line 107, in rest_request
    logging.warning("Bad status:", r.status_code)
  File "/usr/local/lib/python3.6/logging/__init__.py", line 1855, in warning
    root.warning(msg, *args, **kwargs)
  File "/usr/local/lib/python3.6/logging/__init__.py", line 1313, in warning
    self._log(WARNING, msg, args, **kwargs)
  File "/usr/local/lib/python3.6/logging/__init__.py", line 1437, in _log
    self.handle(record)
  File "/usr/local/lib/python3.6/logging/__init__.py", line 1447, in handle
    self.callHandlers(record)
  File "/usr/local/lib/python3.6/logging/__init__.py", line 1509, in callHandlers
    hdlr.handle(record)
  File "/usr/local/lib/python3.6/logging/__init__.py", line 858, in handle
    self.emit(record)
  File "/usr/local/lib/python3.6/site-packages/_pytest/logging.py", line 301, in emit
    logging.StreamHandler.emit(self, record)
Message: 'Bad status:'
Arguments: (404,)
--- Logging error ---
Traceback (most recent call last):
  File "/usr/local/lib/python3.6/logging/__init__.py", line 987, in emit
    msg = self.format(record)
  File "/usr/local/lib/python3.6/logging/__init__.py", line 833, in format
    return fmt.format(record)
  File "/usr/local/lib/python3.6/site-packages/_pytest/logging.py", line 70, in format
    return super().format(record)
  File "/usr/local/lib/python3.6/logging/__init__.py", line 570, in format
    record.message = record.getMessage()
  File "/usr/local/lib/python3.6/logging/__init__.py", line 333, in getMessage
    msg = msg % self.args
TypeError: not all arguments converted during string formatting
Call stack:
  File "<string>", line 1, in <module>
  File "<string>", line 8, in <module>
  File "/usr/local/lib/python3.6/site-packages/execnet/gateway_base.py", line 1554, in serve
    SlaveGateway(io=io, id=id, _startcount=2).serve()
  File "/usr/local/lib/python3.6/site-packages/execnet/gateway_base.py", line 1060, in serve
    self._execpool.integrate_as_primary_thread()
  File "/usr/local/lib/python3.6/site-packages/execnet/gateway_base.py", line 267, in integrate_as_primary_thread
    self._perform_spawn(reply)
  File "/usr/local/lib/python3.6/site-packages/execnet/gateway_base.py", line 285, in _perform_spawn
    reply.run()
  File "/usr/local/lib/python3.6/site-packages/execnet/gateway_base.py", line 220, in run
    self._result = func(*args, **kwargs)
  File "/usr/local/lib/python3.6/site-packages/execnet/gateway_base.py", line 1084, in executetask
    do_exec(co, loc)  # noqa
  File "/usr/local/lib/python3.6/site-packages/xdist/remote.py", line 258, in <module>
    config.hook.pytest_cmdline_main(config=config)
  File "/usr/local/lib/python3.6/site-packages/pluggy/hooks.py", line 286, in __call__
    return self._hookexec(self, self.get_hookimpls(), kwargs)
  File "/usr/local/lib/python3.6/site-packages/pluggy/manager.py", line 93, in _hookexec
    return self._inner_hookexec(hook, methods, kwargs)
  File "/usr/local/lib/python3.6/site-packages/pluggy/manager.py", line 87, in <lambda>
    firstresult=hook.spec.opts.get("firstresult") if hook.spec else False,
  File "/usr/local/lib/python3.6/site-packages/pluggy/callers.py", line 187, in _multicall
    res = hook_impl.function(*args)
  File "/usr/local/lib/python3.6/site-packages/_pytest/main.py", line 239, in pytest_cmdline_main
    return wrap_session(config, _main)
  File "/usr/local/lib/python3.6/site-packages/_pytest/main.py", line 196, in wrap_session
    session.exitstatus = doit(config, session) or 0
  File "/usr/local/lib/python3.6/site-packages/_pytest/main.py", line 246, in _main
    config.hook.pytest_runtestloop(session=session)
  File "/usr/local/lib/python3.6/site-packages/pluggy/hooks.py", line 286, in __call__
    return self._hookexec(self, self.get_hookimpls(), kwargs)
  File "/usr/local/lib/python3.6/site-packages/pluggy/manager.py", line 93, in _hookexec
    return self._inner_hookexec(hook, methods, kwargs)
  File "/usr/local/lib/python3.6/site-packages/pluggy/manager.py", line 87, in <lambda>
    firstresult=hook.spec.opts.get("firstresult") if hook.spec else False,
  File "/usr/local/lib/python3.6/site-packages/pluggy/callers.py", line 187, in _multicall
    res = hook_impl.function(*args)
  File "/usr/local/lib/python3.6/site-packages/xdist/remote.py", line 70, in pytest_runtestloop
    self.run_one_test(torun)
  File "/usr/local/lib/python3.6/site-packages/xdist/remote.py", line 87, in run_one_test
    self.config.hook.pytest_runtest_protocol(item=item, nextitem=nextitem)
  File "/usr/local/lib/python3.6/site-packages/pluggy/hooks.py", line 286, in __call__
    return self._hookexec(self, self.get_hookimpls(), kwargs)
  File "/usr/local/lib/python3.6/site-packages/pluggy/manager.py", line 93, in _hookexec
    return self._inner_hookexec(hook, methods, kwargs)
  File "/usr/local/lib/python3.6/site-packages/pluggy/manager.py", line 87, in <lambda>
    firstresult=hook.spec.opts.get("firstresult") if hook.spec else False,
  File "/usr/local/lib/python3.6/site-packages/pluggy/callers.py", line 187, in _multicall
    res = hook_impl.function(*args)
  File "/usr/local/lib/python3.6/site-packages/_pytest/runner.py", line 81, in pytest_runtest_protocol
    runtestprotocol(item, nextitem=nextitem)
  File "/usr/local/lib/python3.6/site-packages/_pytest/runner.py", line 96, in runtestprotocol
    reports.append(call_and_report(item, "call", log))
  File "/usr/local/lib/python3.6/site-packages/_pytest/runner.py", line 182, in call_and_report
    call = call_runtest_hook(item, when, **kwds)
  File "/usr/local/lib/python3.6/site-packages/_pytest/runner.py", line 207, in call_runtest_hook
    lambda: ihook(item=item, **kwds), when=when, reraise=reraise
  File "/usr/local/lib/python3.6/site-packages/_pytest/runner.py", line 234, in from_call
    result = func()
  File "/usr/local/lib/python3.6/site-packages/_pytest/runner.py", line 207, in <lambda>
    lambda: ihook(item=item, **kwds), when=when, reraise=reraise
  File "/usr/local/lib/python3.6/site-packages/pluggy/hooks.py", line 286, in __call__
    return self._hookexec(self, self.get_hookimpls(), kwargs)
  File "/usr/local/lib/python3.6/site-packages/pluggy/manager.py", line 93, in _hookexec
    return self._inner_hookexec(hook, methods, kwargs)
  File "/usr/local/lib/python3.6/site-packages/pluggy/manager.py", line 87, in <lambda>
    firstresult=hook.spec.opts.get("firstresult") if hook.spec else False,
  File "/usr/local/lib/python3.6/site-packages/pluggy/callers.py", line 187, in _multicall
    res = hook_impl.function(*args)
  File "/usr/local/lib/python3.6/site-packages/_pytest/runner.py", line 131, in pytest_runtest_call
    item.runtest()
  File "/usr/local/lib/python3.6/site-packages/_pytest/python.py", line 1435, in runtest
    self.ihook.pytest_pyfunc_call(pyfuncitem=self)
  File "/usr/local/lib/python3.6/site-packages/pluggy/hooks.py", line 286, in __call__
    return self._hookexec(self, self.get_hookimpls(), kwargs)
  File "/usr/local/lib/python3.6/site-packages/pluggy/manager.py", line 93, in _hookexec
    return self._inner_hookexec(hook, methods, kwargs)
  File "/usr/local/lib/python3.6/site-packages/pluggy/manager.py", line 87, in <lambda>
    firstresult=hook.spec.opts.get("firstresult") if hook.spec else False,
  File "/usr/local/lib/python3.6/site-packages/pluggy/callers.py", line 187, in _multicall
    res = hook_impl.function(*args)
  File "/usr/local/lib/python3.6/site-packages/_pytest/python.py", line 166, in pytest_pyfunc_call
    result = testfunction(**testargs)
  File "/workspace/source/testing/scripts/test_helm_charts_clusterwide.py", line 74, in test_mab_model
    initial_rest_request("mymab", namespace)
  File "/workspace/source/testing/scripts/seldon_e2e_utils.py", line 134, in initial_rest_request
    names=names,
  File "/workspace/source/testing/scripts/seldon_e2e_utils.py", line 107, in rest_request
    logging.warning("Bad status:", r.status_code)
  File "/usr/local/lib/python3.6/logging/__init__.py", line 1855, in warning
    root.warning(msg, *args, **kwargs)
  File "/usr/local/lib/python3.6/logging/__init__.py", line 1313, in warning
    self._log(WARNING, msg, args, **kwargs)
  File "/usr/local/lib/python3.6/logging/__init__.py", line 1437, in _log
    self.handle(record)
  File "/usr/local/lib/python3.6/logging/__init__.py", line 1447, in handle
    self.callHandlers(record)
  File "/usr/local/lib/python3.6/logging/__init__.py", line 1509, in callHandlers
    hdlr.handle(record)
  File "/usr/local/lib/python3.6/logging/__init__.py", line 858, in handle
    self.emit(record)
  File "/usr/local/lib/python3.6/site-packages/_pytest/logging.py", line 301, in emit
    logging.StreamHandler.emit(self, record)
Message: 'Bad status:'
Arguments: (404,)
--- Logging error ---
Traceback (most recent call last):
  File "/usr/local/lib/python3.6/logging/__init__.py", line 987, in emit
    msg = self.format(record)
  File "/usr/local/lib/python3.6/logging/__init__.py", line 833, in format
    return fmt.format(record)
  File "/usr/local/lib/python3.6/site-packages/_pytest/logging.py", line 70, in format
    return super().format(record)
  File "/usr/local/lib/python3.6/logging/__init__.py", line 570, in format
    record.message = record.getMessage()
  File "/usr/local/lib/python3.6/logging/__init__.py", line 333, in getMessage
    msg = msg % self.args
TypeError: not all arguments converted during string formatting
Call stack:
  File "<string>", line 1, in <module>
  File "<string>", line 8, in <module>
  File "/usr/local/lib/python3.6/site-packages/execnet/gateway_base.py", line 1554, in serve
    SlaveGateway(io=io, id=id, _startcount=2).serve()
  File "/usr/local/lib/python3.6/site-packages/execnet/gateway_base.py", line 1060, in serve
    self._execpool.integrate_as_primary_thread()
  File "/usr/local/lib/python3.6/site-packages/execnet/gateway_base.py", line 267, in integrate_as_primary_thread
    self._perform_spawn(reply)
  File "/usr/local/lib/python3.6/site-packages/execnet/gateway_base.py", line 285, in _perform_spawn
    reply.run()
  File "/usr/local/lib/python3.6/site-packages/execnet/gateway_base.py", line 220, in run
    self._result = func(*args, **kwargs)
  File "/usr/local/lib/python3.6/site-packages/execnet/gateway_base.py", line 1084, in executetask
    do_exec(co, loc)  # noqa
  File "/usr/local/lib/python3.6/site-packages/xdist/remote.py", line 258, in <module>
    config.hook.pytest_cmdline_main(config=config)
  File "/usr/local/lib/python3.6/site-packages/pluggy/hooks.py", line 286, in __call__
    return self._hookexec(self, self.get_hookimpls(), kwargs)
  File "/usr/local/lib/python3.6/site-packages/pluggy/manager.py", line 93, in _hookexec
    return self._inner_hookexec(hook, methods, kwargs)
  File "/usr/local/lib/python3.6/site-packages/pluggy/manager.py", line 87, in <lambda>
    firstresult=hook.spec.opts.get("firstresult") if hook.spec else False,
  File "/usr/local/lib/python3.6/site-packages/pluggy/callers.py", line 187, in _multicall
    res = hook_impl.function(*args)
  File "/usr/local/lib/python3.6/site-packages/_pytest/main.py", line 239, in pytest_cmdline_main
    return wrap_session(config, _main)
  File "/usr/local/lib/python3.6/site-packages/_pytest/main.py", line 196, in wrap_session
    session.exitstatus = doit(config, session) or 0
  File "/usr/local/lib/python3.6/site-packages/_pytest/main.py", line 246, in _main
    config.hook.pytest_runtestloop(session=session)
  File "/usr/local/lib/python3.6/site-packages/pluggy/hooks.py", line 286, in __call__
    return self._hookexec(self, self.get_hookimpls(), kwargs)
  File "/usr/local/lib/python3.6/site-packages/pluggy/manager.py", line 93, in _hookexec
    return self._inner_hookexec(hook, methods, kwargs)
  File "/usr/local/lib/python3.6/site-packages/pluggy/manager.py", line 87, in <lambda>
    firstresult=hook.spec.opts.get("firstresult") if hook.spec else False,
  File "/usr/local/lib/python3.6/site-packages/pluggy/callers.py", line 187, in _multicall
    res = hook_impl.function(*args)
  File "/usr/local/lib/python3.6/site-packages/xdist/remote.py", line 70, in pytest_runtestloop
    self.run_one_test(torun)
  File "/usr/local/lib/python3.6/site-packages/xdist/remote.py", line 87, in run_one_test
    self.config.hook.pytest_runtest_protocol(item=item, nextitem=nextitem)
  File "/usr/local/lib/python3.6/site-packages/pluggy/hooks.py", line 286, in __call__
    return self._hookexec(self, self.get_hookimpls(), kwargs)
  File "/usr/local/lib/python3.6/site-packages/pluggy/manager.py", line 93, in _hookexec
    return self._inner_hookexec(hook, methods, kwargs)
  File "/usr/local/lib/python3.6/site-packages/pluggy/manager.py", line 87, in <lambda>
    firstresult=hook.spec.opts.get("firstresult") if hook.spec else False,
  File "/usr/local/lib/python3.6/site-packages/pluggy/callers.py", line 187, in _multicall
    res = hook_impl.function(*args)
  File "/usr/local/lib/python3.6/site-packages/_pytest/runner.py", line 81, in pytest_runtest_protocol
    runtestprotocol(item, nextitem=nextitem)
  File "/usr/local/lib/python3.6/site-packages/_pytest/runner.py", line 96, in runtestprotocol
    reports.append(call_and_report(item, "call", log))
  File "/usr/local/lib/python3.6/site-packages/_pytest/runner.py", line 182, in call_and_report
    call = call_runtest_hook(item, when, **kwds)
  File "/usr/local/lib/python3.6/site-packages/_pytest/runner.py", line 207, in call_runtest_hook
    lambda: ihook(item=item, **kwds), when=when, reraise=reraise
  File "/usr/local/lib/python3.6/site-packages/_pytest/runner.py", line 234, in from_call
    result = func()
  File "/usr/local/lib/python3.6/site-packages/_pytest/runner.py", line 207, in <lambda>
    lambda: ihook(item=item, **kwds), when=when, reraise=reraise
  File "/usr/local/lib/python3.6/site-packages/pluggy/hooks.py", line 286, in __call__
    return self._hookexec(self, self.get_hookimpls(), kwargs)
  File "/usr/local/lib/python3.6/site-packages/pluggy/manager.py", line 93, in _hookexec
    return self._inner_hookexec(hook, methods, kwargs)
  File "/usr/local/lib/python3.6/site-packages/pluggy/manager.py", line 87, in <lambda>
    firstresult=hook.spec.opts.get("firstresult") if hook.spec else False,
  File "/usr/local/lib/python3.6/site-packages/pluggy/callers.py", line 187, in _multicall
    res = hook_impl.function(*args)
  File "/usr/local/lib/python3.6/site-packages/_pytest/runner.py", line 131, in pytest_runtest_call
    item.runtest()
  File "/usr/local/lib/python3.6/site-packages/_pytest/python.py", line 1435, in runtest
    self.ihook.pytest_pyfunc_call(pyfuncitem=self)
  File "/usr/local/lib/python3.6/site-packages/pluggy/hooks.py", line 286, in __call__
    return self._hookexec(self, self.get_hookimpls(), kwargs)
  File "/usr/local/lib/python3.6/site-packages/pluggy/manager.py", line 93, in _hookexec
    return self._inner_hookexec(hook, methods, kwargs)
  File "/usr/local/lib/python3.6/site-packages/pluggy/manager.py", line 87, in <lambda>
    firstresult=hook.spec.opts.get("firstresult") if hook.spec else False,
  File "/usr/local/lib/python3.6/site-packages/pluggy/callers.py", line 187, in _multicall
    res = hook_impl.function(*args)
  File "/usr/local/lib/python3.6/site-packages/_pytest/python.py", line 166, in pytest_pyfunc_call
    result = testfunction(**testargs)
  File "/workspace/source/testing/scripts/test_helm_charts_clusterwide.py", line 26, in test_single_model
    initial_rest_request("mymodel", namespace)
  File "/workspace/source/testing/scripts/seldon_e2e_utils.py", line 147, in initial_rest_request
    names=names,
  File "/workspace/source/testing/scripts/seldon_e2e_utils.py", line 107, in rest_request
    logging.warning("Bad status:", r.status_code)
  File "/usr/local/lib/python3.6/logging/__init__.py", line 1855, in warning
    root.warning(msg, *args, **kwargs)
  File "/usr/local/lib/python3.6/logging/__init__.py", line 1313, in warning
    self._log(WARNING, msg, args, **kwargs)
  File "/usr/local/lib/python3.6/logging/__init__.py", line 1437, in _log
    self.handle(record)
  File "/usr/local/lib/python3.6/logging/__init__.py", line 1447, in handle
    self.callHandlers(record)
  File "/usr/local/lib/python3.6/logging/__init__.py", line 1509, in callHandlers
    hdlr.handle(record)
  File "/usr/local/lib/python3.6/logging/__init__.py", line 858, in handle
    self.emit(record)
  File "/usr/local/lib/python3.6/site-packages/_pytest/logging.py", line 301, in emit
    logging.StreamHandler.emit(self, record)
Message: 'Bad status:'
Arguments: (404,)
--- Logging error ---
Traceback (most recent call last):
  File "/usr/local/lib/python3.6/logging/__init__.py", line 987, in emit
    msg = self.format(record)
  File "/usr/local/lib/python3.6/logging/__init__.py", line 833, in format
    return fmt.format(record)
  File "/usr/local/lib/python3.6/site-packages/_pytest/logging.py", line 70, in format
    return super().format(record)
  File "/usr/local/lib/python3.6/logging/__init__.py", line 570, in format
    record.message = record.getMessage()
  File "/usr/local/lib/python3.6/logging/__init__.py", line 333, in getMessage
    msg = msg % self.args
TypeError: not all arguments converted during string formatting
Call stack:
  File "<string>", line 1, in <module>
  File "<string>", line 8, in <module>
  File "/usr/local/lib/python3.6/site-packages/execnet/gateway_base.py", line 1554, in serve
    SlaveGateway(io=io, id=id, _startcount=2).serve()
  File "/usr/local/lib/python3.6/site-packages/execnet/gateway_base.py", line 1060, in serve
    self._execpool.integrate_as_primary_thread()
  File "/usr/local/lib/python3.6/site-packages/execnet/gateway_base.py", line 267, in integrate_as_primary_thread
    self._perform_spawn(reply)
  File "/usr/local/lib/python3.6/site-packages/execnet/gateway_base.py", line 285, in _perform_spawn
    reply.run()
  File "/usr/local/lib/python3.6/site-packages/execnet/gateway_base.py", line 220, in run
    self._result = func(*args, **kwargs)
  File "/usr/local/lib/python3.6/site-packages/execnet/gateway_base.py", line 1084, in executetask
    do_exec(co, loc)  # noqa
  File "/usr/local/lib/python3.6/site-packages/xdist/remote.py", line 258, in <module>
    config.hook.pytest_cmdline_main(config=config)
  File "/usr/local/lib/python3.6/site-packages/pluggy/hooks.py", line 286, in __call__
    return self._hookexec(self, self.get_hookimpls(), kwargs)
  File "/usr/local/lib/python3.6/site-packages/pluggy/manager.py", line 93, in _hookexec
    return self._inner_hookexec(hook, methods, kwargs)
  File "/usr/local/lib/python3.6/site-packages/pluggy/manager.py", line 87, in <lambda>
    firstresult=hook.spec.opts.get("firstresult") if hook.spec else False,
  File "/usr/local/lib/python3.6/site-packages/pluggy/callers.py", line 187, in _multicall
    res = hook_impl.function(*args)
  File "/usr/local/lib/python3.6/site-packages/_pytest/main.py", line 239, in pytest_cmdline_main
    return wrap_session(config, _main)
  File "/usr/local/lib/python3.6/site-packages/_pytest/main.py", line 196, in wrap_session
    session.exitstatus = doit(config, session) or 0
  File "/usr/local/lib/python3.6/site-packages/_pytest/main.py", line 246, in _main
    config.hook.pytest_runtestloop(session=session)
  File "/usr/local/lib/python3.6/site-packages/pluggy/hooks.py", line 286, in __call__
    return self._hookexec(self, self.get_hookimpls(), kwargs)
  File "/usr/local/lib/python3.6/site-packages/pluggy/manager.py", line 93, in _hookexec
    return self._inner_hookexec(hook, methods, kwargs)
  File "/usr/local/lib/python3.6/site-packages/pluggy/manager.py", line 87, in <lambda>
    firstresult=hook.spec.opts.get("firstresult") if hook.spec else False,
  File "/usr/local/lib/python3.6/site-packages/pluggy/callers.py", line 187, in _multicall
    res = hook_impl.function(*args)
  File "/usr/local/lib/python3.6/site-packages/xdist/remote.py", line 70, in pytest_runtestloop
    self.run_one_test(torun)
  File "/usr/local/lib/python3.6/site-packages/xdist/remote.py", line 87, in run_one_test
    self.config.hook.pytest_runtest_protocol(item=item, nextitem=nextitem)
  File "/usr/local/lib/python3.6/site-packages/pluggy/hooks.py", line 286, in __call__
    return self._hookexec(self, self.get_hookimpls(), kwargs)
  File "/usr/local/lib/python3.6/site-packages/pluggy/manager.py", line 93, in _hookexec
    return self._inner_hookexec(hook, methods, kwargs)
  File "/usr/local/lib/python3.6/site-packages/pluggy/manager.py", line 87, in <lambda>
    firstresult=hook.spec.opts.get("firstresult") if hook.spec else False,
  File "/usr/local/lib/python3.6/site-packages/pluggy/callers.py", line 187, in _multicall
    res = hook_impl.function(*args)
  File "/usr/local/lib/python3.6/site-packages/_pytest/runner.py", line 81, in pytest_runtest_protocol
    runtestprotocol(item, nextitem=nextitem)
  File "/usr/local/lib/python3.6/site-packages/_pytest/runner.py", line 96, in runtestprotocol
    reports.append(call_and_report(item, "call", log))
  File "/usr/local/lib/python3.6/site-packages/_pytest/runner.py", line 182, in call_and_report
    call = call_runtest_hook(item, when, **kwds)
  File "/usr/local/lib/python3.6/site-packages/_pytest/runner.py", line 207, in call_runtest_hook
    lambda: ihook(item=item, **kwds), when=when, reraise=reraise
  File "/usr/local/lib/python3.6/site-packages/_pytest/runner.py", line 234, in from_call
    result = func()
  File "/usr/local/lib/python3.6/site-packages/_pytest/runner.py", line 207, in <lambda>
    lambda: ihook(item=item, **kwds), when=when, reraise=reraise
  File "/usr/local/lib/python3.6/site-packages/pluggy/hooks.py", line 286, in __call__
    return self._hookexec(self, self.get_hookimpls(), kwargs)
  File "/usr/local/lib/python3.6/site-packages/pluggy/manager.py", line 93, in _hookexec
    return self._inner_hookexec(hook, methods, kwargs)
  File "/usr/local/lib/python3.6/site-packages/pluggy/manager.py", line 87, in <lambda>
    firstresult=hook.spec.opts.get("firstresult") if hook.spec else False,
  File "/usr/local/lib/python3.6/site-packages/pluggy/callers.py", line 187, in _multicall
    res = hook_impl.function(*args)
  File "/usr/local/lib/python3.6/site-packages/_pytest/runner.py", line 131, in pytest_runtest_call
    item.runtest()
  File "/usr/local/lib/python3.6/site-packages/_pytest/python.py", line 1435, in runtest
    self.ihook.pytest_pyfunc_call(pyfuncitem=self)
  File "/usr/local/lib/python3.6/site-packages/pluggy/hooks.py", line 286, in __call__
    return self._hookexec(self, self.get_hookimpls(), kwargs)
  File "/usr/local/lib/python3.6/site-packages/pluggy/manager.py", line 93, in _hookexec
    return self._inner_hookexec(hook, methods, kwargs)
  File "/usr/local/lib/python3.6/site-packages/pluggy/manager.py", line 87, in <lambda>
    firstresult=hook.spec.opts.get("firstresult") if hook.spec else False,
  File "/usr/local/lib/python3.6/site-packages/pluggy/callers.py", line 187, in _multicall
    res = hook_impl.function(*args)
  File "/usr/local/lib/python3.6/site-packages/_pytest/python.py", line 166, in pytest_pyfunc_call
    result = testfunction(**testargs)
  File "/workspace/source/testing/scripts/test_helm_charts_clusterwide.py", line 74, in test_mab_model
    initial_rest_request("mymab", namespace)
  File "/workspace/source/testing/scripts/seldon_e2e_utils.py", line 147, in initial_rest_request
    names=names,
  File "/workspace/source/testing/scripts/seldon_e2e_utils.py", line 107, in rest_request
    logging.warning("Bad status:", r.status_code)
  File "/usr/local/lib/python3.6/logging/__init__.py", line 1855, in warning
    root.warning(msg, *args, **kwargs)
  File "/usr/local/lib/python3.6/logging/__init__.py", line 1313, in warning
    self._log(WARNING, msg, args, **kwargs)
  File "/usr/local/lib/python3.6/logging/__init__.py", line 1437, in _log
    self.handle(record)
  File "/usr/local/lib/python3.6/logging/__init__.py", line 1447, in handle
    self.callHandlers(record)
  File "/usr/local/lib/python3.6/logging/__init__.py", line 1509, in callHandlers
    hdlr.handle(record)
  File "/usr/local/lib/python3.6/logging/__init__.py", line 858, in handle
    self.emit(record)
  File "/usr/local/lib/python3.6/site-packages/_pytest/logging.py", line 301, in emit
    logging.StreamHandler.emit(self, record)
Message: 'Bad status:'
Arguments: (404,)

[gw3] PASSED test_helm_charts_clusterwide.py::TestClusterWide::test_abtest_model 
test_prepackaged_servers.py::TestPrepack::test_xgboost Error from server (NotFound): deployments.extensions "iris-default-af1783b" not found

[gw0] PASSED test_helm_charts_clusterwide.py::TestClusterWide::test_mab_model 
test_prepackaged_servers.py::TestPrepack::test_mlflow 
[gw1] PASSED test_helm_charts_clusterwide.py::TestClusterWide::test_single_model 
test_prepackaged_servers.py::TestPrepack::test_tfserving Error from server (NotFound): deployments.extensions "wines-default-8c791aa" not found
Error from server (NotFound): deployments.extensions "mnist-default-725903e" not found
--- Logging error ---
Traceback (most recent call last):
  File "/usr/local/lib/python3.6/logging/__init__.py", line 987, in emit
    msg = self.format(record)
  File "/usr/local/lib/python3.6/logging/__init__.py", line 833, in format
    return fmt.format(record)
  File "/usr/local/lib/python3.6/site-packages/_pytest/logging.py", line 70, in format
    return super().format(record)
  File "/usr/local/lib/python3.6/logging/__init__.py", line 570, in format
    record.message = record.getMessage()
  File "/usr/local/lib/python3.6/logging/__init__.py", line 333, in getMessage
    msg = msg % self.args
TypeError: not all arguments converted during string formatting
Call stack:
  File "<string>", line 1, in <module>
  File "<string>", line 8, in <module>
  File "/usr/local/lib/python3.6/site-packages/execnet/gateway_base.py", line 1554, in serve
    SlaveGateway(io=io, id=id, _startcount=2).serve()
  File "/usr/local/lib/python3.6/site-packages/execnet/gateway_base.py", line 1060, in serve
    self._execpool.integrate_as_primary_thread()
  File "/usr/local/lib/python3.6/site-packages/execnet/gateway_base.py", line 267, in integrate_as_primary_thread
    self._perform_spawn(reply)
  File "/usr/local/lib/python3.6/site-packages/execnet/gateway_base.py", line 285, in _perform_spawn
    reply.run()
  File "/usr/local/lib/python3.6/site-packages/execnet/gateway_base.py", line 220, in run
    self._result = func(*args, **kwargs)
  File "/usr/local/lib/python3.6/site-packages/execnet/gateway_base.py", line 1084, in executetask
    do_exec(co, loc)  # noqa
  File "/usr/local/lib/python3.6/site-packages/xdist/remote.py", line 258, in <module>
    config.hook.pytest_cmdline_main(config=config)
  File "/usr/local/lib/python3.6/site-packages/pluggy/hooks.py", line 286, in __call__
    return self._hookexec(self, self.get_hookimpls(), kwargs)
  File "/usr/local/lib/python3.6/site-packages/pluggy/manager.py", line 93, in _hookexec
    return self._inner_hookexec(hook, methods, kwargs)
  File "/usr/local/lib/python3.6/site-packages/pluggy/manager.py", line 87, in <lambda>
    firstresult=hook.spec.opts.get("firstresult") if hook.spec else False,
  File "/usr/local/lib/python3.6/site-packages/pluggy/callers.py", line 187, in _multicall
    res = hook_impl.function(*args)
  File "/usr/local/lib/python3.6/site-packages/_pytest/main.py", line 239, in pytest_cmdline_main
    return wrap_session(config, _main)
  File "/usr/local/lib/python3.6/site-packages/_pytest/main.py", line 196, in wrap_session
    session.exitstatus = doit(config, session) or 0
  File "/usr/local/lib/python3.6/site-packages/_pytest/main.py", line 246, in _main
    config.hook.pytest_runtestloop(session=session)
  File "/usr/local/lib/python3.6/site-packages/pluggy/hooks.py", line 286, in __call__
    return self._hookexec(self, self.get_hookimpls(), kwargs)
  File "/usr/local/lib/python3.6/site-packages/pluggy/manager.py", line 93, in _hookexec
    return self._inner_hookexec(hook, methods, kwargs)
  File "/usr/local/lib/python3.6/site-packages/pluggy/manager.py", line 87, in <lambda>
    firstresult=hook.spec.opts.get("firstresult") if hook.spec else False,
  File "/usr/local/lib/python3.6/site-packages/pluggy/callers.py", line 187, in _multicall
    res = hook_impl.function(*args)
  File "/usr/local/lib/python3.6/site-packages/xdist/remote.py", line 70, in pytest_runtestloop
    self.run_one_test(torun)
  File "/usr/local/lib/python3.6/site-packages/xdist/remote.py", line 87, in run_one_test
    self.config.hook.pytest_runtest_protocol(item=item, nextitem=nextitem)
  File "/usr/local/lib/python3.6/site-packages/pluggy/hooks.py", line 286, in __call__
    return self._hookexec(self, self.get_hookimpls(), kwargs)
  File "/usr/local/lib/python3.6/site-packages/pluggy/manager.py", line 93, in _hookexec
    return self._inner_hookexec(hook, methods, kwargs)
  File "/usr/local/lib/python3.6/site-packages/pluggy/manager.py", line 87, in <lambda>
    firstresult=hook.spec.opts.get("firstresult") if hook.spec else False,
  File "/usr/local/lib/python3.6/site-packages/pluggy/callers.py", line 187, in _multicall
    res = hook_impl.function(*args)
  File "/usr/local/lib/python3.6/site-packages/_pytest/runner.py", line 81, in pytest_runtest_protocol
    runtestprotocol(item, nextitem=nextitem)
  File "/usr/local/lib/python3.6/site-packages/_pytest/runner.py", line 96, in runtestprotocol
    reports.append(call_and_report(item, "call", log))
  File "/usr/local/lib/python3.6/site-packages/_pytest/runner.py", line 182, in call_and_report
    call = call_runtest_hook(item, when, **kwds)
  File "/usr/local/lib/python3.6/site-packages/_pytest/runner.py", line 207, in call_runtest_hook
    lambda: ihook(item=item, **kwds), when=when, reraise=reraise
  File "/usr/local/lib/python3.6/site-packages/_pytest/runner.py", line 234, in from_call
    result = func()
  File "/usr/local/lib/python3.6/site-packages/_pytest/runner.py", line 207, in <lambda>
    lambda: ihook(item=item, **kwds), when=when, reraise=reraise
  File "/usr/local/lib/python3.6/site-packages/pluggy/hooks.py", line 286, in __call__
    return self._hookexec(self, self.get_hookimpls(), kwargs)
  File "/usr/local/lib/python3.6/site-packages/pluggy/manager.py", line 93, in _hookexec
    return self._inner_hookexec(hook, methods, kwargs)
  File "/usr/local/lib/python3.6/site-packages/pluggy/manager.py", line 87, in <lambda>
    firstresult=hook.spec.opts.get("firstresult") if hook.spec else False,
  File "/usr/local/lib/python3.6/site-packages/pluggy/callers.py", line 187, in _multicall
    res = hook_impl.function(*args)
  File "/usr/local/lib/python3.6/site-packages/_pytest/runner.py", line 131, in pytest_runtest_call
    item.runtest()
  File "/usr/local/lib/python3.6/site-packages/_pytest/python.py", line 1435, in runtest
    self.ihook.pytest_pyfunc_call(pyfuncitem=self)
  File "/usr/local/lib/python3.6/site-packages/pluggy/hooks.py", line 286, in __call__
    return self._hookexec(self, self.get_hookimpls(), kwargs)
  File "/usr/local/lib/python3.6/site-packages/pluggy/manager.py", line 93, in _hookexec
    return self._inner_hookexec(hook, methods, kwargs)
  File "/usr/local/lib/python3.6/site-packages/pluggy/manager.py", line 87, in <lambda>
    firstresult=hook.spec.opts.get("firstresult") if hook.spec else False,
  File "/usr/local/lib/python3.6/site-packages/pluggy/callers.py", line 187, in _multicall
    res = hook_impl.function(*args)
  File "/usr/local/lib/python3.6/site-packages/_pytest/python.py", line 166, in pytest_pyfunc_call
    result = testfunction(**testargs)
  File "/workspace/source/testing/scripts/test_prepackaged_servers.py", line 26, in test_sklearn
    "sklearn", namespace, data=[[0.1, 0.2, 0.3, 0.4]], dtype="ndarray"
  File "/workspace/source/testing/scripts/seldon_e2e_utils.py", line 134, in initial_rest_request
    names=names,
  File "/workspace/source/testing/scripts/seldon_e2e_utils.py", line 107, in rest_request
    logging.warning("Bad status:", r.status_code)
  File "/usr/local/lib/python3.6/logging/__init__.py", line 1855, in warning
    root.warning(msg, *args, **kwargs)
  File "/usr/local/lib/python3.6/logging/__init__.py", line 1313, in warning
    self._log(WARNING, msg, args, **kwargs)
  File "/usr/local/lib/python3.6/logging/__init__.py", line 1437, in _log
    self.handle(record)
  File "/usr/local/lib/python3.6/logging/__init__.py", line 1447, in handle
    self.callHandlers(record)
  File "/usr/local/lib/python3.6/logging/__init__.py", line 1509, in callHandlers
    hdlr.handle(record)
  File "/usr/local/lib/python3.6/logging/__init__.py", line 858, in handle
    self.emit(record)
  File "/usr/local/lib/python3.6/site-packages/_pytest/logging.py", line 301, in emit
    logging.StreamHandler.emit(self, record)
Message: 'Bad status:'
Arguments: (404,)

[gw2] PASSED test_prepackaged_servers.py::TestPrepack::test_sklearn 
test_rolling_updates.py::TestRollingHttp::test_rolling_update1 --- Logging error ---
Traceback (most recent call last):
  File "/usr/local/lib/python3.6/logging/__init__.py", line 987, in emit
    msg = self.format(record)
  File "/usr/local/lib/python3.6/logging/__init__.py", line 833, in format
    return fmt.format(record)
  File "/usr/local/lib/python3.6/site-packages/_pytest/logging.py", line 70, in format
    return super().format(record)
  File "/usr/local/lib/python3.6/logging/__init__.py", line 570, in format
    record.message = record.getMessage()
  File "/usr/local/lib/python3.6/logging/__init__.py", line 333, in getMessage
    msg = msg % self.args
TypeError: not all arguments converted during string formatting
Call stack:
  File "<string>", line 1, in <module>
  File "<string>", line 8, in <module>
  File "/usr/local/lib/python3.6/site-packages/execnet/gateway_base.py", line 1554, in serve
    SlaveGateway(io=io, id=id, _startcount=2).serve()
  File "/usr/local/lib/python3.6/site-packages/execnet/gateway_base.py", line 1060, in serve
    self._execpool.integrate_as_primary_thread()
  File "/usr/local/lib/python3.6/site-packages/execnet/gateway_base.py", line 267, in integrate_as_primary_thread
    self._perform_spawn(reply)
  File "/usr/local/lib/python3.6/site-packages/execnet/gateway_base.py", line 285, in _perform_spawn
    reply.run()
  File "/usr/local/lib/python3.6/site-packages/execnet/gateway_base.py", line 220, in run
    self._result = func(*args, **kwargs)
  File "/usr/local/lib/python3.6/site-packages/execnet/gateway_base.py", line 1084, in executetask
    do_exec(co, loc)  # noqa
  File "/usr/local/lib/python3.6/site-packages/xdist/remote.py", line 258, in <module>
    config.hook.pytest_cmdline_main(config=config)
  File "/usr/local/lib/python3.6/site-packages/pluggy/hooks.py", line 286, in __call__
    return self._hookexec(self, self.get_hookimpls(), kwargs)
  File "/usr/local/lib/python3.6/site-packages/pluggy/manager.py", line 93, in _hookexec
    return self._inner_hookexec(hook, methods, kwargs)
  File "/usr/local/lib/python3.6/site-packages/pluggy/manager.py", line 87, in <lambda>
    firstresult=hook.spec.opts.get("firstresult") if hook.spec else False,
  File "/usr/local/lib/python3.6/site-packages/pluggy/callers.py", line 187, in _multicall
    res = hook_impl.function(*args)
  File "/usr/local/lib/python3.6/site-packages/_pytest/main.py", line 239, in pytest_cmdline_main
    return wrap_session(config, _main)
  File "/usr/local/lib/python3.6/site-packages/_pytest/main.py", line 196, in wrap_session
    session.exitstatus = doit(config, session) or 0
  File "/usr/local/lib/python3.6/site-packages/_pytest/main.py", line 246, in _main
    config.hook.pytest_runtestloop(session=session)
  File "/usr/local/lib/python3.6/site-packages/pluggy/hooks.py", line 286, in __call__
    return self._hookexec(self, self.get_hookimpls(), kwargs)
  File "/usr/local/lib/python3.6/site-packages/pluggy/manager.py", line 93, in _hookexec
    return self._inner_hookexec(hook, methods, kwargs)
  File "/usr/local/lib/python3.6/site-packages/pluggy/manager.py", line 87, in <lambda>
    firstresult=hook.spec.opts.get("firstresult") if hook.spec else False,
  File "/usr/local/lib/python3.6/site-packages/pluggy/callers.py", line 187, in _multicall
    res = hook_impl.function(*args)
  File "/usr/local/lib/python3.6/site-packages/xdist/remote.py", line 70, in pytest_runtestloop
    self.run_one_test(torun)
  File "/usr/local/lib/python3.6/site-packages/xdist/remote.py", line 87, in run_one_test
    self.config.hook.pytest_runtest_protocol(item=item, nextitem=nextitem)
  File "/usr/local/lib/python3.6/site-packages/pluggy/hooks.py", line 286, in __call__
    return self._hookexec(self, self.get_hookimpls(), kwargs)
  File "/usr/local/lib/python3.6/site-packages/pluggy/manager.py", line 93, in _hookexec
    return self._inner_hookexec(hook, methods, kwargs)
  File "/usr/local/lib/python3.6/site-packages/pluggy/manager.py", line 87, in <lambda>
    firstresult=hook.spec.opts.get("firstresult") if hook.spec else False,
  File "/usr/local/lib/python3.6/site-packages/pluggy/callers.py", line 187, in _multicall
    res = hook_impl.function(*args)
  File "/usr/local/lib/python3.6/site-packages/_pytest/runner.py", line 81, in pytest_runtest_protocol
    runtestprotocol(item, nextitem=nextitem)
  File "/usr/local/lib/python3.6/site-packages/_pytest/runner.py", line 96, in runtestprotocol
    reports.append(call_and_report(item, "call", log))
  File "/usr/local/lib/python3.6/site-packages/_pytest/runner.py", line 182, in call_and_report
    call = call_runtest_hook(item, when, **kwds)
  File "/usr/local/lib/python3.6/site-packages/_pytest/runner.py", line 207, in call_runtest_hook
    lambda: ihook(item=item, **kwds), when=when, reraise=reraise
  File "/usr/local/lib/python3.6/site-packages/_pytest/runner.py", line 234, in from_call
    result = func()
  File "/usr/local/lib/python3.6/site-packages/_pytest/runner.py", line 207, in <lambda>
    lambda: ihook(item=item, **kwds), when=when, reraise=reraise
  File "/usr/local/lib/python3.6/site-packages/pluggy/hooks.py", line 286, in __call__
    return self._hookexec(self, self.get_hookimpls(), kwargs)
  File "/usr/local/lib/python3.6/site-packages/pluggy/manager.py", line 93, in _hookexec
    return self._inner_hookexec(hook, methods, kwargs)
  File "/usr/local/lib/python3.6/site-packages/pluggy/manager.py", line 87, in <lambda>
    firstresult=hook.spec.opts.get("firstresult") if hook.spec else False,
  File "/usr/local/lib/python3.6/site-packages/pluggy/callers.py", line 187, in _multicall
    res = hook_impl.function(*args)
  File "/usr/local/lib/python3.6/site-packages/_pytest/runner.py", line 131, in pytest_runtest_call
    item.runtest()
  File "/usr/local/lib/python3.6/site-packages/_pytest/python.py", line 1435, in runtest
    self.ihook.pytest_pyfunc_call(pyfuncitem=self)
  File "/usr/local/lib/python3.6/site-packages/pluggy/hooks.py", line 286, in __call__
    return self._hookexec(self, self.get_hookimpls(), kwargs)
  File "/usr/local/lib/python3.6/site-packages/pluggy/manager.py", line 93, in _hookexec
    return self._inner_hookexec(hook, methods, kwargs)
  File "/usr/local/lib/python3.6/site-packages/pluggy/manager.py", line 87, in <lambda>
    firstresult=hook.spec.opts.get("firstresult") if hook.spec else False,
  File "/usr/local/lib/python3.6/site-packages/pluggy/callers.py", line 187, in _multicall
    res = hook_impl.function(*args)
  File "/usr/local/lib/python3.6/site-packages/_pytest/python.py", line 166, in pytest_pyfunc_call
    result = testfunction(**testargs)
  File "/workspace/source/testing/scripts/test_prepackaged_servers.py", line 98, in test_mlflow
    "alcohol",
  File "/workspace/source/testing/scripts/seldon_e2e_utils.py", line 134, in initial_rest_request
    names=names,
  File "/workspace/source/testing/scripts/seldon_e2e_utils.py", line 107, in rest_request
    logging.warning("Bad status:", r.status_code)
  File "/usr/local/lib/python3.6/logging/__init__.py", line 1855, in warning
    root.warning(msg, *args, **kwargs)
  File "/usr/local/lib/python3.6/logging/__init__.py", line 1313, in warning
    self._log(WARNING, msg, args, **kwargs)
  File "/usr/local/lib/python3.6/logging/__init__.py", line 1437, in _log
    self.handle(record)
  File "/usr/local/lib/python3.6/logging/__init__.py", line 1447, in handle
    self.callHandlers(record)
  File "/usr/local/lib/python3.6/logging/__init__.py", line 1509, in callHandlers
    hdlr.handle(record)
  File "/usr/local/lib/python3.6/logging/__init__.py", line 858, in handle
    self.emit(record)
  File "/usr/local/lib/python3.6/site-packages/_pytest/logging.py", line 301, in emit
    logging.StreamHandler.emit(self, record)
Message: 'Bad status:'
Arguments: (404,)

[gw3] PASSED test_prepackaged_servers.py::TestPrepack::test_xgboost 
test_rolling_updates.py::TestRollingHttp::test_rolling_update2 
[gw0] PASSED test_prepackaged_servers.py::TestPrepack::test_mlflow 
test_rolling_updates.py::TestRollingHttp::test_rolling_update3 --- Logging error ---
Traceback (most recent call last):
  File "/usr/local/lib/python3.6/logging/__init__.py", line 987, in emit
    msg = self.format(record)
  File "/usr/local/lib/python3.6/logging/__init__.py", line 833, in format
    return fmt.format(record)
  File "/usr/local/lib/python3.6/site-packages/_pytest/logging.py", line 70, in format
    return super().format(record)
  File "/usr/local/lib/python3.6/logging/__init__.py", line 570, in format
    record.message = record.getMessage()
  File "/usr/local/lib/python3.6/logging/__init__.py", line 333, in getMessage
    msg = msg % self.args
TypeError: not all arguments converted during string formatting
Call stack:
  File "<string>", line 1, in <module>
  File "<string>", line 8, in <module>
  File "/usr/local/lib/python3.6/site-packages/execnet/gateway_base.py", line 1554, in serve
    SlaveGateway(io=io, id=id, _startcount=2).serve()
  File "/usr/local/lib/python3.6/site-packages/execnet/gateway_base.py", line 1060, in serve
    self._execpool.integrate_as_primary_thread()
  File "/usr/local/lib/python3.6/site-packages/execnet/gateway_base.py", line 267, in integrate_as_primary_thread
    self._perform_spawn(reply)
  File "/usr/local/lib/python3.6/site-packages/execnet/gateway_base.py", line 285, in _perform_spawn
    reply.run()
  File "/usr/local/lib/python3.6/site-packages/execnet/gateway_base.py", line 220, in run
    self._result = func(*args, **kwargs)
  File "/usr/local/lib/python3.6/site-packages/execnet/gateway_base.py", line 1084, in executetask
    do_exec(co, loc)  # noqa
  File "/usr/local/lib/python3.6/site-packages/xdist/remote.py", line 258, in <module>
    config.hook.pytest_cmdline_main(config=config)
  File "/usr/local/lib/python3.6/site-packages/pluggy/hooks.py", line 286, in __call__
    return self._hookexec(self, self.get_hookimpls(), kwargs)
  File "/usr/local/lib/python3.6/site-packages/pluggy/manager.py", line 93, in _hookexec
    return self._inner_hookexec(hook, methods, kwargs)
  File "/usr/local/lib/python3.6/site-packages/pluggy/manager.py", line 87, in <lambda>
    firstresult=hook.spec.opts.get("firstresult") if hook.spec else False,
  File "/usr/local/lib/python3.6/site-packages/pluggy/callers.py", line 187, in _multicall
    res = hook_impl.function(*args)
  File "/usr/local/lib/python3.6/site-packages/_pytest/main.py", line 239, in pytest_cmdline_main
    return wrap_session(config, _main)
  File "/usr/local/lib/python3.6/site-packages/_pytest/main.py", line 196, in wrap_session
    session.exitstatus = doit(config, session) or 0
  File "/usr/local/lib/python3.6/site-packages/_pytest/main.py", line 246, in _main
    config.hook.pytest_runtestloop(session=session)
  File "/usr/local/lib/python3.6/site-packages/pluggy/hooks.py", line 286, in __call__
    return self._hookexec(self, self.get_hookimpls(), kwargs)
  File "/usr/local/lib/python3.6/site-packages/pluggy/manager.py", line 93, in _hookexec
    return self._inner_hookexec(hook, methods, kwargs)
  File "/usr/local/lib/python3.6/site-packages/pluggy/manager.py", line 87, in <lambda>
    firstresult=hook.spec.opts.get("firstresult") if hook.spec else False,
  File "/usr/local/lib/python3.6/site-packages/pluggy/callers.py", line 187, in _multicall
    res = hook_impl.function(*args)
  File "/usr/local/lib/python3.6/site-packages/xdist/remote.py", line 70, in pytest_runtestloop
    self.run_one_test(torun)
  File "/usr/local/lib/python3.6/site-packages/xdist/remote.py", line 87, in run_one_test
    self.config.hook.pytest_runtest_protocol(item=item, nextitem=nextitem)
  File "/usr/local/lib/python3.6/site-packages/pluggy/hooks.py", line 286, in __call__
    return self._hookexec(self, self.get_hookimpls(), kwargs)
  File "/usr/local/lib/python3.6/site-packages/pluggy/manager.py", line 93, in _hookexec
    return self._inner_hookexec(hook, methods, kwargs)
  File "/usr/local/lib/python3.6/site-packages/pluggy/manager.py", line 87, in <lambda>
    firstresult=hook.spec.opts.get("firstresult") if hook.spec else False,
  File "/usr/local/lib/python3.6/site-packages/pluggy/callers.py", line 187, in _multicall
    res = hook_impl.function(*args)
  File "/usr/local/lib/python3.6/site-packages/_pytest/runner.py", line 81, in pytest_runtest_protocol
    runtestprotocol(item, nextitem=nextitem)
  File "/usr/local/lib/python3.6/site-packages/_pytest/runner.py", line 96, in runtestprotocol
    reports.append(call_and_report(item, "call", log))
  File "/usr/local/lib/python3.6/site-packages/_pytest/runner.py", line 182, in call_and_report
    call = call_runtest_hook(item, when, **kwds)
  File "/usr/local/lib/python3.6/site-packages/_pytest/runner.py", line 207, in call_runtest_hook
    lambda: ihook(item=item, **kwds), when=when, reraise=reraise
  File "/usr/local/lib/python3.6/site-packages/_pytest/runner.py", line 234, in from_call
    result = func()
  File "/usr/local/lib/python3.6/site-packages/_pytest/runner.py", line 207, in <lambda>
    lambda: ihook(item=item, **kwds), when=when, reraise=reraise
  File "/usr/local/lib/python3.6/site-packages/pluggy/hooks.py", line 286, in __call__
    return self._hookexec(self, self.get_hookimpls(), kwargs)
  File "/usr/local/lib/python3.6/site-packages/pluggy/manager.py", line 93, in _hookexec
    return self._inner_hookexec(hook, methods, kwargs)
  File "/usr/local/lib/python3.6/site-packages/pluggy/manager.py", line 87, in <lambda>
    firstresult=hook.spec.opts.get("firstresult") if hook.spec else False,
  File "/usr/local/lib/python3.6/site-packages/pluggy/callers.py", line 187, in _multicall
    res = hook_impl.function(*args)
  File "/usr/local/lib/python3.6/site-packages/_pytest/runner.py", line 131, in pytest_runtest_call
    item.runtest()
  File "/usr/local/lib/python3.6/site-packages/_pytest/python.py", line 1435, in runtest
    self.ihook.pytest_pyfunc_call(pyfuncitem=self)
  File "/usr/local/lib/python3.6/site-packages/pluggy/hooks.py", line 286, in __call__
    return self._hookexec(self, self.get_hookimpls(), kwargs)
  File "/usr/local/lib/python3.6/site-packages/pluggy/manager.py", line 93, in _hookexec
    return self._inner_hookexec(hook, methods, kwargs)
  File "/usr/local/lib/python3.6/site-packages/pluggy/manager.py", line 87, in <lambda>
    firstresult=hook.spec.opts.get("firstresult") if hook.spec else False,
  File "/usr/local/lib/python3.6/site-packages/pluggy/callers.py", line 187, in _multicall
    res = hook_impl.function(*args)
  File "/usr/local/lib/python3.6/site-packages/_pytest/python.py", line 166, in pytest_pyfunc_call
    result = testfunction(**testargs)
  File "/workspace/source/testing/scripts/test_rolling_updates.py", line 61, in test_rolling_update2
    r = initial_rest_request("mymodel", namespace)
  File "/workspace/source/testing/scripts/seldon_e2e_utils.py", line 134, in initial_rest_request
    names=names,
  File "/workspace/source/testing/scripts/seldon_e2e_utils.py", line 107, in rest_request
    logging.warning("Bad status:", r.status_code)
  File "/usr/local/lib/python3.6/logging/__init__.py", line 1855, in warning
    root.warning(msg, *args, **kwargs)
  File "/usr/local/lib/python3.6/logging/__init__.py", line 1313, in warning
    self._log(WARNING, msg, args, **kwargs)
  File "/usr/local/lib/python3.6/logging/__init__.py", line 1437, in _log
    self.handle(record)
  File "/usr/local/lib/python3.6/logging/__init__.py", line 1447, in handle
    self.callHandlers(record)
  File "/usr/local/lib/python3.6/logging/__init__.py", line 1509, in callHandlers
    hdlr.handle(record)
  File "/usr/local/lib/python3.6/logging/__init__.py", line 858, in handle
    self.emit(record)
  File "/usr/local/lib/python3.6/site-packages/_pytest/logging.py", line 301, in emit
    logging.StreamHandler.emit(self, record)
Message: 'Bad status:'
Arguments: (404,)
--- Logging error ---
Traceback (most recent call last):
  File "/usr/local/lib/python3.6/logging/__init__.py", line 987, in emit
    msg = self.format(record)
  File "/usr/local/lib/python3.6/logging/__init__.py", line 833, in format
    return fmt.format(record)
  File "/usr/local/lib/python3.6/site-packages/_pytest/logging.py", line 70, in format
    return super().format(record)
  File "/usr/local/lib/python3.6/logging/__init__.py", line 570, in format
    record.message = record.getMessage()
  File "/usr/local/lib/python3.6/logging/__init__.py", line 333, in getMessage
    msg = msg % self.args
TypeError: not all arguments converted during string formatting
Call stack:
  File "<string>", line 1, in <module>
  File "<string>", line 8, in <module>
  File "/usr/local/lib/python3.6/site-packages/execnet/gateway_base.py", line 1554, in serve
    SlaveGateway(io=io, id=id, _startcount=2).serve()
  File "/usr/local/lib/python3.6/site-packages/execnet/gateway_base.py", line 1060, in serve
    self._execpool.integrate_as_primary_thread()
  File "/usr/local/lib/python3.6/site-packages/execnet/gateway_base.py", line 267, in integrate_as_primary_thread
    self._perform_spawn(reply)
  File "/usr/local/lib/python3.6/site-packages/execnet/gateway_base.py", line 285, in _perform_spawn
    reply.run()
  File "/usr/local/lib/python3.6/site-packages/execnet/gateway_base.py", line 220, in run
    self._result = func(*args, **kwargs)
  File "/usr/local/lib/python3.6/site-packages/execnet/gateway_base.py", line 1084, in executetask
    do_exec(co, loc)  # noqa
  File "/usr/local/lib/python3.6/site-packages/xdist/remote.py", line 258, in <module>
    config.hook.pytest_cmdline_main(config=config)
  File "/usr/local/lib/python3.6/site-packages/pluggy/hooks.py", line 286, in __call__
    return self._hookexec(self, self.get_hookimpls(), kwargs)
  File "/usr/local/lib/python3.6/site-packages/pluggy/manager.py", line 93, in _hookexec
    return self._inner_hookexec(hook, methods, kwargs)
  File "/usr/local/lib/python3.6/site-packages/pluggy/manager.py", line 87, in <lambda>
    firstresult=hook.spec.opts.get("firstresult") if hook.spec else False,
  File "/usr/local/lib/python3.6/site-packages/pluggy/callers.py", line 187, in _multicall
    res = hook_impl.function(*args)
  File "/usr/local/lib/python3.6/site-packages/_pytest/main.py", line 239, in pytest_cmdline_main
    return wrap_session(config, _main)
  File "/usr/local/lib/python3.6/site-packages/_pytest/main.py", line 196, in wrap_session
    session.exitstatus = doit(config, session) or 0
  File "/usr/local/lib/python3.6/site-packages/_pytest/main.py", line 246, in _main
    config.hook.pytest_runtestloop(session=session)
  File "/usr/local/lib/python3.6/site-packages/pluggy/hooks.py", line 286, in __call__
    return self._hookexec(self, self.get_hookimpls(), kwargs)
  File "/usr/local/lib/python3.6/site-packages/pluggy/manager.py", line 93, in _hookexec
    return self._inner_hookexec(hook, methods, kwargs)
  File "/usr/local/lib/python3.6/site-packages/pluggy/manager.py", line 87, in <lambda>
    firstresult=hook.spec.opts.get("firstresult") if hook.spec else False,
  File "/usr/local/lib/python3.6/site-packages/pluggy/callers.py", line 187, in _multicall
    res = hook_impl.function(*args)
  File "/usr/local/lib/python3.6/site-packages/xdist/remote.py", line 70, in pytest_runtestloop
    self.run_one_test(torun)
  File "/usr/local/lib/python3.6/site-packages/xdist/remote.py", line 87, in run_one_test
    self.config.hook.pytest_runtest_protocol(item=item, nextitem=nextitem)
  File "/usr/local/lib/python3.6/site-packages/pluggy/hooks.py", line 286, in __call__
    return self._hookexec(self, self.get_hookimpls(), kwargs)
  File "/usr/local/lib/python3.6/site-packages/pluggy/manager.py", line 93, in _hookexec
    return self._inner_hookexec(hook, methods, kwargs)
  File "/usr/local/lib/python3.6/site-packages/pluggy/manager.py", line 87, in <lambda>
    firstresult=hook.spec.opts.get("firstresult") if hook.spec else False,
  File "/usr/local/lib/python3.6/site-packages/pluggy/callers.py", line 187, in _multicall
    res = hook_impl.function(*args)
  File "/usr/local/lib/python3.6/site-packages/_pytest/runner.py", line 81, in pytest_runtest_protocol
    runtestprotocol(item, nextitem=nextitem)
  File "/usr/local/lib/python3.6/site-packages/_pytest/runner.py", line 96, in runtestprotocol
    reports.append(call_and_report(item, "call", log))
  File "/usr/local/lib/python3.6/site-packages/_pytest/runner.py", line 182, in call_and_report
    call = call_runtest_hook(item, when, **kwds)
  File "/usr/local/lib/python3.6/site-packages/_pytest/runner.py", line 207, in call_runtest_hook
    lambda: ihook(item=item, **kwds), when=when, reraise=reraise
  File "/usr/local/lib/python3.6/site-packages/_pytest/runner.py", line 234, in from_call
    result = func()
  File "/usr/local/lib/python3.6/site-packages/_pytest/runner.py", line 207, in <lambda>
    lambda: ihook(item=item, **kwds), when=when, reraise=reraise
  File "/usr/local/lib/python3.6/site-packages/pluggy/hooks.py", line 286, in __call__
    return self._hookexec(self, self.get_hookimpls(), kwargs)
  File "/usr/local/lib/python3.6/site-packages/pluggy/manager.py", line 93, in _hookexec
    return self._inner_hookexec(hook, methods, kwargs)
  File "/usr/local/lib/python3.6/site-packages/pluggy/manager.py", line 87, in <lambda>
    firstresult=hook.spec.opts.get("firstresult") if hook.spec else False,
  File "/usr/local/lib/python3.6/site-packages/pluggy/callers.py", line 187, in _multicall
    res = hook_impl.function(*args)
  File "/usr/local/lib/python3.6/site-packages/_pytest/runner.py", line 131, in pytest_runtest_call
    item.runtest()
  File "/usr/local/lib/python3.6/site-packages/_pytest/python.py", line 1435, in runtest
    self.ihook.pytest_pyfunc_call(pyfuncitem=self)
  File "/usr/local/lib/python3.6/site-packages/pluggy/hooks.py", line 286, in __call__
    return self._hookexec(self, self.get_hookimpls(), kwargs)
  File "/usr/local/lib/python3.6/site-packages/pluggy/manager.py", line 93, in _hookexec
    return self._inner_hookexec(hook, methods, kwargs)
  File "/usr/local/lib/python3.6/site-packages/pluggy/manager.py", line 87, in <lambda>
    firstresult=hook.spec.opts.get("firstresult") if hook.spec else False,
  File "/usr/local/lib/python3.6/site-packages/pluggy/callers.py", line 187, in _multicall
    res = hook_impl.function(*args)
  File "/usr/local/lib/python3.6/site-packages/_pytest/python.py", line 166, in pytest_pyfunc_call
    result = testfunction(**testargs)
  File "/workspace/source/testing/scripts/test_rolling_updates.py", line 101, in test_rolling_update3
    r = initial_rest_request("mymodel", namespace)
  File "/workspace/source/testing/scripts/seldon_e2e_utils.py", line 134, in initial_rest_request
    names=names,
  File "/workspace/source/testing/scripts/seldon_e2e_utils.py", line 107, in rest_request
    logging.warning("Bad status:", r.status_code)
  File "/usr/local/lib/python3.6/logging/__init__.py", line 1855, in warning
    root.warning(msg, *args, **kwargs)
  File "/usr/local/lib/python3.6/logging/__init__.py", line 1313, in warning
    self._log(WARNING, msg, args, **kwargs)
  File "/usr/local/lib/python3.6/logging/__init__.py", line 1437, in _log
    self.handle(record)
  File "/usr/local/lib/python3.6/logging/__init__.py", line 1447, in handle
    self.callHandlers(record)
  File "/usr/local/lib/python3.6/logging/__init__.py", line 1509, in callHandlers
    hdlr.handle(record)
  File "/usr/local/lib/python3.6/logging/__init__.py", line 858, in handle
    self.emit(record)
  File "/usr/local/lib/python3.6/site-packages/_pytest/logging.py", line 301, in emit
    logging.StreamHandler.emit(self, record)
Message: 'Bad status:'
Arguments: (404,)
--- Logging error ---
Traceback (most recent call last):
  File "/usr/local/lib/python3.6/logging/__init__.py", line 987, in emit
    msg = self.format(record)
  File "/usr/local/lib/python3.6/logging/__init__.py", line 833, in format
    return fmt.format(record)
  File "/usr/local/lib/python3.6/site-packages/_pytest/logging.py", line 70, in format
    return super().format(record)
  File "/usr/local/lib/python3.6/logging/__init__.py", line 570, in format
    record.message = record.getMessage()
  File "/usr/local/lib/python3.6/logging/__init__.py", line 333, in getMessage
    msg = msg % self.args
TypeError: not all arguments converted during string formatting
Call stack:
  File "<string>", line 1, in <module>
  File "<string>", line 8, in <module>
  File "/usr/local/lib/python3.6/site-packages/execnet/gateway_base.py", line 1554, in serve
    SlaveGateway(io=io, id=id, _startcount=2).serve()
  File "/usr/local/lib/python3.6/site-packages/execnet/gateway_base.py", line 1060, in serve
    self._execpool.integrate_as_primary_thread()
  File "/usr/local/lib/python3.6/site-packages/execnet/gateway_base.py", line 267, in integrate_as_primary_thread
    self._perform_spawn(reply)
  File "/usr/local/lib/python3.6/site-packages/execnet/gateway_base.py", line 285, in _perform_spawn
    reply.run()
  File "/usr/local/lib/python3.6/site-packages/execnet/gateway_base.py", line 220, in run
    self._result = func(*args, **kwargs)
  File "/usr/local/lib/python3.6/site-packages/execnet/gateway_base.py", line 1084, in executetask
    do_exec(co, loc)  # noqa
  File "/usr/local/lib/python3.6/site-packages/xdist/remote.py", line 258, in <module>
    config.hook.pytest_cmdline_main(config=config)
  File "/usr/local/lib/python3.6/site-packages/pluggy/hooks.py", line 286, in __call__
    return self._hookexec(self, self.get_hookimpls(), kwargs)
  File "/usr/local/lib/python3.6/site-packages/pluggy/manager.py", line 93, in _hookexec
    return self._inner_hookexec(hook, methods, kwargs)
  File "/usr/local/lib/python3.6/site-packages/pluggy/manager.py", line 87, in <lambda>
    firstresult=hook.spec.opts.get("firstresult") if hook.spec else False,
  File "/usr/local/lib/python3.6/site-packages/pluggy/callers.py", line 187, in _multicall
    res = hook_impl.function(*args)
  File "/usr/local/lib/python3.6/site-packages/_pytest/main.py", line 239, in pytest_cmdline_main
    return wrap_session(config, _main)
  File "/usr/local/lib/python3.6/site-packages/_pytest/main.py", line 196, in wrap_session
    session.exitstatus = doit(config, session) or 0
  File "/usr/local/lib/python3.6/site-packages/_pytest/main.py", line 246, in _main
    config.hook.pytest_runtestloop(session=session)
  File "/usr/local/lib/python3.6/site-packages/pluggy/hooks.py", line 286, in __call__
    return self._hookexec(self, self.get_hookimpls(), kwargs)
  File "/usr/local/lib/python3.6/site-packages/pluggy/manager.py", line 93, in _hookexec
    return self._inner_hookexec(hook, methods, kwargs)
  File "/usr/local/lib/python3.6/site-packages/pluggy/manager.py", line 87, in <lambda>
    firstresult=hook.spec.opts.get("firstresult") if hook.spec else False,
  File "/usr/local/lib/python3.6/site-packages/pluggy/callers.py", line 187, in _multicall
    res = hook_impl.function(*args)
  File "/usr/local/lib/python3.6/site-packages/xdist/remote.py", line 70, in pytest_runtestloop
    self.run_one_test(torun)
  File "/usr/local/lib/python3.6/site-packages/xdist/remote.py", line 87, in run_one_test
    self.config.hook.pytest_runtest_protocol(item=item, nextitem=nextitem)
  File "/usr/local/lib/python3.6/site-packages/pluggy/hooks.py", line 286, in __call__
    return self._hookexec(self, self.get_hookimpls(), kwargs)
  File "/usr/local/lib/python3.6/site-packages/pluggy/manager.py", line 93, in _hookexec
    return self._inner_hookexec(hook, methods, kwargs)
  File "/usr/local/lib/python3.6/site-packages/pluggy/manager.py", line 87, in <lambda>
    firstresult=hook.spec.opts.get("firstresult") if hook.spec else False,
  File "/usr/local/lib/python3.6/site-packages/pluggy/callers.py", line 187, in _multicall
    res = hook_impl.function(*args)
  File "/usr/local/lib/python3.6/site-packages/_pytest/runner.py", line 81, in pytest_runtest_protocol
    runtestprotocol(item, nextitem=nextitem)
  File "/usr/local/lib/python3.6/site-packages/_pytest/runner.py", line 96, in runtestprotocol
    reports.append(call_and_report(item, "call", log))
  File "/usr/local/lib/python3.6/site-packages/_pytest/runner.py", line 182, in call_and_report
    call = call_runtest_hook(item, when, **kwds)
  File "/usr/local/lib/python3.6/site-packages/_pytest/runner.py", line 207, in call_runtest_hook
    lambda: ihook(item=item, **kwds), when=when, reraise=reraise
  File "/usr/local/lib/python3.6/site-packages/_pytest/runner.py", line 234, in from_call
    result = func()
  File "/usr/local/lib/python3.6/site-packages/_pytest/runner.py", line 207, in <lambda>
    lambda: ihook(item=item, **kwds), when=when, reraise=reraise
  File "/usr/local/lib/python3.6/site-packages/pluggy/hooks.py", line 286, in __call__
    return self._hookexec(self, self.get_hookimpls(), kwargs)
  File "/usr/local/lib/python3.6/site-packages/pluggy/manager.py", line 93, in _hookexec
    return self._inner_hookexec(hook, methods, kwargs)
  File "/usr/local/lib/python3.6/site-packages/pluggy/manager.py", line 87, in <lambda>
    firstresult=hook.spec.opts.get("firstresult") if hook.spec else False,
  File "/usr/local/lib/python3.6/site-packages/pluggy/callers.py", line 187, in _multicall
    res = hook_impl.function(*args)
  File "/usr/local/lib/python3.6/site-packages/_pytest/runner.py", line 131, in pytest_runtest_call
    item.runtest()
  File "/usr/local/lib/python3.6/site-packages/_pytest/python.py", line 1435, in runtest
    self.ihook.pytest_pyfunc_call(pyfuncitem=self)
  File "/usr/local/lib/python3.6/site-packages/pluggy/hooks.py", line 286, in __call__
    return self._hookexec(self, self.get_hookimpls(), kwargs)
  File "/usr/local/lib/python3.6/site-packages/pluggy/manager.py", line 93, in _hookexec
    return self._inner_hookexec(hook, methods, kwargs)
  File "/usr/local/lib/python3.6/site-packages/pluggy/manager.py", line 87, in <lambda>
    firstresult=hook.spec.opts.get("firstresult") if hook.spec else False,
  File "/usr/local/lib/python3.6/site-packages/pluggy/callers.py", line 187, in _multicall
    res = hook_impl.function(*args)
  File "/usr/local/lib/python3.6/site-packages/_pytest/python.py", line 166, in pytest_pyfunc_call
    result = testfunction(**testargs)
  File "/workspace/source/testing/scripts/test_rolling_updates.py", line 61, in test_rolling_update2
    r = initial_rest_request("mymodel", namespace)
  File "/workspace/source/testing/scripts/seldon_e2e_utils.py", line 147, in initial_rest_request
    names=names,
  File "/workspace/source/testing/scripts/seldon_e2e_utils.py", line 107, in rest_request
    logging.warning("Bad status:", r.status_code)
  File "/usr/local/lib/python3.6/logging/__init__.py", line 1855, in warning
    root.warning(msg, *args, **kwargs)
  File "/usr/local/lib/python3.6/logging/__init__.py", line 1313, in warning
    self._log(WARNING, msg, args, **kwargs)
  File "/usr/local/lib/python3.6/logging/__init__.py", line 1437, in _log
    self.handle(record)
  File "/usr/local/lib/python3.6/logging/__init__.py", line 1447, in handle
    self.callHandlers(record)
  File "/usr/local/lib/python3.6/logging/__init__.py", line 1509, in callHandlers
    hdlr.handle(record)
  File "/usr/local/lib/python3.6/logging/__init__.py", line 858, in handle
    self.emit(record)
  File "/usr/local/lib/python3.6/site-packages/_pytest/logging.py", line 301, in emit
    logging.StreamHandler.emit(self, record)
Message: 'Bad status:'
Arguments: (404,)
--- Logging error ---
Traceback (most recent call last):
  File "/usr/local/lib/python3.6/logging/__init__.py", line 987, in emit
    msg = self.format(record)
  File "/usr/local/lib/python3.6/logging/__init__.py", line 833, in format
    return fmt.format(record)
  File "/usr/local/lib/python3.6/site-packages/_pytest/logging.py", line 70, in format
    return super().format(record)
  File "/usr/local/lib/python3.6/logging/__init__.py", line 570, in format
    record.message = record.getMessage()
  File "/usr/local/lib/python3.6/logging/__init__.py", line 333, in getMessage
    msg = msg % self.args
TypeError: not all arguments converted during string formatting
Call stack:
  File "<string>", line 1, in <module>
  File "<string>", line 8, in <module>
  File "/usr/local/lib/python3.6/site-packages/execnet/gateway_base.py", line 1554, in serve
    SlaveGateway(io=io, id=id, _startcount=2).serve()
  File "/usr/local/lib/python3.6/site-packages/execnet/gateway_base.py", line 1060, in serve
    self._execpool.integrate_as_primary_thread()
  File "/usr/local/lib/python3.6/site-packages/execnet/gateway_base.py", line 267, in integrate_as_primary_thread
    self._perform_spawn(reply)
  File "/usr/local/lib/python3.6/site-packages/execnet/gateway_base.py", line 285, in _perform_spawn
    reply.run()
  File "/usr/local/lib/python3.6/site-packages/execnet/gateway_base.py", line 220, in run
    self._result = func(*args, **kwargs)
  File "/usr/local/lib/python3.6/site-packages/execnet/gateway_base.py", line 1084, in executetask
    do_exec(co, loc)  # noqa
  File "/usr/local/lib/python3.6/site-packages/xdist/remote.py", line 258, in <module>
    config.hook.pytest_cmdline_main(config=config)
  File "/usr/local/lib/python3.6/site-packages/pluggy/hooks.py", line 286, in __call__
    return self._hookexec(self, self.get_hookimpls(), kwargs)
  File "/usr/local/lib/python3.6/site-packages/pluggy/manager.py", line 93, in _hookexec
    return self._inner_hookexec(hook, methods, kwargs)
  File "/usr/local/lib/python3.6/site-packages/pluggy/manager.py", line 87, in <lambda>
    firstresult=hook.spec.opts.get("firstresult") if hook.spec else False,
  File "/usr/local/lib/python3.6/site-packages/pluggy/callers.py", line 187, in _multicall
    res = hook_impl.function(*args)
  File "/usr/local/lib/python3.6/site-packages/_pytest/main.py", line 239, in pytest_cmdline_main
    return wrap_session(config, _main)
  File "/usr/local/lib/python3.6/site-packages/_pytest/main.py", line 196, in wrap_session
    session.exitstatus = doit(config, session) or 0
  File "/usr/local/lib/python3.6/site-packages/_pytest/main.py", line 246, in _main
    config.hook.pytest_runtestloop(session=session)
  File "/usr/local/lib/python3.6/site-packages/pluggy/hooks.py", line 286, in __call__
    return self._hookexec(self, self.get_hookimpls(), kwargs)
  File "/usr/local/lib/python3.6/site-packages/pluggy/manager.py", line 93, in _hookexec
    return self._inner_hookexec(hook, methods, kwargs)
  File "/usr/local/lib/python3.6/site-packages/pluggy/manager.py", line 87, in <lambda>
    firstresult=hook.spec.opts.get("firstresult") if hook.spec else False,
  File "/usr/local/lib/python3.6/site-packages/pluggy/callers.py", line 187, in _multicall
    res = hook_impl.function(*args)
  File "/usr/local/lib/python3.6/site-packages/xdist/remote.py", line 70, in pytest_runtestloop
    self.run_one_test(torun)
  File "/usr/local/lib/python3.6/site-packages/xdist/remote.py", line 87, in run_one_test
    self.config.hook.pytest_runtest_protocol(item=item, nextitem=nextitem)
  File "/usr/local/lib/python3.6/site-packages/pluggy/hooks.py", line 286, in __call__
    return self._hookexec(self, self.get_hookimpls(), kwargs)
  File "/usr/local/lib/python3.6/site-packages/pluggy/manager.py", line 93, in _hookexec
    return self._inner_hookexec(hook, methods, kwargs)
  File "/usr/local/lib/python3.6/site-packages/pluggy/manager.py", line 87, in <lambda>
    firstresult=hook.spec.opts.get("firstresult") if hook.spec else False,
  File "/usr/local/lib/python3.6/site-packages/pluggy/callers.py", line 187, in _multicall
    res = hook_impl.function(*args)
  File "/usr/local/lib/python3.6/site-packages/_pytest/runner.py", line 81, in pytest_runtest_protocol
    runtestprotocol(item, nextitem=nextitem)
  File "/usr/local/lib/python3.6/site-packages/_pytest/runner.py", line 96, in runtestprotocol
    reports.append(call_and_report(item, "call", log))
  File "/usr/local/lib/python3.6/site-packages/_pytest/runner.py", line 182, in call_and_report
    call = call_runtest_hook(item, when, **kwds)
  File "/usr/local/lib/python3.6/site-packages/_pytest/runner.py", line 207, in call_runtest_hook
    lambda: ihook(item=item, **kwds), when=when, reraise=reraise
  File "/usr/local/lib/python3.6/site-packages/_pytest/runner.py", line 234, in from_call
    result = func()
  File "/usr/local/lib/python3.6/site-packages/_pytest/runner.py", line 207, in <lambda>
    lambda: ihook(item=item, **kwds), when=when, reraise=reraise
  File "/usr/local/lib/python3.6/site-packages/pluggy/hooks.py", line 286, in __call__
    return self._hookexec(self, self.get_hookimpls(), kwargs)
  File "/usr/local/lib/python3.6/site-packages/pluggy/manager.py", line 93, in _hookexec
    return self._inner_hookexec(hook, methods, kwargs)
  File "/usr/local/lib/python3.6/site-packages/pluggy/manager.py", line 87, in <lambda>
    firstresult=hook.spec.opts.get("firstresult") if hook.spec else False,
  File "/usr/local/lib/python3.6/site-packages/pluggy/callers.py", line 187, in _multicall
    res = hook_impl.function(*args)
  File "/usr/local/lib/python3.6/site-packages/_pytest/runner.py", line 131, in pytest_runtest_call
    item.runtest()
  File "/usr/local/lib/python3.6/site-packages/_pytest/python.py", line 1435, in runtest
    self.ihook.pytest_pyfunc_call(pyfuncitem=self)
  File "/usr/local/lib/python3.6/site-packages/pluggy/hooks.py", line 286, in __call__
    return self._hookexec(self, self.get_hookimpls(), kwargs)
  File "/usr/local/lib/python3.6/site-packages/pluggy/manager.py", line 93, in _hookexec
    return self._inner_hookexec(hook, methods, kwargs)
  File "/usr/local/lib/python3.6/site-packages/pluggy/manager.py", line 87, in <lambda>
    firstresult=hook.spec.opts.get("firstresult") if hook.spec else False,
  File "/usr/local/lib/python3.6/site-packages/pluggy/callers.py", line 187, in _multicall
    res = hook_impl.function(*args)
  File "/usr/local/lib/python3.6/site-packages/_pytest/python.py", line 166, in pytest_pyfunc_call
    result = testfunction(**testargs)
  File "/workspace/source/testing/scripts/test_rolling_updates.py", line 22, in test_rolling_update1
    r = initial_rest_request("mymodel", namespace)
  File "/workspace/source/testing/scripts/seldon_e2e_utils.py", line 134, in initial_rest_request
    names=names,
  File "/workspace/source/testing/scripts/seldon_e2e_utils.py", line 107, in rest_request
    logging.warning("Bad status:", r.status_code)
  File "/usr/local/lib/python3.6/logging/__init__.py", line 1855, in warning
    root.warning(msg, *args, **kwargs)
  File "/usr/local/lib/python3.6/logging/__init__.py", line 1313, in warning
    self._log(WARNING, msg, args, **kwargs)
  File "/usr/local/lib/python3.6/logging/__init__.py", line 1437, in _log
    self.handle(record)
  File "/usr/local/lib/python3.6/logging/__init__.py", line 1447, in handle
    self.callHandlers(record)
  File "/usr/local/lib/python3.6/logging/__init__.py", line 1509, in callHandlers
    hdlr.handle(record)
  File "/usr/local/lib/python3.6/logging/__init__.py", line 858, in handle
    self.emit(record)
  File "/usr/local/lib/python3.6/site-packages/_pytest/logging.py", line 301, in emit
    logging.StreamHandler.emit(self, record)
Message: 'Bad status:'
Arguments: (404,)
--- Logging error ---
Traceback (most recent call last):
  File "/usr/local/lib/python3.6/logging/__init__.py", line 987, in emit
    msg = self.format(record)
  File "/usr/local/lib/python3.6/logging/__init__.py", line 833, in format
    return fmt.format(record)
  File "/usr/local/lib/python3.6/site-packages/_pytest/logging.py", line 70, in format
    return super().format(record)
  File "/usr/local/lib/python3.6/logging/__init__.py", line 570, in format
    record.message = record.getMessage()
  File "/usr/local/lib/python3.6/logging/__init__.py", line 333, in getMessage
    msg = msg % self.args
TypeError: not all arguments converted during string formatting
Call stack:
  File "<string>", line 1, in <module>
  File "<string>", line 8, in <module>
  File "/usr/local/lib/python3.6/site-packages/execnet/gateway_base.py", line 1554, in serve
    SlaveGateway(io=io, id=id, _startcount=2).serve()
  File "/usr/local/lib/python3.6/site-packages/execnet/gateway_base.py", line 1060, in serve
    self._execpool.integrate_as_primary_thread()
  File "/usr/local/lib/python3.6/site-packages/execnet/gateway_base.py", line 267, in integrate_as_primary_thread
    self._perform_spawn(reply)
  File "/usr/local/lib/python3.6/site-packages/execnet/gateway_base.py", line 285, in _perform_spawn
    reply.run()
  File "/usr/local/lib/python3.6/site-packages/execnet/gateway_base.py", line 220, in run
    self._result = func(*args, **kwargs)
  File "/usr/local/lib/python3.6/site-packages/execnet/gateway_base.py", line 1084, in executetask
    do_exec(co, loc)  # noqa
  File "/usr/local/lib/python3.6/site-packages/xdist/remote.py", line 258, in <module>
    config.hook.pytest_cmdline_main(config=config)
  File "/usr/local/lib/python3.6/site-packages/pluggy/hooks.py", line 286, in __call__
    return self._hookexec(self, self.get_hookimpls(), kwargs)
  File "/usr/local/lib/python3.6/site-packages/pluggy/manager.py", line 93, in _hookexec
    return self._inner_hookexec(hook, methods, kwargs)
  File "/usr/local/lib/python3.6/site-packages/pluggy/manager.py", line 87, in <lambda>
    firstresult=hook.spec.opts.get("firstresult") if hook.spec else False,
  File "/usr/local/lib/python3.6/site-packages/pluggy/callers.py", line 187, in _multicall
    res = hook_impl.function(*args)
  File "/usr/local/lib/python3.6/site-packages/_pytest/main.py", line 239, in pytest_cmdline_main
    return wrap_session(config, _main)
  File "/usr/local/lib/python3.6/site-packages/_pytest/main.py", line 196, in wrap_session
    session.exitstatus = doit(config, session) or 0
  File "/usr/local/lib/python3.6/site-packages/_pytest/main.py", line 246, in _main
    config.hook.pytest_runtestloop(session=session)
  File "/usr/local/lib/python3.6/site-packages/pluggy/hooks.py", line 286, in __call__
    return self._hookexec(self, self.get_hookimpls(), kwargs)
  File "/usr/local/lib/python3.6/site-packages/pluggy/manager.py", line 93, in _hookexec
    return self._inner_hookexec(hook, methods, kwargs)
  File "/usr/local/lib/python3.6/site-packages/pluggy/manager.py", line 87, in <lambda>
    firstresult=hook.spec.opts.get("firstresult") if hook.spec else False,
  File "/usr/local/lib/python3.6/site-packages/pluggy/callers.py", line 187, in _multicall
    res = hook_impl.function(*args)
  File "/usr/local/lib/python3.6/site-packages/xdist/remote.py", line 70, in pytest_runtestloop
    self.run_one_test(torun)
  File "/usr/local/lib/python3.6/site-packages/xdist/remote.py", line 87, in run_one_test
    self.config.hook.pytest_runtest_protocol(item=item, nextitem=nextitem)
  File "/usr/local/lib/python3.6/site-packages/pluggy/hooks.py", line 286, in __call__
    return self._hookexec(self, self.get_hookimpls(), kwargs)
  File "/usr/local/lib/python3.6/site-packages/pluggy/manager.py", line 93, in _hookexec
    return self._inner_hookexec(hook, methods, kwargs)
  File "/usr/local/lib/python3.6/site-packages/pluggy/manager.py", line 87, in <lambda>
    firstresult=hook.spec.opts.get("firstresult") if hook.spec else False,
  File "/usr/local/lib/python3.6/site-packages/pluggy/callers.py", line 187, in _multicall
    res = hook_impl.function(*args)
  File "/usr/local/lib/python3.6/site-packages/_pytest/runner.py", line 81, in pytest_runtest_protocol
    runtestprotocol(item, nextitem=nextitem)
  File "/usr/local/lib/python3.6/site-packages/_pytest/runner.py", line 96, in runtestprotocol
    reports.append(call_and_report(item, "call", log))
  File "/usr/local/lib/python3.6/site-packages/_pytest/runner.py", line 182, in call_and_report
    call = call_runtest_hook(item, when, **kwds)
  File "/usr/local/lib/python3.6/site-packages/_pytest/runner.py", line 207, in call_runtest_hook
    lambda: ihook(item=item, **kwds), when=when, reraise=reraise
  File "/usr/local/lib/python3.6/site-packages/_pytest/runner.py", line 234, in from_call
    result = func()
  File "/usr/local/lib/python3.6/site-packages/_pytest/runner.py", line 207, in <lambda>
    lambda: ihook(item=item, **kwds), when=when, reraise=reraise
  File "/usr/local/lib/python3.6/site-packages/pluggy/hooks.py", line 286, in __call__
    return self._hookexec(self, self.get_hookimpls(), kwargs)
  File "/usr/local/lib/python3.6/site-packages/pluggy/manager.py", line 93, in _hookexec
    return self._inner_hookexec(hook, methods, kwargs)
  File "/usr/local/lib/python3.6/site-packages/pluggy/manager.py", line 87, in <lambda>
    firstresult=hook.spec.opts.get("firstresult") if hook.spec else False,
  File "/usr/local/lib/python3.6/site-packages/pluggy/callers.py", line 187, in _multicall
    res = hook_impl.function(*args)
  File "/usr/local/lib/python3.6/site-packages/_pytest/runner.py", line 131, in pytest_runtest_call
    item.runtest()
  File "/usr/local/lib/python3.6/site-packages/_pytest/python.py", line 1435, in runtest
    self.ihook.pytest_pyfunc_call(pyfuncitem=self)
  File "/usr/local/lib/python3.6/site-packages/pluggy/hooks.py", line 286, in __call__
    return self._hookexec(self, self.get_hookimpls(), kwargs)
  File "/usr/local/lib/python3.6/site-packages/pluggy/manager.py", line 93, in _hookexec
    return self._inner_hookexec(hook, methods, kwargs)
  File "/usr/local/lib/python3.6/site-packages/pluggy/manager.py", line 87, in <lambda>
    firstresult=hook.spec.opts.get("firstresult") if hook.spec else False,
  File "/usr/local/lib/python3.6/site-packages/pluggy/callers.py", line 187, in _multicall
    res = hook_impl.function(*args)
  File "/usr/local/lib/python3.6/site-packages/_pytest/python.py", line 166, in pytest_pyfunc_call
    result = testfunction(**testargs)
  File "/workspace/source/testing/scripts/test_prepackaged_servers.py", line 47, in test_tfserving
    dtype="ndarray",
  File "/workspace/source/testing/scripts/seldon_e2e_utils.py", line 134, in initial_rest_request
    names=names,
  File "/workspace/source/testing/scripts/seldon_e2e_utils.py", line 107, in rest_request
    logging.warning("Bad status:", r.status_code)
  File "/usr/local/lib/python3.6/logging/__init__.py", line 1855, in warning
    root.warning(msg, *args, **kwargs)
  File "/usr/local/lib/python3.6/logging/__init__.py", line 1313, in warning
    self._log(WARNING, msg, args, **kwargs)
  File "/usr/local/lib/python3.6/logging/__init__.py", line 1437, in _log
    self.handle(record)
  File "/usr/local/lib/python3.6/logging/__init__.py", line 1447, in handle
    self.callHandlers(record)
  File "/usr/local/lib/python3.6/logging/__init__.py", line 1509, in callHandlers
    hdlr.handle(record)
  File "/usr/local/lib/python3.6/logging/__init__.py", line 858, in handle
    self.emit(record)
  File "/usr/local/lib/python3.6/site-packages/_pytest/logging.py", line 301, in emit
    logging.StreamHandler.emit(self, record)
Message: 'Bad status:'
Arguments: (404,)

[gw1] PASSED test_prepackaged_servers.py::TestPrepack::test_tfserving 
test_rolling_updates.py::TestRollingHttp::test_rolling_update4 Error from server (NotFound): error when deleting "../resources/graph2.json": seldondeployments.machinelearning.seldon.io "mymodel" not found
Error from server (NotFound): error when deleting "../resources/graph3.json": seldondeployments.machinelearning.seldon.io "mymodel" not found
Error from server (NotFound): error when deleting "../resources/graph4.json": seldondeployments.machinelearning.seldon.io "mymodel" not found
--- Logging error ---
Traceback (most recent call last):
  File "/usr/local/lib/python3.6/logging/__init__.py", line 987, in emit
    msg = self.format(record)
  File "/usr/local/lib/python3.6/logging/__init__.py", line 833, in format
    return fmt.format(record)
  File "/usr/local/lib/python3.6/site-packages/_pytest/logging.py", line 70, in format
    return super().format(record)
  File "/usr/local/lib/python3.6/logging/__init__.py", line 570, in format
    record.message = record.getMessage()
  File "/usr/local/lib/python3.6/logging/__init__.py", line 333, in getMessage
    msg = msg % self.args
TypeError: not all arguments converted during string formatting
Call stack:
  File "<string>", line 1, in <module>
  File "<string>", line 8, in <module>
  File "/usr/local/lib/python3.6/site-packages/execnet/gateway_base.py", line 1554, in serve
    SlaveGateway(io=io, id=id, _startcount=2).serve()
  File "/usr/local/lib/python3.6/site-packages/execnet/gateway_base.py", line 1060, in serve
    self._execpool.integrate_as_primary_thread()
  File "/usr/local/lib/python3.6/site-packages/execnet/gateway_base.py", line 267, in integrate_as_primary_thread
    self._perform_spawn(reply)
  File "/usr/local/lib/python3.6/site-packages/execnet/gateway_base.py", line 285, in _perform_spawn
    reply.run()
  File "/usr/local/lib/python3.6/site-packages/execnet/gateway_base.py", line 220, in run
    self._result = func(*args, **kwargs)
  File "/usr/local/lib/python3.6/site-packages/execnet/gateway_base.py", line 1084, in executetask
    do_exec(co, loc)  # noqa
  File "/usr/local/lib/python3.6/site-packages/xdist/remote.py", line 258, in <module>
    config.hook.pytest_cmdline_main(config=config)
  File "/usr/local/lib/python3.6/site-packages/pluggy/hooks.py", line 286, in __call__
    return self._hookexec(self, self.get_hookimpls(), kwargs)
  File "/usr/local/lib/python3.6/site-packages/pluggy/manager.py", line 93, in _hookexec
    return self._inner_hookexec(hook, methods, kwargs)
  File "/usr/local/lib/python3.6/site-packages/pluggy/manager.py", line 87, in <lambda>
    firstresult=hook.spec.opts.get("firstresult") if hook.spec else False,
  File "/usr/local/lib/python3.6/site-packages/pluggy/callers.py", line 187, in _multicall
    res = hook_impl.function(*args)
  File "/usr/local/lib/python3.6/site-packages/_pytest/main.py", line 239, in pytest_cmdline_main
    return wrap_session(config, _main)
  File "/usr/local/lib/python3.6/site-packages/_pytest/main.py", line 196, in wrap_session
    session.exitstatus = doit(config, session) or 0
  File "/usr/local/lib/python3.6/site-packages/_pytest/main.py", line 246, in _main
    config.hook.pytest_runtestloop(session=session)
  File "/usr/local/lib/python3.6/site-packages/pluggy/hooks.py", line 286, in __call__
    return self._hookexec(self, self.get_hookimpls(), kwargs)
  File "/usr/local/lib/python3.6/site-packages/pluggy/manager.py", line 93, in _hookexec
    return self._inner_hookexec(hook, methods, kwargs)
  File "/usr/local/lib/python3.6/site-packages/pluggy/manager.py", line 87, in <lambda>
    firstresult=hook.spec.opts.get("firstresult") if hook.spec else False,
  File "/usr/local/lib/python3.6/site-packages/pluggy/callers.py", line 187, in _multicall
    res = hook_impl.function(*args)
  File "/usr/local/lib/python3.6/site-packages/xdist/remote.py", line 70, in pytest_runtestloop
    self.run_one_test(torun)
  File "/usr/local/lib/python3.6/site-packages/xdist/remote.py", line 87, in run_one_test
    self.config.hook.pytest_runtest_protocol(item=item, nextitem=nextitem)
  File "/usr/local/lib/python3.6/site-packages/pluggy/hooks.py", line 286, in __call__
    return self._hookexec(self, self.get_hookimpls(), kwargs)
  File "/usr/local/lib/python3.6/site-packages/pluggy/manager.py", line 93, in _hookexec
    return self._inner_hookexec(hook, methods, kwargs)
  File "/usr/local/lib/python3.6/site-packages/pluggy/manager.py", line 87, in <lambda>
    firstresult=hook.spec.opts.get("firstresult") if hook.spec else False,
  File "/usr/local/lib/python3.6/site-packages/pluggy/callers.py", line 187, in _multicall
    res = hook_impl.function(*args)
  File "/usr/local/lib/python3.6/site-packages/_pytest/runner.py", line 81, in pytest_runtest_protocol
    runtestprotocol(item, nextitem=nextitem)
  File "/usr/local/lib/python3.6/site-packages/_pytest/runner.py", line 96, in runtestprotocol
    reports.append(call_and_report(item, "call", log))
  File "/usr/local/lib/python3.6/site-packages/_pytest/runner.py", line 182, in call_and_report
    call = call_runtest_hook(item, when, **kwds)
  File "/usr/local/lib/python3.6/site-packages/_pytest/runner.py", line 207, in call_runtest_hook
    lambda: ihook(item=item, **kwds), when=when, reraise=reraise
  File "/usr/local/lib/python3.6/site-packages/_pytest/runner.py", line 234, in from_call
    result = func()
  File "/usr/local/lib/python3.6/site-packages/_pytest/runner.py", line 207, in <lambda>
    lambda: ihook(item=item, **kwds), when=when, reraise=reraise
  File "/usr/local/lib/python3.6/site-packages/pluggy/hooks.py", line 286, in __call__
    return self._hookexec(self, self.get_hookimpls(), kwargs)
  File "/usr/local/lib/python3.6/site-packages/pluggy/manager.py", line 93, in _hookexec
    return self._inner_hookexec(hook, methods, kwargs)
  File "/usr/local/lib/python3.6/site-packages/pluggy/manager.py", line 87, in <lambda>
    firstresult=hook.spec.opts.get("firstresult") if hook.spec else False,
  File "/usr/local/lib/python3.6/site-packages/pluggy/callers.py", line 187, in _multicall
    res = hook_impl.function(*args)
  File "/usr/local/lib/python3.6/site-packages/_pytest/runner.py", line 131, in pytest_runtest_call
    item.runtest()
  File "/usr/local/lib/python3.6/site-packages/_pytest/python.py", line 1435, in runtest
    self.ihook.pytest_pyfunc_call(pyfuncitem=self)
  File "/usr/local/lib/python3.6/site-packages/pluggy/hooks.py", line 286, in __call__
    return self._hookexec(self, self.get_hookimpls(), kwargs)
  File "/usr/local/lib/python3.6/site-packages/pluggy/manager.py", line 93, in _hookexec
    return self._inner_hookexec(hook, methods, kwargs)
  File "/usr/local/lib/python3.6/site-packages/pluggy/manager.py", line 87, in <lambda>
    firstresult=hook.spec.opts.get("firstresult") if hook.spec else False,
  File "/usr/local/lib/python3.6/site-packages/pluggy/callers.py", line 187, in _multicall
    res = hook_impl.function(*args)
  File "/usr/local/lib/python3.6/site-packages/_pytest/python.py", line 166, in pytest_pyfunc_call
    result = testfunction(**testargs)
  File "/workspace/source/testing/scripts/test_rolling_updates.py", line 135, in test_rolling_update4
    r = initial_rest_request("mymodel", namespace)
  File "/workspace/source/testing/scripts/seldon_e2e_utils.py", line 134, in initial_rest_request
    names=names,
  File "/workspace/source/testing/scripts/seldon_e2e_utils.py", line 107, in rest_request
    logging.warning("Bad status:", r.status_code)
  File "/usr/local/lib/python3.6/logging/__init__.py", line 1855, in warning
    root.warning(msg, *args, **kwargs)
  File "/usr/local/lib/python3.6/logging/__init__.py", line 1313, in warning
    self._log(WARNING, msg, args, **kwargs)
  File "/usr/local/lib/python3.6/logging/__init__.py", line 1437, in _log
    self.handle(record)
  File "/usr/local/lib/python3.6/logging/__init__.py", line 1447, in handle
    self.callHandlers(record)
  File "/usr/local/lib/python3.6/logging/__init__.py", line 1509, in callHandlers
    hdlr.handle(record)
  File "/usr/local/lib/python3.6/logging/__init__.py", line 858, in handle
    self.emit(record)
  File "/usr/local/lib/python3.6/site-packages/_pytest/logging.py", line 301, in emit
    logging.StreamHandler.emit(self, record)
Message: 'Bad status:'
Arguments: (404,)

[gw2] PASSED test_rolling_updates.py::TestRollingHttp::test_rolling_update1 
test_rolling_updates.py::TestRollingHttp::test_rolling_update5 
[gw0] PASSED test_rolling_updates.py::TestRollingHttp::test_rolling_update3 
test_rolling_updates.py::TestRollingHttp::test_rolling_update7 
[gw3] PASSED test_rolling_updates.py::TestRollingHttp::test_rolling_update2 
test_rolling_updates.py::TestRollingHttp::test_rolling_update6 Error from server (NotFound): error when deleting "../resources/graph5.json": seldondeployments.machinelearning.seldon.io "mymodel" not found
--- Logging error ---
Traceback (most recent call last):
  File "/usr/local/lib/python3.6/logging/__init__.py", line 987, in emit
    msg = self.format(record)
  File "/usr/local/lib/python3.6/logging/__init__.py", line 833, in format
    return fmt.format(record)
  File "/usr/local/lib/python3.6/site-packages/_pytest/logging.py", line 70, in format
    return super().format(record)
  File "/usr/local/lib/python3.6/logging/__init__.py", line 570, in format
    record.message = record.getMessage()
  File "/usr/local/lib/python3.6/logging/__init__.py", line 333, in getMessage
    msg = msg % self.args
TypeError: not all arguments converted during string formatting
Call stack:
  File "<string>", line 1, in <module>
  File "<string>", line 8, in <module>
  File "/usr/local/lib/python3.6/site-packages/execnet/gateway_base.py", line 1554, in serve
    SlaveGateway(io=io, id=id, _startcount=2).serve()
  File "/usr/local/lib/python3.6/site-packages/execnet/gateway_base.py", line 1060, in serve
    self._execpool.integrate_as_primary_thread()
  File "/usr/local/lib/python3.6/site-packages/execnet/gateway_base.py", line 267, in integrate_as_primary_thread
    self._perform_spawn(reply)
  File "/usr/local/lib/python3.6/site-packages/execnet/gateway_base.py", line 285, in _perform_spawn
    reply.run()
  File "/usr/local/lib/python3.6/site-packages/execnet/gateway_base.py", line 220, in run
    self._result = func(*args, **kwargs)
  File "/usr/local/lib/python3.6/site-packages/execnet/gateway_base.py", line 1084, in executetask
    do_exec(co, loc)  # noqa
  File "/usr/local/lib/python3.6/site-packages/xdist/remote.py", line 258, in <module>
    config.hook.pytest_cmdline_main(config=config)
  File "/usr/local/lib/python3.6/site-packages/pluggy/hooks.py", line 286, in __call__
    return self._hookexec(self, self.get_hookimpls(), kwargs)
  File "/usr/local/lib/python3.6/site-packages/pluggy/manager.py", line 93, in _hookexec
    return self._inner_hookexec(hook, methods, kwargs)
  File "/usr/local/lib/python3.6/site-packages/pluggy/manager.py", line 87, in <lambda>
    firstresult=hook.spec.opts.get("firstresult") if hook.spec else False,
  File "/usr/local/lib/python3.6/site-packages/pluggy/callers.py", line 187, in _multicall
    res = hook_impl.function(*args)
  File "/usr/local/lib/python3.6/site-packages/_pytest/main.py", line 239, in pytest_cmdline_main
    return wrap_session(config, _main)
  File "/usr/local/lib/python3.6/site-packages/_pytest/main.py", line 196, in wrap_session
    session.exitstatus = doit(config, session) or 0
  File "/usr/local/lib/python3.6/site-packages/_pytest/main.py", line 246, in _main
    config.hook.pytest_runtestloop(session=session)
  File "/usr/local/lib/python3.6/site-packages/pluggy/hooks.py", line 286, in __call__
    return self._hookexec(self, self.get_hookimpls(), kwargs)
  File "/usr/local/lib/python3.6/site-packages/pluggy/manager.py", line 93, in _hookexec
    return self._inner_hookexec(hook, methods, kwargs)
  File "/usr/local/lib/python3.6/site-packages/pluggy/manager.py", line 87, in <lambda>
    firstresult=hook.spec.opts.get("firstresult") if hook.spec else False,
  File "/usr/local/lib/python3.6/site-packages/pluggy/callers.py", line 187, in _multicall
    res = hook_impl.function(*args)
  File "/usr/local/lib/python3.6/site-packages/xdist/remote.py", line 70, in pytest_runtestloop
    self.run_one_test(torun)
  File "/usr/local/lib/python3.6/site-packages/xdist/remote.py", line 87, in run_one_test
    self.config.hook.pytest_runtest_protocol(item=item, nextitem=nextitem)
  File "/usr/local/lib/python3.6/site-packages/pluggy/hooks.py", line 286, in __call__
    return self._hookexec(self, self.get_hookimpls(), kwargs)
  File "/usr/local/lib/python3.6/site-packages/pluggy/manager.py", line 93, in _hookexec
    return self._inner_hookexec(hook, methods, kwargs)
  File "/usr/local/lib/python3.6/site-packages/pluggy/manager.py", line 87, in <lambda>
    firstresult=hook.spec.opts.get("firstresult") if hook.spec else False,
  File "/usr/local/lib/python3.6/site-packages/pluggy/callers.py", line 187, in _multicall
    res = hook_impl.function(*args)
  File "/usr/local/lib/python3.6/site-packages/_pytest/runner.py", line 81, in pytest_runtest_protocol
    runtestprotocol(item, nextitem=nextitem)
  File "/usr/local/lib/python3.6/site-packages/_pytest/runner.py", line 96, in runtestprotocol
    reports.append(call_and_report(item, "call", log))
  File "/usr/local/lib/python3.6/site-packages/_pytest/runner.py", line 182, in call_and_report
    call = call_runtest_hook(item, when, **kwds)
  File "/usr/local/lib/python3.6/site-packages/_pytest/runner.py", line 207, in call_runtest_hook
    lambda: ihook(item=item, **kwds), when=when, reraise=reraise
  File "/usr/local/lib/python3.6/site-packages/_pytest/runner.py", line 234, in from_call
    result = func()
  File "/usr/local/lib/python3.6/site-packages/_pytest/runner.py", line 207, in <lambda>
    lambda: ihook(item=item, **kwds), when=when, reraise=reraise
  File "/usr/local/lib/python3.6/site-packages/pluggy/hooks.py", line 286, in __call__
    return self._hookexec(self, self.get_hookimpls(), kwargs)
  File "/usr/local/lib/python3.6/site-packages/pluggy/manager.py", line 93, in _hookexec
    return self._inner_hookexec(hook, methods, kwargs)
  File "/usr/local/lib/python3.6/site-packages/pluggy/manager.py", line 87, in <lambda>
    firstresult=hook.spec.opts.get("firstresult") if hook.spec else False,
  File "/usr/local/lib/python3.6/site-packages/pluggy/callers.py", line 187, in _multicall
    res = hook_impl.function(*args)
  File "/usr/local/lib/python3.6/site-packages/_pytest/runner.py", line 131, in pytest_runtest_call
    item.runtest()
  File "/usr/local/lib/python3.6/site-packages/_pytest/python.py", line 1435, in runtest
    self.ihook.pytest_pyfunc_call(pyfuncitem=self)
  File "/usr/local/lib/python3.6/site-packages/pluggy/hooks.py", line 286, in __call__
    return self._hookexec(self, self.get_hookimpls(), kwargs)
  File "/usr/local/lib/python3.6/site-packages/pluggy/manager.py", line 93, in _hookexec
    return self._inner_hookexec(hook, methods, kwargs)
  File "/usr/local/lib/python3.6/site-packages/pluggy/manager.py", line 87, in <lambda>
    firstresult=hook.spec.opts.get("firstresult") if hook.spec else False,
  File "/usr/local/lib/python3.6/site-packages/pluggy/callers.py", line 187, in _multicall
    res = hook_impl.function(*args)
  File "/usr/local/lib/python3.6/site-packages/_pytest/python.py", line 166, in pytest_pyfunc_call
    result = testfunction(**testargs)
  File "/workspace/source/testing/scripts/test_rolling_updates.py", line 173, in test_rolling_update5
    r = initial_rest_request("mymodel", namespace)
  File "/workspace/source/testing/scripts/seldon_e2e_utils.py", line 134, in initial_rest_request
    names=names,
  File "/workspace/source/testing/scripts/seldon_e2e_utils.py", line 107, in rest_request
    logging.warning("Bad status:", r.status_code)
  File "/usr/local/lib/python3.6/logging/__init__.py", line 1855, in warning
    root.warning(msg, *args, **kwargs)
  File "/usr/local/lib/python3.6/logging/__init__.py", line 1313, in warning
    self._log(WARNING, msg, args, **kwargs)
  File "/usr/local/lib/python3.6/logging/__init__.py", line 1437, in _log
    self.handle(record)
  File "/usr/local/lib/python3.6/logging/__init__.py", line 1447, in handle
    self.callHandlers(record)
  File "/usr/local/lib/python3.6/logging/__init__.py", line 1509, in callHandlers
    hdlr.handle(record)
  File "/usr/local/lib/python3.6/logging/__init__.py", line 858, in handle
    self.emit(record)
  File "/usr/local/lib/python3.6/site-packages/_pytest/logging.py", line 301, in emit
    logging.StreamHandler.emit(self, record)
Message: 'Bad status:'
Arguments: (404,)
--- Logging error ---
Traceback (most recent call last):
  File "/usr/local/lib/python3.6/logging/__init__.py", line 987, in emit
    msg = self.format(record)
  File "/usr/local/lib/python3.6/logging/__init__.py", line 833, in format
    return fmt.format(record)
  File "/usr/local/lib/python3.6/site-packages/_pytest/logging.py", line 70, in format
    return super().format(record)
  File "/usr/local/lib/python3.6/logging/__init__.py", line 570, in format
    record.message = record.getMessage()
  File "/usr/local/lib/python3.6/logging/__init__.py", line 333, in getMessage
    msg = msg % self.args
TypeError: not all arguments converted during string formatting
Call stack:
  File "<string>", line 1, in <module>
  File "<string>", line 8, in <module>
  File "/usr/local/lib/python3.6/site-packages/execnet/gateway_base.py", line 1554, in serve
    SlaveGateway(io=io, id=id, _startcount=2).serve()
  File "/usr/local/lib/python3.6/site-packages/execnet/gateway_base.py", line 1060, in serve
    self._execpool.integrate_as_primary_thread()
  File "/usr/local/lib/python3.6/site-packages/execnet/gateway_base.py", line 267, in integrate_as_primary_thread
    self._perform_spawn(reply)
  File "/usr/local/lib/python3.6/site-packages/execnet/gateway_base.py", line 285, in _perform_spawn
    reply.run()
  File "/usr/local/lib/python3.6/site-packages/execnet/gateway_base.py", line 220, in run
    self._result = func(*args, **kwargs)
  File "/usr/local/lib/python3.6/site-packages/execnet/gateway_base.py", line 1084, in executetask
    do_exec(co, loc)  # noqa
  File "/usr/local/lib/python3.6/site-packages/xdist/remote.py", line 258, in <module>
    config.hook.pytest_cmdline_main(config=config)
  File "/usr/local/lib/python3.6/site-packages/pluggy/hooks.py", line 286, in __call__
    return self._hookexec(self, self.get_hookimpls(), kwargs)
  File "/usr/local/lib/python3.6/site-packages/pluggy/manager.py", line 93, in _hookexec
    return self._inner_hookexec(hook, methods, kwargs)
  File "/usr/local/lib/python3.6/site-packages/pluggy/manager.py", line 87, in <lambda>
    firstresult=hook.spec.opts.get("firstresult") if hook.spec else False,
  File "/usr/local/lib/python3.6/site-packages/pluggy/callers.py", line 187, in _multicall
    res = hook_impl.function(*args)
  File "/usr/local/lib/python3.6/site-packages/_pytest/main.py", line 239, in pytest_cmdline_main
    return wrap_session(config, _main)
  File "/usr/local/lib/python3.6/site-packages/_pytest/main.py", line 196, in wrap_session
    session.exitstatus = doit(config, session) or 0
  File "/usr/local/lib/python3.6/site-packages/_pytest/main.py", line 246, in _main
    config.hook.pytest_runtestloop(session=session)
  File "/usr/local/lib/python3.6/site-packages/pluggy/hooks.py", line 286, in __call__
    return self._hookexec(self, self.get_hookimpls(), kwargs)
  File "/usr/local/lib/python3.6/site-packages/pluggy/manager.py", line 93, in _hookexec
    return self._inner_hookexec(hook, methods, kwargs)
  File "/usr/local/lib/python3.6/site-packages/pluggy/manager.py", line 87, in <lambda>
    firstresult=hook.spec.opts.get("firstresult") if hook.spec else False,
  File "/usr/local/lib/python3.6/site-packages/pluggy/callers.py", line 187, in _multicall
    res = hook_impl.function(*args)
  File "/usr/local/lib/python3.6/site-packages/xdist/remote.py", line 70, in pytest_runtestloop
    self.run_one_test(torun)
  File "/usr/local/lib/python3.6/site-packages/xdist/remote.py", line 87, in run_one_test
    self.config.hook.pytest_runtest_protocol(item=item, nextitem=nextitem)
  File "/usr/local/lib/python3.6/site-packages/pluggy/hooks.py", line 286, in __call__
    return self._hookexec(self, self.get_hookimpls(), kwargs)
  File "/usr/local/lib/python3.6/site-packages/pluggy/manager.py", line 93, in _hookexec
    return self._inner_hookexec(hook, methods, kwargs)
  File "/usr/local/lib/python3.6/site-packages/pluggy/manager.py", line 87, in <lambda>
    firstresult=hook.spec.opts.get("firstresult") if hook.spec else False,
  File "/usr/local/lib/python3.6/site-packages/pluggy/callers.py", line 187, in _multicall
    res = hook_impl.function(*args)
  File "/usr/local/lib/python3.6/site-packages/_pytest/runner.py", line 81, in pytest_runtest_protocol
    runtestprotocol(item, nextitem=nextitem)
  File "/usr/local/lib/python3.6/site-packages/_pytest/runner.py", line 96, in runtestprotocol
    reports.append(call_and_report(item, "call", log))
  File "/usr/local/lib/python3.6/site-packages/_pytest/runner.py", line 182, in call_and_report
    call = call_runtest_hook(item, when, **kwds)
  File "/usr/local/lib/python3.6/site-packages/_pytest/runner.py", line 207, in call_runtest_hook
    lambda: ihook(item=item, **kwds), when=when, reraise=reraise
  File "/usr/local/lib/python3.6/site-packages/_pytest/runner.py", line 234, in from_call
    result = func()
  File "/usr/local/lib/python3.6/site-packages/_pytest/runner.py", line 207, in <lambda>
    lambda: ihook(item=item, **kwds), when=when, reraise=reraise
  File "/usr/local/lib/python3.6/site-packages/pluggy/hooks.py", line 286, in __call__
    return self._hookexec(self, self.get_hookimpls(), kwargs)
  File "/usr/local/lib/python3.6/site-packages/pluggy/manager.py", line 93, in _hookexec
    return self._inner_hookexec(hook, methods, kwargs)
  File "/usr/local/lib/python3.6/site-packages/pluggy/manager.py", line 87, in <lambda>
    firstresult=hook.spec.opts.get("firstresult") if hook.spec else False,
  File "/usr/local/lib/python3.6/site-packages/pluggy/callers.py", line 187, in _multicall
    res = hook_impl.function(*args)
  File "/usr/local/lib/python3.6/site-packages/_pytest/runner.py", line 131, in pytest_runtest_call
    item.runtest()
  File "/usr/local/lib/python3.6/site-packages/_pytest/python.py", line 1435, in runtest
    self.ihook.pytest_pyfunc_call(pyfuncitem=self)
  File "/usr/local/lib/python3.6/site-packages/pluggy/hooks.py", line 286, in __call__
    return self._hookexec(self, self.get_hookimpls(), kwargs)
  File "/usr/local/lib/python3.6/site-packages/pluggy/manager.py", line 93, in _hookexec
    return self._inner_hookexec(hook, methods, kwargs)
  File "/usr/local/lib/python3.6/site-packages/pluggy/manager.py", line 87, in <lambda>
    firstresult=hook.spec.opts.get("firstresult") if hook.spec else False,
  File "/usr/local/lib/python3.6/site-packages/pluggy/callers.py", line 187, in _multicall
    res = hook_impl.function(*args)
  File "/usr/local/lib/python3.6/site-packages/_pytest/python.py", line 166, in pytest_pyfunc_call
    result = testfunction(**testargs)
  File "/workspace/source/testing/scripts/test_rolling_updates.py", line 254, in test_rolling_update7
    r = initial_rest_request("mymodel", namespace)
  File "/workspace/source/testing/scripts/seldon_e2e_utils.py", line 134, in initial_rest_request
    names=names,
  File "/workspace/source/testing/scripts/seldon_e2e_utils.py", line 107, in rest_request
    logging.warning("Bad status:", r.status_code)
  File "/usr/local/lib/python3.6/logging/__init__.py", line 1855, in warning
    root.warning(msg, *args, **kwargs)
  File "/usr/local/lib/python3.6/logging/__init__.py", line 1313, in warning
    self._log(WARNING, msg, args, **kwargs)
  File "/usr/local/lib/python3.6/logging/__init__.py", line 1437, in _log
    self.handle(record)
  File "/usr/local/lib/python3.6/logging/__init__.py", line 1447, in handle
    self.callHandlers(record)
  File "/usr/local/lib/python3.6/logging/__init__.py", line 1509, in callHandlers
    hdlr.handle(record)
  File "/usr/local/lib/python3.6/logging/__init__.py", line 858, in handle
    self.emit(record)
  File "/usr/local/lib/python3.6/site-packages/_pytest/logging.py", line 301, in emit
    logging.StreamHandler.emit(self, record)
Message: 'Bad status:'
Arguments: (404,)
--- Logging error ---
Traceback (most recent call last):
  File "/usr/local/lib/python3.6/logging/__init__.py", line 987, in emit
    msg = self.format(record)
  File "/usr/local/lib/python3.6/logging/__init__.py", line 833, in format
    return fmt.format(record)
  File "/usr/local/lib/python3.6/site-packages/_pytest/logging.py", line 70, in format
    return super().format(record)
  File "/usr/local/lib/python3.6/logging/__init__.py", line 570, in format
    record.message = record.getMessage()
  File "/usr/local/lib/python3.6/logging/__init__.py", line 333, in getMessage
    msg = msg % self.args
TypeError: not all arguments converted during string formatting
Call stack:
  File "<string>", line 1, in <module>
  File "<string>", line 8, in <module>
  File "/usr/local/lib/python3.6/site-packages/execnet/gateway_base.py", line 1554, in serve
    SlaveGateway(io=io, id=id, _startcount=2).serve()
  File "/usr/local/lib/python3.6/site-packages/execnet/gateway_base.py", line 1060, in serve
    self._execpool.integrate_as_primary_thread()
  File "/usr/local/lib/python3.6/site-packages/execnet/gateway_base.py", line 267, in integrate_as_primary_thread
    self._perform_spawn(reply)
  File "/usr/local/lib/python3.6/site-packages/execnet/gateway_base.py", line 285, in _perform_spawn
    reply.run()
  File "/usr/local/lib/python3.6/site-packages/execnet/gateway_base.py", line 220, in run
    self._result = func(*args, **kwargs)
  File "/usr/local/lib/python3.6/site-packages/execnet/gateway_base.py", line 1084, in executetask
    do_exec(co, loc)  # noqa
  File "/usr/local/lib/python3.6/site-packages/xdist/remote.py", line 258, in <module>
    config.hook.pytest_cmdline_main(config=config)
  File "/usr/local/lib/python3.6/site-packages/pluggy/hooks.py", line 286, in __call__
    return self._hookexec(self, self.get_hookimpls(), kwargs)
  File "/usr/local/lib/python3.6/site-packages/pluggy/manager.py", line 93, in _hookexec
    return self._inner_hookexec(hook, methods, kwargs)
  File "/usr/local/lib/python3.6/site-packages/pluggy/manager.py", line 87, in <lambda>
    firstresult=hook.spec.opts.get("firstresult") if hook.spec else False,
  File "/usr/local/lib/python3.6/site-packages/pluggy/callers.py", line 187, in _multicall
    res = hook_impl.function(*args)
  File "/usr/local/lib/python3.6/site-packages/_pytest/main.py", line 239, in pytest_cmdline_main
    return wrap_session(config, _main)
  File "/usr/local/lib/python3.6/site-packages/_pytest/main.py", line 196, in wrap_session
    session.exitstatus = doit(config, session) or 0
  File "/usr/local/lib/python3.6/site-packages/_pytest/main.py", line 246, in _main
    config.hook.pytest_runtestloop(session=session)
  File "/usr/local/lib/python3.6/site-packages/pluggy/hooks.py", line 286, in __call__
    return self._hookexec(self, self.get_hookimpls(), kwargs)
  File "/usr/local/lib/python3.6/site-packages/pluggy/manager.py", line 93, in _hookexec
    return self._inner_hookexec(hook, methods, kwargs)
  File "/usr/local/lib/python3.6/site-packages/pluggy/manager.py", line 87, in <lambda>
    firstresult=hook.spec.opts.get("firstresult") if hook.spec else False,
  File "/usr/local/lib/python3.6/site-packages/pluggy/callers.py", line 187, in _multicall
    res = hook_impl.function(*args)
  File "/usr/local/lib/python3.6/site-packages/xdist/remote.py", line 73, in pytest_runtestloop
    self.run_one_test(torun)
  File "/usr/local/lib/python3.6/site-packages/xdist/remote.py", line 87, in run_one_test
    self.config.hook.pytest_runtest_protocol(item=item, nextitem=nextitem)
  File "/usr/local/lib/python3.6/site-packages/pluggy/hooks.py", line 286, in __call__
    return self._hookexec(self, self.get_hookimpls(), kwargs)
  File "/usr/local/lib/python3.6/site-packages/pluggy/manager.py", line 93, in _hookexec
    return self._inner_hookexec(hook, methods, kwargs)
  File "/usr/local/lib/python3.6/site-packages/pluggy/manager.py", line 87, in <lambda>
    firstresult=hook.spec.opts.get("firstresult") if hook.spec else False,
  File "/usr/local/lib/python3.6/site-packages/pluggy/callers.py", line 187, in _multicall
    res = hook_impl.function(*args)
  File "/usr/local/lib/python3.6/site-packages/_pytest/runner.py", line 81, in pytest_runtest_protocol
    runtestprotocol(item, nextitem=nextitem)
  File "/usr/local/lib/python3.6/site-packages/_pytest/runner.py", line 96, in runtestprotocol
    reports.append(call_and_report(item, "call", log))
  File "/usr/local/lib/python3.6/site-packages/_pytest/runner.py", line 182, in call_and_report
    call = call_runtest_hook(item, when, **kwds)
  File "/usr/local/lib/python3.6/site-packages/_pytest/runner.py", line 207, in call_runtest_hook
    lambda: ihook(item=item, **kwds), when=when, reraise=reraise
  File "/usr/local/lib/python3.6/site-packages/_pytest/runner.py", line 234, in from_call
    result = func()
  File "/usr/local/lib/python3.6/site-packages/_pytest/runner.py", line 207, in <lambda>
    lambda: ihook(item=item, **kwds), when=when, reraise=reraise
  File "/usr/local/lib/python3.6/site-packages/pluggy/hooks.py", line 286, in __call__
    return self._hookexec(self, self.get_hookimpls(), kwargs)
  File "/usr/local/lib/python3.6/site-packages/pluggy/manager.py", line 93, in _hookexec
    return self._inner_hookexec(hook, methods, kwargs)
  File "/usr/local/lib/python3.6/site-packages/pluggy/manager.py", line 87, in <lambda>
    firstresult=hook.spec.opts.get("firstresult") if hook.spec else False,
  File "/usr/local/lib/python3.6/site-packages/pluggy/callers.py", line 187, in _multicall
    res = hook_impl.function(*args)
  File "/usr/local/lib/python3.6/site-packages/_pytest/runner.py", line 131, in pytest_runtest_call
    item.runtest()
  File "/usr/local/lib/python3.6/site-packages/_pytest/python.py", line 1435, in runtest
    self.ihook.pytest_pyfunc_call(pyfuncitem=self)
  File "/usr/local/lib/python3.6/site-packages/pluggy/hooks.py", line 286, in __call__
    return self._hookexec(self, self.get_hookimpls(), kwargs)
  File "/usr/local/lib/python3.6/site-packages/pluggy/manager.py", line 93, in _hookexec
    return self._inner_hookexec(hook, methods, kwargs)
  File "/usr/local/lib/python3.6/site-packages/pluggy/manager.py", line 87, in <lambda>
    firstresult=hook.spec.opts.get("firstresult") if hook.spec else False,
  File "/usr/local/lib/python3.6/site-packages/pluggy/callers.py", line 187, in _multicall
    res = hook_impl.function(*args)
  File "/usr/local/lib/python3.6/site-packages/_pytest/python.py", line 166, in pytest_pyfunc_call
    result = testfunction(**testargs)
  File "/workspace/source/testing/scripts/test_rolling_updates.py", line 214, in test_rolling_update6
    r = initial_rest_request("mymodel", namespace)
  File "/workspace/source/testing/scripts/seldon_e2e_utils.py", line 134, in initial_rest_request
    names=names,
  File "/workspace/source/testing/scripts/seldon_e2e_utils.py", line 107, in rest_request
    logging.warning("Bad status:", r.status_code)
  File "/usr/local/lib/python3.6/logging/__init__.py", line 1855, in warning
    root.warning(msg, *args, **kwargs)
  File "/usr/local/lib/python3.6/logging/__init__.py", line 1313, in warning
    self._log(WARNING, msg, args, **kwargs)
  File "/usr/local/lib/python3.6/logging/__init__.py", line 1437, in _log
    self.handle(record)
  File "/usr/local/lib/python3.6/logging/__init__.py", line 1447, in handle
    self.callHandlers(record)
  File "/usr/local/lib/python3.6/logging/__init__.py", line 1509, in callHandlers
    hdlr.handle(record)
  File "/usr/local/lib/python3.6/logging/__init__.py", line 858, in handle
    self.emit(record)
  File "/usr/local/lib/python3.6/site-packages/_pytest/logging.py", line 301, in emit
    logging.StreamHandler.emit(self, record)
Message: 'Bad status:'
Arguments: (404,)
--- Logging error ---
Traceback (most recent call last):
  File "/usr/local/lib/python3.6/logging/__init__.py", line 987, in emit
    msg = self.format(record)
  File "/usr/local/lib/python3.6/logging/__init__.py", line 833, in format
    return fmt.format(record)
  File "/usr/local/lib/python3.6/site-packages/_pytest/logging.py", line 70, in format
    return super().format(record)
  File "/usr/local/lib/python3.6/logging/__init__.py", line 570, in format
    record.message = record.getMessage()
  File "/usr/local/lib/python3.6/logging/__init__.py", line 333, in getMessage
    msg = msg % self.args
TypeError: not all arguments converted during string formatting
Call stack:
  File "<string>", line 1, in <module>
  File "<string>", line 8, in <module>
  File "/usr/local/lib/python3.6/site-packages/execnet/gateway_base.py", line 1554, in serve
    SlaveGateway(io=io, id=id, _startcount=2).serve()
  File "/usr/local/lib/python3.6/site-packages/execnet/gateway_base.py", line 1060, in serve
    self._execpool.integrate_as_primary_thread()
  File "/usr/local/lib/python3.6/site-packages/execnet/gateway_base.py", line 267, in integrate_as_primary_thread
    self._perform_spawn(reply)
  File "/usr/local/lib/python3.6/site-packages/execnet/gateway_base.py", line 285, in _perform_spawn
    reply.run()
  File "/usr/local/lib/python3.6/site-packages/execnet/gateway_base.py", line 220, in run
    self._result = func(*args, **kwargs)
  File "/usr/local/lib/python3.6/site-packages/execnet/gateway_base.py", line 1084, in executetask
    do_exec(co, loc)  # noqa
  File "/usr/local/lib/python3.6/site-packages/xdist/remote.py", line 258, in <module>
    config.hook.pytest_cmdline_main(config=config)
  File "/usr/local/lib/python3.6/site-packages/pluggy/hooks.py", line 286, in __call__
    return self._hookexec(self, self.get_hookimpls(), kwargs)
  File "/usr/local/lib/python3.6/site-packages/pluggy/manager.py", line 93, in _hookexec
    return self._inner_hookexec(hook, methods, kwargs)
  File "/usr/local/lib/python3.6/site-packages/pluggy/manager.py", line 87, in <lambda>
    firstresult=hook.spec.opts.get("firstresult") if hook.spec else False,
  File "/usr/local/lib/python3.6/site-packages/pluggy/callers.py", line 187, in _multicall
    res = hook_impl.function(*args)
  File "/usr/local/lib/python3.6/site-packages/_pytest/main.py", line 239, in pytest_cmdline_main
    return wrap_session(config, _main)
  File "/usr/local/lib/python3.6/site-packages/_pytest/main.py", line 196, in wrap_session
    session.exitstatus = doit(config, session) or 0
  File "/usr/local/lib/python3.6/site-packages/_pytest/main.py", line 246, in _main
    config.hook.pytest_runtestloop(session=session)
  File "/usr/local/lib/python3.6/site-packages/pluggy/hooks.py", line 286, in __call__
    return self._hookexec(self, self.get_hookimpls(), kwargs)
  File "/usr/local/lib/python3.6/site-packages/pluggy/manager.py", line 93, in _hookexec
    return self._inner_hookexec(hook, methods, kwargs)
  File "/usr/local/lib/python3.6/site-packages/pluggy/manager.py", line 87, in <lambda>
    firstresult=hook.spec.opts.get("firstresult") if hook.spec else False,
  File "/usr/local/lib/python3.6/site-packages/pluggy/callers.py", line 187, in _multicall
    res = hook_impl.function(*args)
  File "/usr/local/lib/python3.6/site-packages/xdist/remote.py", line 73, in pytest_runtestloop
    self.run_one_test(torun)
  File "/usr/local/lib/python3.6/site-packages/xdist/remote.py", line 87, in run_one_test
    self.config.hook.pytest_runtest_protocol(item=item, nextitem=nextitem)
  File "/usr/local/lib/python3.6/site-packages/pluggy/hooks.py", line 286, in __call__
    return self._hookexec(self, self.get_hookimpls(), kwargs)
  File "/usr/local/lib/python3.6/site-packages/pluggy/manager.py", line 93, in _hookexec
    return self._inner_hookexec(hook, methods, kwargs)
  File "/usr/local/lib/python3.6/site-packages/pluggy/manager.py", line 87, in <lambda>
    firstresult=hook.spec.opts.get("firstresult") if hook.spec else False,
  File "/usr/local/lib/python3.6/site-packages/pluggy/callers.py", line 187, in _multicall
    res = hook_impl.function(*args)
  File "/usr/local/lib/python3.6/site-packages/_pytest/runner.py", line 81, in pytest_runtest_protocol
    runtestprotocol(item, nextitem=nextitem)
  File "/usr/local/lib/python3.6/site-packages/_pytest/runner.py", line 96, in runtestprotocol
    reports.append(call_and_report(item, "call", log))
  File "/usr/local/lib/python3.6/site-packages/_pytest/runner.py", line 182, in call_and_report
    call = call_runtest_hook(item, when, **kwds)
  File "/usr/local/lib/python3.6/site-packages/_pytest/runner.py", line 207, in call_runtest_hook
    lambda: ihook(item=item, **kwds), when=when, reraise=reraise
  File "/usr/local/lib/python3.6/site-packages/_pytest/runner.py", line 234, in from_call
    result = func()
  File "/usr/local/lib/python3.6/site-packages/_pytest/runner.py", line 207, in <lambda>
    lambda: ihook(item=item, **kwds), when=when, reraise=reraise
  File "/usr/local/lib/python3.6/site-packages/pluggy/hooks.py", line 286, in __call__
    return self._hookexec(self, self.get_hookimpls(), kwargs)
  File "/usr/local/lib/python3.6/site-packages/pluggy/manager.py", line 93, in _hookexec
    return self._inner_hookexec(hook, methods, kwargs)
  File "/usr/local/lib/python3.6/site-packages/pluggy/manager.py", line 87, in <lambda>
    firstresult=hook.spec.opts.get("firstresult") if hook.spec else False,
  File "/usr/local/lib/python3.6/site-packages/pluggy/callers.py", line 187, in _multicall
    res = hook_impl.function(*args)
  File "/usr/local/lib/python3.6/site-packages/_pytest/runner.py", line 131, in pytest_runtest_call
    item.runtest()
  File "/usr/local/lib/python3.6/site-packages/_pytest/python.py", line 1435, in runtest
    self.ihook.pytest_pyfunc_call(pyfuncitem=self)
  File "/usr/local/lib/python3.6/site-packages/pluggy/hooks.py", line 286, in __call__
    return self._hookexec(self, self.get_hookimpls(), kwargs)
  File "/usr/local/lib/python3.6/site-packages/pluggy/manager.py", line 93, in _hookexec
    return self._inner_hookexec(hook, methods, kwargs)
  File "/usr/local/lib/python3.6/site-packages/pluggy/manager.py", line 87, in <lambda>
    firstresult=hook.spec.opts.get("firstresult") if hook.spec else False,
  File "/usr/local/lib/python3.6/site-packages/pluggy/callers.py", line 187, in _multicall
    res = hook_impl.function(*args)
  File "/usr/local/lib/python3.6/site-packages/_pytest/python.py", line 166, in pytest_pyfunc_call
    result = testfunction(**testargs)
  File "/workspace/source/testing/scripts/test_rolling_updates.py", line 214, in test_rolling_update6
    r = initial_rest_request("mymodel", namespace)
  File "/workspace/source/testing/scripts/seldon_e2e_utils.py", line 147, in initial_rest_request
    names=names,
  File "/workspace/source/testing/scripts/seldon_e2e_utils.py", line 107, in rest_request
    logging.warning("Bad status:", r.status_code)
  File "/usr/local/lib/python3.6/logging/__init__.py", line 1855, in warning
    root.warning(msg, *args, **kwargs)
  File "/usr/local/lib/python3.6/logging/__init__.py", line 1313, in warning
    self._log(WARNING, msg, args, **kwargs)
  File "/usr/local/lib/python3.6/logging/__init__.py", line 1437, in _log
    self.handle(record)
  File "/usr/local/lib/python3.6/logging/__init__.py", line 1447, in handle
    self.callHandlers(record)
  File "/usr/local/lib/python3.6/logging/__init__.py", line 1509, in callHandlers
    hdlr.handle(record)
  File "/usr/local/lib/python3.6/logging/__init__.py", line 858, in handle
    self.emit(record)
  File "/usr/local/lib/python3.6/site-packages/_pytest/logging.py", line 301, in emit
    logging.StreamHandler.emit(self, record)
Message: 'Bad status:'
Arguments: (404,)

[gw1] PASSED test_rolling_updates.py::TestRollingHttp::test_rolling_update4 
test_rolling_updates.py::TestRollingHttp::test_rolling_update8 Error from server (NotFound): error when deleting "../resources/graph6.json": seldondeployments.machinelearning.seldon.io "mymodel" not found
--- Logging error ---
Traceback (most recent call last):
  File "/usr/local/lib/python3.6/logging/__init__.py", line 987, in emit
    msg = self.format(record)
  File "/usr/local/lib/python3.6/logging/__init__.py", line 833, in format
    return fmt.format(record)
  File "/usr/local/lib/python3.6/site-packages/_pytest/logging.py", line 70, in format
    return super().format(record)
  File "/usr/local/lib/python3.6/logging/__init__.py", line 570, in format
    record.message = record.getMessage()
  File "/usr/local/lib/python3.6/logging/__init__.py", line 333, in getMessage
    msg = msg % self.args
TypeError: not all arguments converted during string formatting
Call stack:
  File "<string>", line 1, in <module>
  File "<string>", line 8, in <module>
  File "/usr/local/lib/python3.6/site-packages/execnet/gateway_base.py", line 1554, in serve
    SlaveGateway(io=io, id=id, _startcount=2).serve()
  File "/usr/local/lib/python3.6/site-packages/execnet/gateway_base.py", line 1060, in serve
    self._execpool.integrate_as_primary_thread()
  File "/usr/local/lib/python3.6/site-packages/execnet/gateway_base.py", line 267, in integrate_as_primary_thread
    self._perform_spawn(reply)
  File "/usr/local/lib/python3.6/site-packages/execnet/gateway_base.py", line 285, in _perform_spawn
    reply.run()
  File "/usr/local/lib/python3.6/site-packages/execnet/gateway_base.py", line 220, in run
    self._result = func(*args, **kwargs)
  File "/usr/local/lib/python3.6/site-packages/execnet/gateway_base.py", line 1084, in executetask
    do_exec(co, loc)  # noqa
  File "/usr/local/lib/python3.6/site-packages/xdist/remote.py", line 258, in <module>
    config.hook.pytest_cmdline_main(config=config)
  File "/usr/local/lib/python3.6/site-packages/pluggy/hooks.py", line 286, in __call__
    return self._hookexec(self, self.get_hookimpls(), kwargs)
  File "/usr/local/lib/python3.6/site-packages/pluggy/manager.py", line 93, in _hookexec
    return self._inner_hookexec(hook, methods, kwargs)
  File "/usr/local/lib/python3.6/site-packages/pluggy/manager.py", line 87, in <lambda>
    firstresult=hook.spec.opts.get("firstresult") if hook.spec else False,
  File "/usr/local/lib/python3.6/site-packages/pluggy/callers.py", line 187, in _multicall
    res = hook_impl.function(*args)
  File "/usr/local/lib/python3.6/site-packages/_pytest/main.py", line 239, in pytest_cmdline_main
    return wrap_session(config, _main)
  File "/usr/local/lib/python3.6/site-packages/_pytest/main.py", line 196, in wrap_session
    session.exitstatus = doit(config, session) or 0
  File "/usr/local/lib/python3.6/site-packages/_pytest/main.py", line 246, in _main
    config.hook.pytest_runtestloop(session=session)
  File "/usr/local/lib/python3.6/site-packages/pluggy/hooks.py", line 286, in __call__
    return self._hookexec(self, self.get_hookimpls(), kwargs)
  File "/usr/local/lib/python3.6/site-packages/pluggy/manager.py", line 93, in _hookexec
    return self._inner_hookexec(hook, methods, kwargs)
  File "/usr/local/lib/python3.6/site-packages/pluggy/manager.py", line 87, in <lambda>
    firstresult=hook.spec.opts.get("firstresult") if hook.spec else False,
  File "/usr/local/lib/python3.6/site-packages/pluggy/callers.py", line 187, in _multicall
    res = hook_impl.function(*args)
  File "/usr/local/lib/python3.6/site-packages/xdist/remote.py", line 73, in pytest_runtestloop
    self.run_one_test(torun)
  File "/usr/local/lib/python3.6/site-packages/xdist/remote.py", line 87, in run_one_test
    self.config.hook.pytest_runtest_protocol(item=item, nextitem=nextitem)
  File "/usr/local/lib/python3.6/site-packages/pluggy/hooks.py", line 286, in __call__
    return self._hookexec(self, self.get_hookimpls(), kwargs)
  File "/usr/local/lib/python3.6/site-packages/pluggy/manager.py", line 93, in _hookexec
    return self._inner_hookexec(hook, methods, kwargs)
  File "/usr/local/lib/python3.6/site-packages/pluggy/manager.py", line 87, in <lambda>
    firstresult=hook.spec.opts.get("firstresult") if hook.spec else False,
  File "/usr/local/lib/python3.6/site-packages/pluggy/callers.py", line 187, in _multicall
    res = hook_impl.function(*args)
  File "/usr/local/lib/python3.6/site-packages/_pytest/runner.py", line 81, in pytest_runtest_protocol
    runtestprotocol(item, nextitem=nextitem)
  File "/usr/local/lib/python3.6/site-packages/_pytest/runner.py", line 96, in runtestprotocol
    reports.append(call_and_report(item, "call", log))
  File "/usr/local/lib/python3.6/site-packages/_pytest/runner.py", line 182, in call_and_report
    call = call_runtest_hook(item, when, **kwds)
  File "/usr/local/lib/python3.6/site-packages/_pytest/runner.py", line 207, in call_runtest_hook
    lambda: ihook(item=item, **kwds), when=when, reraise=reraise
  File "/usr/local/lib/python3.6/site-packages/_pytest/runner.py", line 234, in from_call
    result = func()
  File "/usr/local/lib/python3.6/site-packages/_pytest/runner.py", line 207, in <lambda>
    lambda: ihook(item=item, **kwds), when=when, reraise=reraise
  File "/usr/local/lib/python3.6/site-packages/pluggy/hooks.py", line 286, in __call__
    return self._hookexec(self, self.get_hookimpls(), kwargs)
  File "/usr/local/lib/python3.6/site-packages/pluggy/manager.py", line 93, in _hookexec
    return self._inner_hookexec(hook, methods, kwargs)
  File "/usr/local/lib/python3.6/site-packages/pluggy/manager.py", line 87, in <lambda>
    firstresult=hook.spec.opts.get("firstresult") if hook.spec else False,
  File "/usr/local/lib/python3.6/site-packages/pluggy/callers.py", line 187, in _multicall
    res = hook_impl.function(*args)
  File "/usr/local/lib/python3.6/site-packages/_pytest/runner.py", line 131, in pytest_runtest_call
    item.runtest()
  File "/usr/local/lib/python3.6/site-packages/_pytest/python.py", line 1435, in runtest
    self.ihook.pytest_pyfunc_call(pyfuncitem=self)
  File "/usr/local/lib/python3.6/site-packages/pluggy/hooks.py", line 286, in __call__
    return self._hookexec(self, self.get_hookimpls(), kwargs)
  File "/usr/local/lib/python3.6/site-packages/pluggy/manager.py", line 93, in _hookexec
    return self._inner_hookexec(hook, methods, kwargs)
  File "/usr/local/lib/python3.6/site-packages/pluggy/manager.py", line 87, in <lambda>
    firstresult=hook.spec.opts.get("firstresult") if hook.spec else False,
  File "/usr/local/lib/python3.6/site-packages/pluggy/callers.py", line 187, in _multicall
    res = hook_impl.function(*args)
  File "/usr/local/lib/python3.6/site-packages/_pytest/python.py", line 166, in pytest_pyfunc_call
    result = testfunction(**testargs)
  File "/workspace/source/testing/scripts/test_rolling_updates.py", line 294, in test_rolling_update8
    r = initial_rest_request("mymodel", namespace)
  File "/workspace/source/testing/scripts/seldon_e2e_utils.py", line 134, in initial_rest_request
    names=names,
  File "/workspace/source/testing/scripts/seldon_e2e_utils.py", line 107, in rest_request
    logging.warning("Bad status:", r.status_code)
  File "/usr/local/lib/python3.6/logging/__init__.py", line 1855, in warning
    root.warning(msg, *args, **kwargs)
  File "/usr/local/lib/python3.6/logging/__init__.py", line 1313, in warning
    self._log(WARNING, msg, args, **kwargs)
  File "/usr/local/lib/python3.6/logging/__init__.py", line 1437, in _log
    self.handle(record)
  File "/usr/local/lib/python3.6/logging/__init__.py", line 1447, in handle
    self.callHandlers(record)
  File "/usr/local/lib/python3.6/logging/__init__.py", line 1509, in callHandlers
    hdlr.handle(record)
  File "/usr/local/lib/python3.6/logging/__init__.py", line 858, in handle
    self.emit(record)
  File "/usr/local/lib/python3.6/site-packages/_pytest/logging.py", line 301, in emit
    logging.StreamHandler.emit(self, record)
Message: 'Bad status:'
Arguments: (404,)
--- Logging error ---
Traceback (most recent call last):
  File "/usr/local/lib/python3.6/logging/__init__.py", line 987, in emit
    msg = self.format(record)
  File "/usr/local/lib/python3.6/logging/__init__.py", line 833, in format
    return fmt.format(record)
  File "/usr/local/lib/python3.6/site-packages/_pytest/logging.py", line 70, in format
    return super().format(record)
  File "/usr/local/lib/python3.6/logging/__init__.py", line 570, in format
    record.message = record.getMessage()
  File "/usr/local/lib/python3.6/logging/__init__.py", line 333, in getMessage
    msg = msg % self.args
TypeError: not all arguments converted during string formatting
Call stack:
  File "<string>", line 1, in <module>
  File "<string>", line 8, in <module>
  File "/usr/local/lib/python3.6/site-packages/execnet/gateway_base.py", line 1554, in serve
    SlaveGateway(io=io, id=id, _startcount=2).serve()
  File "/usr/local/lib/python3.6/site-packages/execnet/gateway_base.py", line 1060, in serve
    self._execpool.integrate_as_primary_thread()
  File "/usr/local/lib/python3.6/site-packages/execnet/gateway_base.py", line 267, in integrate_as_primary_thread
    self._perform_spawn(reply)
  File "/usr/local/lib/python3.6/site-packages/execnet/gateway_base.py", line 285, in _perform_spawn
    reply.run()
  File "/usr/local/lib/python3.6/site-packages/execnet/gateway_base.py", line 220, in run
    self._result = func(*args, **kwargs)
  File "/usr/local/lib/python3.6/site-packages/execnet/gateway_base.py", line 1084, in executetask
    do_exec(co, loc)  # noqa
  File "/usr/local/lib/python3.6/site-packages/xdist/remote.py", line 258, in <module>
    config.hook.pytest_cmdline_main(config=config)
  File "/usr/local/lib/python3.6/site-packages/pluggy/hooks.py", line 286, in __call__
    return self._hookexec(self, self.get_hookimpls(), kwargs)
  File "/usr/local/lib/python3.6/site-packages/pluggy/manager.py", line 93, in _hookexec
    return self._inner_hookexec(hook, methods, kwargs)
  File "/usr/local/lib/python3.6/site-packages/pluggy/manager.py", line 87, in <lambda>
    firstresult=hook.spec.opts.get("firstresult") if hook.spec else False,
  File "/usr/local/lib/python3.6/site-packages/pluggy/callers.py", line 187, in _multicall
    res = hook_impl.function(*args)
  File "/usr/local/lib/python3.6/site-packages/_pytest/main.py", line 239, in pytest_cmdline_main
    return wrap_session(config, _main)
  File "/usr/local/lib/python3.6/site-packages/_pytest/main.py", line 196, in wrap_session
    session.exitstatus = doit(config, session) or 0
  File "/usr/local/lib/python3.6/site-packages/_pytest/main.py", line 246, in _main
    config.hook.pytest_runtestloop(session=session)
  File "/usr/local/lib/python3.6/site-packages/pluggy/hooks.py", line 286, in __call__
    return self._hookexec(self, self.get_hookimpls(), kwargs)
  File "/usr/local/lib/python3.6/site-packages/pluggy/manager.py", line 93, in _hookexec
    return self._inner_hookexec(hook, methods, kwargs)
  File "/usr/local/lib/python3.6/site-packages/pluggy/manager.py", line 87, in <lambda>
    firstresult=hook.spec.opts.get("firstresult") if hook.spec else False,
  File "/usr/local/lib/python3.6/site-packages/pluggy/callers.py", line 187, in _multicall
    res = hook_impl.function(*args)
  File "/usr/local/lib/python3.6/site-packages/xdist/remote.py", line 73, in pytest_runtestloop
    self.run_one_test(torun)
  File "/usr/local/lib/python3.6/site-packages/xdist/remote.py", line 87, in run_one_test
    self.config.hook.pytest_runtest_protocol(item=item, nextitem=nextitem)
  File "/usr/local/lib/python3.6/site-packages/pluggy/hooks.py", line 286, in __call__
    return self._hookexec(self, self.get_hookimpls(), kwargs)
  File "/usr/local/lib/python3.6/site-packages/pluggy/manager.py", line 93, in _hookexec
    return self._inner_hookexec(hook, methods, kwargs)
  File "/usr/local/lib/python3.6/site-packages/pluggy/manager.py", line 87, in <lambda>
    firstresult=hook.spec.opts.get("firstresult") if hook.spec else False,
  File "/usr/local/lib/python3.6/site-packages/pluggy/callers.py", line 187, in _multicall
    res = hook_impl.function(*args)
  File "/usr/local/lib/python3.6/site-packages/_pytest/runner.py", line 81, in pytest_runtest_protocol
    runtestprotocol(item, nextitem=nextitem)
  File "/usr/local/lib/python3.6/site-packages/_pytest/runner.py", line 96, in runtestprotocol
    reports.append(call_and_report(item, "call", log))
  File "/usr/local/lib/python3.6/site-packages/_pytest/runner.py", line 182, in call_and_report
    call = call_runtest_hook(item, when, **kwds)
  File "/usr/local/lib/python3.6/site-packages/_pytest/runner.py", line 207, in call_runtest_hook
    lambda: ihook(item=item, **kwds), when=when, reraise=reraise
  File "/usr/local/lib/python3.6/site-packages/_pytest/runner.py", line 234, in from_call
    result = func()
  File "/usr/local/lib/python3.6/site-packages/_pytest/runner.py", line 207, in <lambda>
    lambda: ihook(item=item, **kwds), when=when, reraise=reraise
  File "/usr/local/lib/python3.6/site-packages/pluggy/hooks.py", line 286, in __call__
    return self._hookexec(self, self.get_hookimpls(), kwargs)
  File "/usr/local/lib/python3.6/site-packages/pluggy/manager.py", line 93, in _hookexec
    return self._inner_hookexec(hook, methods, kwargs)
  File "/usr/local/lib/python3.6/site-packages/pluggy/manager.py", line 87, in <lambda>
    firstresult=hook.spec.opts.get("firstresult") if hook.spec else False,
  File "/usr/local/lib/python3.6/site-packages/pluggy/callers.py", line 187, in _multicall
    res = hook_impl.function(*args)
  File "/usr/local/lib/python3.6/site-packages/_pytest/runner.py", line 131, in pytest_runtest_call
    item.runtest()
  File "/usr/local/lib/python3.6/site-packages/_pytest/python.py", line 1435, in runtest
    self.ihook.pytest_pyfunc_call(pyfuncitem=self)
  File "/usr/local/lib/python3.6/site-packages/pluggy/hooks.py", line 286, in __call__
    return self._hookexec(self, self.get_hookimpls(), kwargs)
  File "/usr/local/lib/python3.6/site-packages/pluggy/manager.py", line 93, in _hookexec
    return self._inner_hookexec(hook, methods, kwargs)
  File "/usr/local/lib/python3.6/site-packages/pluggy/manager.py", line 87, in <lambda>
    firstresult=hook.spec.opts.get("firstresult") if hook.spec else False,
  File "/usr/local/lib/python3.6/site-packages/pluggy/callers.py", line 187, in _multicall
    res = hook_impl.function(*args)
  File "/usr/local/lib/python3.6/site-packages/_pytest/python.py", line 166, in pytest_pyfunc_call
    result = testfunction(**testargs)
  File "/workspace/source/testing/scripts/test_rolling_updates.py", line 294, in test_rolling_update8
    r = initial_rest_request("mymodel", namespace)
  File "/workspace/source/testing/scripts/seldon_e2e_utils.py", line 147, in initial_rest_request
    names=names,
  File "/workspace/source/testing/scripts/seldon_e2e_utils.py", line 107, in rest_request
    logging.warning("Bad status:", r.status_code)
  File "/usr/local/lib/python3.6/logging/__init__.py", line 1855, in warning
    root.warning(msg, *args, **kwargs)
  File "/usr/local/lib/python3.6/logging/__init__.py", line 1313, in warning
    self._log(WARNING, msg, args, **kwargs)
  File "/usr/local/lib/python3.6/logging/__init__.py", line 1437, in _log
    self.handle(record)
  File "/usr/local/lib/python3.6/logging/__init__.py", line 1447, in handle
    self.callHandlers(record)
  File "/usr/local/lib/python3.6/logging/__init__.py", line 1509, in callHandlers
    hdlr.handle(record)
  File "/usr/local/lib/python3.6/logging/__init__.py", line 858, in handle
    self.emit(record)
  File "/usr/local/lib/python3.6/site-packages/_pytest/logging.py", line 301, in emit
    logging.StreamHandler.emit(self, record)
Message: 'Bad status:'
Arguments: (404,)

[gw0] FAILED test_rolling_updates.py::TestRollingHttp::test_rolling_update7 
test_rolling_updates.py::TestRollingHttp::test_rolling_update10 Error from server (NotFound): error when deleting "../resources/graph2svc.json": seldondeployments.machinelearning.seldon.io "mymodel" not found

[gw2] PASSED test_rolling_updates.py::TestRollingHttp::test_rolling_update5 
test_rolling_updates.py::TestRollingHttp::test_rolling_update9 --- Logging error ---
Traceback (most recent call last):
  File "/usr/local/lib/python3.6/logging/__init__.py", line 987, in emit
    msg = self.format(record)
  File "/usr/local/lib/python3.6/logging/__init__.py", line 833, in format
    return fmt.format(record)
  File "/usr/local/lib/python3.6/site-packages/_pytest/logging.py", line 70, in format
    return super().format(record)
  File "/usr/local/lib/python3.6/logging/__init__.py", line 570, in format
    record.message = record.getMessage()
  File "/usr/local/lib/python3.6/logging/__init__.py", line 333, in getMessage
    msg = msg % self.args
TypeError: not all arguments converted during string formatting
Call stack:
  File "<string>", line 1, in <module>
  File "<string>", line 8, in <module>
  File "/usr/local/lib/python3.6/site-packages/execnet/gateway_base.py", line 1554, in serve
    SlaveGateway(io=io, id=id, _startcount=2).serve()
  File "/usr/local/lib/python3.6/site-packages/execnet/gateway_base.py", line 1060, in serve
    self._execpool.integrate_as_primary_thread()
  File "/usr/local/lib/python3.6/site-packages/execnet/gateway_base.py", line 267, in integrate_as_primary_thread
    self._perform_spawn(reply)
  File "/usr/local/lib/python3.6/site-packages/execnet/gateway_base.py", line 285, in _perform_spawn
    reply.run()
  File "/usr/local/lib/python3.6/site-packages/execnet/gateway_base.py", line 220, in run
    self._result = func(*args, **kwargs)
  File "/usr/local/lib/python3.6/site-packages/execnet/gateway_base.py", line 1084, in executetask
    do_exec(co, loc)  # noqa
  File "/usr/local/lib/python3.6/site-packages/xdist/remote.py", line 258, in <module>
    config.hook.pytest_cmdline_main(config=config)
  File "/usr/local/lib/python3.6/site-packages/pluggy/hooks.py", line 286, in __call__
    return self._hookexec(self, self.get_hookimpls(), kwargs)
  File "/usr/local/lib/python3.6/site-packages/pluggy/manager.py", line 93, in _hookexec
    return self._inner_hookexec(hook, methods, kwargs)
  File "/usr/local/lib/python3.6/site-packages/pluggy/manager.py", line 87, in <lambda>
    firstresult=hook.spec.opts.get("firstresult") if hook.spec else False,
  File "/usr/local/lib/python3.6/site-packages/pluggy/callers.py", line 187, in _multicall
    res = hook_impl.function(*args)
  File "/usr/local/lib/python3.6/site-packages/_pytest/main.py", line 239, in pytest_cmdline_main
    return wrap_session(config, _main)
  File "/usr/local/lib/python3.6/site-packages/_pytest/main.py", line 196, in wrap_session
    session.exitstatus = doit(config, session) or 0
  File "/usr/local/lib/python3.6/site-packages/_pytest/main.py", line 246, in _main
    config.hook.pytest_runtestloop(session=session)
  File "/usr/local/lib/python3.6/site-packages/pluggy/hooks.py", line 286, in __call__
    return self._hookexec(self, self.get_hookimpls(), kwargs)
  File "/usr/local/lib/python3.6/site-packages/pluggy/manager.py", line 93, in _hookexec
    return self._inner_hookexec(hook, methods, kwargs)
  File "/usr/local/lib/python3.6/site-packages/pluggy/manager.py", line 87, in <lambda>
    firstresult=hook.spec.opts.get("firstresult") if hook.spec else False,
  File "/usr/local/lib/python3.6/site-packages/pluggy/callers.py", line 187, in _multicall
    res = hook_impl.function(*args)
  File "/usr/local/lib/python3.6/site-packages/xdist/remote.py", line 73, in pytest_runtestloop
    self.run_one_test(torun)
  File "/usr/local/lib/python3.6/site-packages/xdist/remote.py", line 87, in run_one_test
    self.config.hook.pytest_runtest_protocol(item=item, nextitem=nextitem)
  File "/usr/local/lib/python3.6/site-packages/pluggy/hooks.py", line 286, in __call__
    return self._hookexec(self, self.get_hookimpls(), kwargs)
  File "/usr/local/lib/python3.6/site-packages/pluggy/manager.py", line 93, in _hookexec
    return self._inner_hookexec(hook, methods, kwargs)
  File "/usr/local/lib/python3.6/site-packages/pluggy/manager.py", line 87, in <lambda>
    firstresult=hook.spec.opts.get("firstresult") if hook.spec else False,
  File "/usr/local/lib/python3.6/site-packages/pluggy/callers.py", line 187, in _multicall
    res = hook_impl.function(*args)
  File "/usr/local/lib/python3.6/site-packages/_pytest/runner.py", line 81, in pytest_runtest_protocol
    runtestprotocol(item, nextitem=nextitem)
  File "/usr/local/lib/python3.6/site-packages/_pytest/runner.py", line 96, in runtestprotocol
    reports.append(call_and_report(item, "call", log))
  File "/usr/local/lib/python3.6/site-packages/_pytest/runner.py", line 182, in call_and_report
    call = call_runtest_hook(item, when, **kwds)
  File "/usr/local/lib/python3.6/site-packages/_pytest/runner.py", line 207, in call_runtest_hook
    lambda: ihook(item=item, **kwds), when=when, reraise=reraise
  File "/usr/local/lib/python3.6/site-packages/_pytest/runner.py", line 234, in from_call
    result = func()
  File "/usr/local/lib/python3.6/site-packages/_pytest/runner.py", line 207, in <lambda>
    lambda: ihook(item=item, **kwds), when=when, reraise=reraise
  File "/usr/local/lib/python3.6/site-packages/pluggy/hooks.py", line 286, in __call__
    return self._hookexec(self, self.get_hookimpls(), kwargs)
  File "/usr/local/lib/python3.6/site-packages/pluggy/manager.py", line 93, in _hookexec
    return self._inner_hookexec(hook, methods, kwargs)
  File "/usr/local/lib/python3.6/site-packages/pluggy/manager.py", line 87, in <lambda>
    firstresult=hook.spec.opts.get("firstresult") if hook.spec else False,
  File "/usr/local/lib/python3.6/site-packages/pluggy/callers.py", line 187, in _multicall
    res = hook_impl.function(*args)
  File "/usr/local/lib/python3.6/site-packages/_pytest/runner.py", line 131, in pytest_runtest_call
    item.runtest()
  File "/usr/local/lib/python3.6/site-packages/_pytest/python.py", line 1435, in runtest
    self.ihook.pytest_pyfunc_call(pyfuncitem=self)
  File "/usr/local/lib/python3.6/site-packages/pluggy/hooks.py", line 286, in __call__
    return self._hookexec(self, self.get_hookimpls(), kwargs)
  File "/usr/local/lib/python3.6/site-packages/pluggy/manager.py", line 93, in _hookexec
    return self._inner_hookexec(hook, methods, kwargs)
  File "/usr/local/lib/python3.6/site-packages/pluggy/manager.py", line 87, in <lambda>
    firstresult=hook.spec.opts.get("firstresult") if hook.spec else False,
  File "/usr/local/lib/python3.6/site-packages/pluggy/callers.py", line 187, in _multicall
    res = hook_impl.function(*args)
  File "/usr/local/lib/python3.6/site-packages/_pytest/python.py", line 166, in pytest_pyfunc_call
    result = testfunction(**testargs)
  File "/workspace/source/testing/scripts/test_rolling_updates.py", line 366, in test_rolling_update10
    r = initial_rest_request("mymodel", namespace)
  File "/workspace/source/testing/scripts/seldon_e2e_utils.py", line 134, in initial_rest_request
    names=names,
  File "/workspace/source/testing/scripts/seldon_e2e_utils.py", line 107, in rest_request
    logging.warning("Bad status:", r.status_code)
  File "/usr/local/lib/python3.6/logging/__init__.py", line 1855, in warning
    root.warning(msg, *args, **kwargs)
  File "/usr/local/lib/python3.6/logging/__init__.py", line 1313, in warning
    self._log(WARNING, msg, args, **kwargs)
  File "/usr/local/lib/python3.6/logging/__init__.py", line 1437, in _log
    self.handle(record)
  File "/usr/local/lib/python3.6/logging/__init__.py", line 1447, in handle
    self.callHandlers(record)
  File "/usr/local/lib/python3.6/logging/__init__.py", line 1509, in callHandlers
    hdlr.handle(record)
  File "/usr/local/lib/python3.6/logging/__init__.py", line 858, in handle
    self.emit(record)
  File "/usr/local/lib/python3.6/site-packages/_pytest/logging.py", line 301, in emit
    logging.StreamHandler.emit(self, record)
Message: 'Bad status:'
Arguments: (404,)

[gw3] PASSED test_rolling_updates.py::TestRollingHttp::test_rolling_update6 --- Logging error ---
Traceback (most recent call last):
  File "/usr/local/lib/python3.6/logging/__init__.py", line 987, in emit
    msg = self.format(record)
  File "/usr/local/lib/python3.6/logging/__init__.py", line 833, in format
    return fmt.format(record)
  File "/usr/local/lib/python3.6/site-packages/_pytest/logging.py", line 70, in format
    return super().format(record)
  File "/usr/local/lib/python3.6/logging/__init__.py", line 570, in format
    record.message = record.getMessage()
  File "/usr/local/lib/python3.6/logging/__init__.py", line 333, in getMessage
    msg = msg % self.args
TypeError: not all arguments converted during string formatting
Call stack:
  File "<string>", line 1, in <module>
  File "<string>", line 8, in <module>
  File "/usr/local/lib/python3.6/site-packages/execnet/gateway_base.py", line 1554, in serve
    SlaveGateway(io=io, id=id, _startcount=2).serve()
  File "/usr/local/lib/python3.6/site-packages/execnet/gateway_base.py", line 1060, in serve
    self._execpool.integrate_as_primary_thread()
  File "/usr/local/lib/python3.6/site-packages/execnet/gateway_base.py", line 267, in integrate_as_primary_thread
    self._perform_spawn(reply)
  File "/usr/local/lib/python3.6/site-packages/execnet/gateway_base.py", line 285, in _perform_spawn
    reply.run()
  File "/usr/local/lib/python3.6/site-packages/execnet/gateway_base.py", line 220, in run
    self._result = func(*args, **kwargs)
  File "/usr/local/lib/python3.6/site-packages/execnet/gateway_base.py", line 1084, in executetask
    do_exec(co, loc)  # noqa
  File "/usr/local/lib/python3.6/site-packages/xdist/remote.py", line 258, in <module>
    config.hook.pytest_cmdline_main(config=config)
  File "/usr/local/lib/python3.6/site-packages/pluggy/hooks.py", line 286, in __call__
    return self._hookexec(self, self.get_hookimpls(), kwargs)
  File "/usr/local/lib/python3.6/site-packages/pluggy/manager.py", line 93, in _hookexec
    return self._inner_hookexec(hook, methods, kwargs)
  File "/usr/local/lib/python3.6/site-packages/pluggy/manager.py", line 87, in <lambda>
    firstresult=hook.spec.opts.get("firstresult") if hook.spec else False,
  File "/usr/local/lib/python3.6/site-packages/pluggy/callers.py", line 187, in _multicall
    res = hook_impl.function(*args)
  File "/usr/local/lib/python3.6/site-packages/_pytest/main.py", line 239, in pytest_cmdline_main
    return wrap_session(config, _main)
  File "/usr/local/lib/python3.6/site-packages/_pytest/main.py", line 196, in wrap_session
    session.exitstatus = doit(config, session) or 0
  File "/usr/local/lib/python3.6/site-packages/_pytest/main.py", line 246, in _main
    config.hook.pytest_runtestloop(session=session)
  File "/usr/local/lib/python3.6/site-packages/pluggy/hooks.py", line 286, in __call__
    return self._hookexec(self, self.get_hookimpls(), kwargs)
  File "/usr/local/lib/python3.6/site-packages/pluggy/manager.py", line 93, in _hookexec
    return self._inner_hookexec(hook, methods, kwargs)
  File "/usr/local/lib/python3.6/site-packages/pluggy/manager.py", line 87, in <lambda>
    firstresult=hook.spec.opts.get("firstresult") if hook.spec else False,
  File "/usr/local/lib/python3.6/site-packages/pluggy/callers.py", line 187, in _multicall
    res = hook_impl.function(*args)
  File "/usr/local/lib/python3.6/site-packages/xdist/remote.py", line 73, in pytest_runtestloop
    self.run_one_test(torun)
  File "/usr/local/lib/python3.6/site-packages/xdist/remote.py", line 87, in run_one_test
    self.config.hook.pytest_runtest_protocol(item=item, nextitem=nextitem)
  File "/usr/local/lib/python3.6/site-packages/pluggy/hooks.py", line 286, in __call__
    return self._hookexec(self, self.get_hookimpls(), kwargs)
  File "/usr/local/lib/python3.6/site-packages/pluggy/manager.py", line 93, in _hookexec
    return self._inner_hookexec(hook, methods, kwargs)
  File "/usr/local/lib/python3.6/site-packages/pluggy/manager.py", line 87, in <lambda>
    firstresult=hook.spec.opts.get("firstresult") if hook.spec else False,
  File "/usr/local/lib/python3.6/site-packages/pluggy/callers.py", line 187, in _multicall
    res = hook_impl.function(*args)
  File "/usr/local/lib/python3.6/site-packages/_pytest/runner.py", line 81, in pytest_runtest_protocol
    runtestprotocol(item, nextitem=nextitem)
  File "/usr/local/lib/python3.6/site-packages/_pytest/runner.py", line 96, in runtestprotocol
    reports.append(call_and_report(item, "call", log))
  File "/usr/local/lib/python3.6/site-packages/_pytest/runner.py", line 182, in call_and_report
    call = call_runtest_hook(item, when, **kwds)
  File "/usr/local/lib/python3.6/site-packages/_pytest/runner.py", line 207, in call_runtest_hook
    lambda: ihook(item=item, **kwds), when=when, reraise=reraise
  File "/usr/local/lib/python3.6/site-packages/_pytest/runner.py", line 234, in from_call
    result = func()
  File "/usr/local/lib/python3.6/site-packages/_pytest/runner.py", line 207, in <lambda>
    lambda: ihook(item=item, **kwds), when=when, reraise=reraise
  File "/usr/local/lib/python3.6/site-packages/pluggy/hooks.py", line 286, in __call__
    return self._hookexec(self, self.get_hookimpls(), kwargs)
  File "/usr/local/lib/python3.6/site-packages/pluggy/manager.py", line 93, in _hookexec
    return self._inner_hookexec(hook, methods, kwargs)
  File "/usr/local/lib/python3.6/site-packages/pluggy/manager.py", line 87, in <lambda>
    firstresult=hook.spec.opts.get("firstresult") if hook.spec else False,
  File "/usr/local/lib/python3.6/site-packages/pluggy/callers.py", line 187, in _multicall
    res = hook_impl.function(*args)
  File "/usr/local/lib/python3.6/site-packages/_pytest/runner.py", line 131, in pytest_runtest_call
    item.runtest()
  File "/usr/local/lib/python3.6/site-packages/_pytest/python.py", line 1435, in runtest
    self.ihook.pytest_pyfunc_call(pyfuncitem=self)
  File "/usr/local/lib/python3.6/site-packages/pluggy/hooks.py", line 286, in __call__
    return self._hookexec(self, self.get_hookimpls(), kwargs)
  File "/usr/local/lib/python3.6/site-packages/pluggy/manager.py", line 93, in _hookexec
    return self._inner_hookexec(hook, methods, kwargs)
  File "/usr/local/lib/python3.6/site-packages/pluggy/manager.py", line 87, in <lambda>
    firstresult=hook.spec.opts.get("firstresult") if hook.spec else False,
  File "/usr/local/lib/python3.6/site-packages/pluggy/callers.py", line 187, in _multicall
    res = hook_impl.function(*args)
  File "/usr/local/lib/python3.6/site-packages/_pytest/python.py", line 166, in pytest_pyfunc_call
    result = testfunction(**testargs)
  File "/workspace/source/testing/scripts/test_rolling_updates.py", line 328, in test_rolling_update9
    r = initial_rest_request("mymodel", namespace)
  File "/workspace/source/testing/scripts/seldon_e2e_utils.py", line 134, in initial_rest_request
    names=names,
  File "/workspace/source/testing/scripts/seldon_e2e_utils.py", line 107, in rest_request
    logging.warning("Bad status:", r.status_code)
  File "/usr/local/lib/python3.6/logging/__init__.py", line 1855, in warning
    root.warning(msg, *args, **kwargs)
  File "/usr/local/lib/python3.6/logging/__init__.py", line 1313, in warning
    self._log(WARNING, msg, args, **kwargs)
  File "/usr/local/lib/python3.6/logging/__init__.py", line 1437, in _log
    self.handle(record)
  File "/usr/local/lib/python3.6/logging/__init__.py", line 1447, in handle
    self.callHandlers(record)
  File "/usr/local/lib/python3.6/logging/__init__.py", line 1509, in callHandlers
    hdlr.handle(record)
  File "/usr/local/lib/python3.6/logging/__init__.py", line 858, in handle
    self.emit(record)
  File "/usr/local/lib/python3.6/site-packages/_pytest/logging.py", line 301, in emit
    logging.StreamHandler.emit(self, record)
Message: 'Bad status:'
Arguments: (404,)
Error from server (NotFound): error when deleting "../resources/graph4svc.json": seldondeployments.machinelearning.seldon.io "mymodel" not found
Error from server (NotFound): error when deleting "../resources/graph6svc.json": seldondeployments.machinelearning.seldon.io "mymodel" not found

[gw1] PASSED test_rolling_updates.py::TestRollingHttp::test_rolling_update8 Error from server (NotFound): error when deleting "../resources/graph5svc.json": seldondeployments.machinelearning.seldon.io "mymodel" not found

[gw0] PASSED test_rolling_updates.py::TestRollingHttp::test_rolling_update10 
[gw2] PASSED test_rolling_updates.py::TestRollingHttp::test_rolling_update9 

=================================== FAILURES ===================================
_____________________ TestRollingHttp.test_rolling_update7 _____________________
[gw0] linux -- Python 3.6.0 /usr/local/bin/python3.6

self = <test_rolling_updates.TestRollingHttp object at 0x7f5134acc2e8>

    def test_rolling_update7(self):
        namespace = "test-rolling-update-7"
        retry_run(f"kubectl create namespace {namespace}")
        retry_run(f"kubectl apply -f ../resources/graph1svc.json -n {namespace}")
        wait_for_rollout("mymodel-mymodel-svc-orch-8e2a24b", namespace)
        wait_for_rollout("mymodel-mymodel-e2eb561", namespace)
        logging.warning("Initial request")
        r = initial_rest_request("mymodel", namespace)
        assert r.status_code == 200
        assert r.json()["data"]["tensor"]["values"] == [1.0, 2.0, 3.0, 4.0]
        retry_run(f"kubectl apply -f ../resources/graph3svc.json -n {namespace}")
        r = initial_rest_request("mymodel", namespace)
        assert r.status_code == 200
        assert r.json()["data"]["tensor"]["values"] == [1.0, 2.0, 3.0, 4.0]
        i = 0
        for i in range(100):
            r = rest_request_ambassador("mymodel", namespace, API_AMBASSADOR)
>           assert r.status_code == 200
E           assert 503 == 200
E             -503
E             +200

test_rolling_updates.py:264: AssertionError
------------------------------ Captured log call -------------------------------
WARNING  root:seldon_e2e_utils.py:61 Successfully ran command: kubectl create namespace test-rolling-update-7
WARNING  root:seldon_e2e_utils.py:61 Successfully ran command: kubectl apply -f ../resources/graph1svc.json -n test-rolling-update-7
WARNING  root:seldon_e2e_utils.py:50 Successfully waited for deployment mymodel-mymodel-svc-orch-8e2a24b
WARNING  root:seldon_e2e_utils.py:50 Successfully waited for deployment mymodel-mymodel-e2eb561
WARNING  root:test_rolling_updates.py:253 Initial request
WARNING  root:seldon_e2e_utils.py:137 Sleeping 1 sec and trying again
WARNING  root:seldon_e2e_utils.py:61 Successfully ran command: kubectl apply -f ../resources/graph3svc.json -n test-rolling-update-7
=================== 1 failed, 18 passed in 580.18s (0:09:40) ===================
Makefile:67: recipe for target 'test' failed
make: *** [test] Error 1
kind delete cluster
Deleting cluster "kind" ...
$KUBECONFIG is still set to use /builder/home/.kube/kind-config-kind even though that file has been deleted, remember to unset it
Stopping Docker: dockerProgram process in pidfile '/var/run/docker-ssd.pid', 1 process(es), refused to die.
[31m
Pipeline failed on stage 'end-to-end' : container 'step-test-end-to-end'. The execution of the pipeline has stopped.[0m
